#
# A fatal error has been detected by the Java Runtime Environment:
#
#  Internal Error (jvmciRuntime.cpp:1609), pid=35, tid=50
#  fatal error: Fatal exception in JVMCI: Error calling jdk.vm.ci.services.Services.serializeSavedProperties
#
# JRE version: OpenJDK Runtime Environment GraalVM CE 22.3.0 (17.0.5+8) (build 17.0.5+8-jvmci-22.3-b08)
# Java VM: OpenJDK 64-Bit Server VM GraalVM CE 22.3.0 (17.0.5+8-jvmci-22.3-b08, mixed mode, sharing, tiered, jvmci, jvmci compiler, compressed oops, compressed class ptrs, parallel gc, linux-amd64)
# Problematic frame:
# V  [libjvm.so+0x972714]  JVMCIRuntime::fatal_exception(JVMCIEnv*, char const*)+0x74
#
# Core dump will be written. Default location: Core dumps may be processed with "/usr/share/apport/apport -p%p -s%s -c%c -d%d -P%P -u%u -g%g -- %E" (or dumping to /home/runner/tictactoe/core.35)
#
# If you would like to submit a bug report, please visit:
#   https://github.com/oracle/graal/issues
#

---------------  S U M M A R Y ------------

Command Line: -XX:ThreadPriorityPolicy=1 -XX:+UnlockExperimentalVMOptions -XX:+EnableJVMCIProduct -XX:JVMCIThreadsPerNativeLibraryRuntime=1 -XX:-UnlockExperimentalVMOptions -Declipse.application=org.eclipse.jdt.ls.core.id1 -Dosgi.bundles.defaultStartLevel=4 -Declipse.product=org.eclipse.jdt.ls.core.product -Dlog.level=ALL -Xverify:none -XX:+UseParallelGC -XX:GCTimeRatio=4 -XX:AdaptiveSizePolicyWeight=90 -Dsun.zip.disableMemoryMapping=true -Xmx512m -Xms100m /nix/store/m6gcpi1ii6rghy04cjwjddcavv7i90df-jdt-language-server-1.9.0/share/java/plugins/org.eclipse.equinox.launcher_1.6.400.v20210924-0641.jar --add-modules=ALL-SYSTEM --add-opens java.base/java.util=ALL-UNNAMED --add-opens java.base/java.lang=ALL-UNNAMED -configuration /home/runner/.cache/jdt-language-server/config -data /home/runner/.cache/jdt-language-server/data/home/runner/tictactoe

Host: AMD EPYC 7B12, 8 cores, 1G, Ubuntu 20.04.2 LTS
Time: Fri Jul  7 17:40:25 2023 UTC elapsed time: 2319.367014 seconds (0d 0h 38m 39s)

---------------  T H R E A D  ---------------

Current thread (0x00007f36840b2200):  JavaThread "JVMCI-native CompilerThread0" daemon [_thread_in_vm, id=50, stack(0x00007f366b2b3000,0x00007f366b4b3000)]


Current CompileTask:
JVMCI-native:2319367 9443       4       java.lang.AbstractStringBuilder::appendChars (207 bytes)

Stack: [0x00007f366b2b3000,0x00007f366b4b3000],  sp=0x00007f366b4b1380,  free space=2040k
Native frames: (J=compiled Java code, j=interpreted, Vv=VM code, C=native code)
V  [libjvm.so+0x972714]  JVMCIRuntime::fatal_exception(JVMCIEnv*, char const*)+0x74
V  [libjvm.so+0x93e2fe]  JVMCIEnv::copy_saved_properties()+0x14e
V  [libjvm.so+0x9732a9]  JVMCIRuntime::initialize(JVMCIEnv*)+0xb19
V  [libjvm.so+0x9738a2]  JVMCIRuntime::get_HotSpotJVMCIRuntime(JVMCIEnv*)+0x12
V  [libjvm.so+0x9749f2]  JVMCIRuntime::compile_method(JVMCIEnv*, JVMCICompiler*, methodHandle const&, int)+0xd2
V  [libjvm.so+0x5b0d20]  CompileBroker::invoke_compiler_on_method(CompileTask*)+0x1470
V  [libjvm.so+0x5b12e8]  CompileBroker::compiler_thread_loop()+0x528
V  [libjvm.so+0xd82460]  JavaThread::thread_main_inner()+0xd0
V  [libjvm.so+0xd85a40]  Thread::call_run()+0xc0
V  [libjvm.so+0xbdb1e1]  thread_native_entry(Thread*)+0xe1

Register to memory mapping:

RAX=0x00007f368af56000 points into unknown readable memory: 0x0000000000000058 | 58 00 00 00 00 00 00 00
RBX=0x00007f368c051398: <offset 0x0000000000ef5398> in /nix/store/gpxl5qgg8kicmcvivwmybwjlpf7wh20l-graalvm17-ce-22.3.0/lib/server/libjvm.so at 0x00007f368b15c000
RCX=0x00007f368c0091e8: <offset 0x0000000000ead1e8> in /nix/store/gpxl5qgg8kicmcvivwmybwjlpf7wh20l-graalvm17-ce-22.3.0/lib/server/libjvm.so at 0x00007f368b15c000
RDX=0x0000000000000649 is an unknown value
RSP=0x00007f366b4b1380 is pointing into the stack for thread: 0x00007f36840b2200
RBP=0x00007f366b4b13a0 is pointing into the stack for thread: 0x00007f36840b2200
RSI=0x00007f368c051c48: <offset 0x0000000000ef5c48> in /nix/store/gpxl5qgg8kicmcvivwmybwjlpf7wh20l-graalvm17-ce-22.3.0/lib/server/libjvm.so at 0x00007f368b15c000
RDI=0x00000000e0000000 is an oop: java.lang.String 
{0x00000000e0000000} - klass: 'java/lang/String'
 - string: "Start Level: "
R8 =0x00007f368c051398: <offset 0x0000000000ef5398> in /nix/store/gpxl5qgg8kicmcvivwmybwjlpf7wh20l-graalvm17-ce-22.3.0/lib/server/libjvm.so at 0x00007f368b15c000
R9 =0x0000000000000003 is an unknown value
R10=0x00007f368c3a2da0: <offset 0x0000000001246da0> in /nix/store/gpxl5qgg8kicmcvivwmybwjlpf7wh20l-graalvm17-ce-22.3.0/lib/server/libjvm.so at 0x00007f368b15c000
R11=0x000000080044f048 is pointing into metadata
R12=0x0 is NULL
R13=0x00007f36840b2200 is a thread
R14=0x00007f3684000b80 points into unknown readable memory: 0x00007f368c282a38 | 38 2a 28 8c 36 7f 00 00
R15=0x00007f368c390e40: <offset 0x0000000001234e40> in /nix/store/gpxl5qgg8kicmcvivwmybwjlpf7wh20l-graalvm17-ce-22.3.0/lib/server/libjvm.so at 0x00007f368b15c000


Registers:
RAX=0x00007f368af56000, RBX=0x00007f368c051398, RCX=0x00007f368c0091e8, RDX=0x0000000000000649
RSP=0x00007f366b4b1380, RBP=0x00007f366b4b13a0, RSI=0x00007f368c051c48, RDI=0x00000000e0000000
R8 =0x00007f368c051398, R9 =0x0000000000000003, R10=0x00007f368c3a2da0, R11=0x000000080044f048
R12=0x0000000000000000, R13=0x00007f36840b2200, R14=0x00007f3684000b80, R15=0x00007f368c390e40
RIP=0x00007f368bace714, EFLAGS=0x0000000000010206, CSGSFS=0x002b000000000033, ERR=0x0000000000000006
  TRAPNO=0x000000000000000e

Top of Stack: (sp=0x00007f366b4b1380)
0x00007f366b4b1380:   00007f366b4b1940 00007f36840b2200
0x00007f366b4b1390:   00007f36898e78c8 0000000800c409d8
0x00007f366b4b13a0:   00007f366b4b1500 00007f368ba9a2fe
0x00007f366b4b13b0:   00007f366b4b13e0 00007f366b4b1440 

Instructions: (pc=0x00007f368bace714)
0x00007f368bace614:   30 e8 f6 cf e8 ff 4c 89 e7 e8 2e 48 d1 ff 84 db
0x00007f368bace624:   75 2a 4d 85 ed 74 04 4d 8b 6d 00 48 83 c4 08 44
0x00007f368bace634:   89 f9 4c 89 f2 4c 89 ee 5b 4c 89 e7 41 5c 41 5d
0x00007f368bace644:   41 5e 41 5f 5d e9 e2 47 d1 ff 66 90 48 83 c4 08
0x00007f368bace654:   5b 41 5c 41 5d 41 5e 41 5f 5d c3 90 31 d2 be 08
0x00007f368bace664:   00 00 00 4c 89 ff e8 b1 78 a3 ff 49 89 c5 e9 37
0x00007f368bace674:   ff ff ff 66 0f 1f 84 00 00 00 00 00 48 8b 7a 08
0x00007f368bace684:   e9 6d ff ff ff 0f 1f 80 00 00 00 00 e8 5b 48 0a
0x00007f368bace694:   00 84 c0 75 89 e9 6a ff ff ff 66 90 55 48 89 e5
0x00007f368bace6a4:   41 56 41 55 41 54 49 89 fc 53 48 89 f3 66 48 8d
0x00007f368bace6b4:   3d 27 5e 85 00 66 66 48 e8 df 43 8d ff 4c 8b 28
0x00007f368bace6c4:   8b 05 be 72 8a 00 85 c0 75 14 ba 01 00 00 00 48
0x00007f368bace6d4:   8d 0d ae 72 8a 00 f0 0f b1 11 85 c0 74 4e be c8
0x00007f368bace6e4:   00 00 00 4c 89 ef e8 01 0b 41 00 48 8d 05 12 ac
0x00007f368bace6f4:   85 00 49 89 d8 48 8d 0d e8 aa 53 00 ba 49 06 00
0x00007f368bace704:   00 48 8d 35 3c 35 58 00 bf 00 00 00 e0 48 8b 00
0x00007f368bace714:   c6 00 58 31 c0 e8 e2 91 c6 ff 5b 41 5c 41 5d 41
0x00007f368bace724:   5e 5d e9 55 34 26 00 0f 1f 44 00 00 48 8d 05 81
0x00007f368bace734:   a3 8b 00 48 89 df 4c 8b 30 e8 9e 43 8d ff 48 89
0x00007f368bace744:   de 48 89 c2 49 8b 06 4c 89 f7 ff 50 08 4c 89 f7
0x00007f368bace754:   e8 a7 5c 27 00 4d 85 e4 74 12 be 01 00 00 00 4c
0x00007f368bace764:   89 e7 e8 35 43 fc ff eb 82 0f 1f 00 be 01 00 00
0x00007f368bace774:   00 4c 89 ef e8 d3 fd ff ff e9 6d ff ff ff 66 66
0x00007f368bace784:   2e 0f 1f 84 00 00 00 00 00 0f 1f 00 55 48 89 e5
0x00007f368bace794:   41 57 41 56 41 55 41 54 53 48 81 ec 08 02 00 00
0x00007f368bace7a4:   64 48 8b 04 25 28 00 00 00 48 89 45 c8 8b 07 83
0x00007f368bace7b4:   f8 02 0f 84 11 04 00 00 4c 8b 6f 18 49 89 ff 49
0x00007f368bace7c4:   89 f4 4d 85 ed 74 14 4c 89 ef e8 5d 57 22 00 41
0x00007f368bace7d4:   8b 07 83 f8 02 0f 84 19 04 00 00 48 8d 1d 9a 06
0x00007f368bace7e4:   8a 00 4c 8d 35 0b 3c 58 00 eb 38 90 48 85 d2 7f
0x00007f368bace7f4:   0d 48 8d 05 b4 c0 85 00 48 83 38 00 7e 0e 41 8b
0x00007f368bace804:   77 2c 4c 89 f7 31 c0 e8 a0 b2 f7 ff 49 8b 7f 18 


Stack slot to memory mapping:
stack at sp + 0 slots: 0x00007f366b4b1940 is pointing into the stack for thread: 0x00007f36840b2200
stack at sp + 1 slots: 0x00007f36840b2200 is a thread
stack at sp + 2 slots: 0x00007f36898e78c8 points into unknown readable memory: 0x65730018e552ffff | ff ff 52 e5 18 00 73 65
stack at sp + 3 slots: 0x0000000800c409d8 is a pointer to class: 
jdk.vm.ci.services.Services {0x0000000800c409d8}
 - instance size:     2
 - klass size:        65
 - access:            public final synchronized 
 - state:             fully_initialized
 - name:              'jdk/vm/ci/services/Services'
 - super:             'java/lang/Object'
 - sub:               
 - arrays:            NULL
 - methods:           Array<T>(0x00007f368883be00)
 - method ordering:   Array<T>(0x0000000800928960)
 - default_methods:   Array<T>(0x0000000000000000)
 - local interfaces:  Array<T>(0x00000008005ce810)
 - trans. interfaces: Array<T>(0x00000008005ce810)
 - constants:         constant pool [427] {0x00007f368883aee0} for 'jdk/vm/ci/services/Services' cache=0x00007f368883d0d0
 - class loader data:  loader data: 0x00007f36840283f0 of 'bootstrap'
 - source file:       'Services.java'
 - class annotations:       Array<T>(0x0000000000000000)
 - class type annotations:  Array<T>(0x0000000000000000)
 - field annotations:       Array<T>(0x0000000000000000)
 - field type annotations:  Array<T>(0x0000000000000000)
 - inner classes:     Array<T>(0x00007f368883d0a0)
 - nest members:     Array<T>(0x00007f368883d0c0)
 - permitted subclasses:     Array<T>(0x00000008005ce7a0)
 - java mirror:       a 'java/lang/Class'{0x00000000e017f348} = 'jdk/vm/ci/services/Services'
 - vtable length      5  (start addr: 0x0000000800c40ba8)
 - itable length      2 (start addr: 0x0000000800c40bd0)
 - ---- static fields (3 words):
 - public static final 'IS_BUILDING_NATIVE_IMAGE' 'Z' @128 
 - public static final 'IS_IN_NATIVE_IMAGE' 'Z' @129 
 - private static volatile 'savedProperties' 'Ljava/util/Map;' @112 
 - static final 'JVMCI_ENABLED' 'Z' @130 
 - private static final 'servicesCache' 'Ljava/util/Map;' @116 
 - private static final 'MAX_UNICODE_IN_UTF8_LENGTH' 'I' @120 
 - private static final 'MAX_UTF8_PROPERTY_STRING_LENGTH' 'I' @124 
 - ---- non-static fields (0 words):
 - non-static oop maps: 
stack at sp + 4 slots: 0x00007f366b4b1500 is pointing into the stack for thread: 0x00007f36840b2200
stack at sp + 5 slots: 0x00007f368ba9a2fe: <offset 0x000000000093e2fe> in /nix/store/gpxl5qgg8kicmcvivwmybwjlpf7wh20l-graalvm17-ce-22.3.0/lib/server/libjvm.so at 0x00007f368b15c000
stack at sp + 6 slots: 0x00007f366b4b13e0 is pointing into the stack for thread: 0x00007f36840b2200
stack at sp + 7 slots: 0x00007f366b4b1440 is pointing into the stack for thread: 0x00007f36840b2200


---------------  P R O C E S S  ---------------

Threads class SMR info:
_java_thread_list=0x00007f35d0000b70, length=26, elements={
0x00007f3684026690, 0x00007f36840a64d0, 0x00007f36840a7910, 0x00007f36840ae070,
0x00007f36840af420, 0x00007f36840b0810, 0x00007f36840b2200, 0x00007f36840b3710,
0x00007f36840b4b60, 0x00007f36840dfdb0, 0x00007f36841279a0, 0x00007f368430bef0,
0x00007f368433fb60, 0x00007f36843419a0, 0x00007f3684396fd0, 0x00007f361c016e00,
0x00007f361c2fa960, 0x00007f36040010d0, 0x00007f361c4d9a50, 0x00007f361c4dd700,
0x00007f3604007260, 0x00007f3684380b60, 0x00007f36844aef90, 0x00007f3604052330,
0x00007f35f81452f0, 0x00007f35f8147520
}

Java Threads: ( => current thread )
  0x00007f3684026690 JavaThread "main" [_thread_blocked, id=42, stack(0x00007f368af77000,0x00007f368b077000)]
  0x00007f36840a64d0 JavaThread "Reference Handler" daemon [_thread_blocked, id=45, stack(0x00007f3688700000,0x00007f3688800000)]
  0x00007f36840a7910 JavaThread "Finalizer" daemon [_thread_blocked, id=46, stack(0x00007f3688600000,0x00007f3688700000)]
  0x00007f36840ae070 JavaThread "Signal Dispatcher" daemon [_thread_blocked, id=47, stack(0x00007f368821a000,0x00007f368831a000)]
  0x00007f36840af420 JavaThread "Service Thread" daemon [_thread_blocked, id=48, stack(0x00007f368811a000,0x00007f368821a000)]
  0x00007f36840b0810 JavaThread "Monitor Deflation Thread" daemon [_thread_blocked, id=49, stack(0x00007f368801a000,0x00007f368811a000)]
=>0x00007f36840b2200 JavaThread "JVMCI-native CompilerThread0" daemon [_thread_in_vm, id=50, stack(0x00007f366b2b3000,0x00007f366b4b3000)]
  0x00007f36840b3710 JavaThread "C1 CompilerThread0" daemon [_thread_blocked, id=51, stack(0x00007f366b0b3000,0x00007f366b2b3000)]
  0x00007f36840b4b60 JavaThread "Sweeper thread" daemon [_thread_blocked, id=52, stack(0x00007f366afb3000,0x00007f366b0b3000)]
  0x00007f36840dfdb0 JavaThread "Common-Cleaner" daemon [_thread_blocked, id=53, stack(0x00007f366aeb3000,0x00007f366afb3000)]
  0x00007f36841279a0 JavaThread "Notification Thread" daemon [_thread_blocked, id=54, stack(0x00007f366adb3000,0x00007f366aeb3000)]
  0x00007f368430bef0 JavaThread "Active Thread: Equinox Container: 0370ce08-1dc7-4a27-bbcb-74b7433ea75e" [_thread_blocked, id=73, stack(0x00007f366abb1000,0x00007f366acb1000)]
  0x00007f368433fb60 JavaThread "Framework Event Dispatcher: Equinox Container: 0370ce08-1dc7-4a27-bbcb-74b7433ea75e" daemon [_thread_blocked, id=74, stack(0x00007f3668700000,0x00007f3668800000)]
  0x00007f36843419a0 JavaThread "Start Level: Equinox Container: 0370ce08-1dc7-4a27-bbcb-74b7433ea75e" daemon [_thread_blocked, id=75, stack(0x00007f3668500000,0x00007f3668600000)]
  0x00007f3684396fd0 JavaThread "Refresh Thread: Equinox Container: 0370ce08-1dc7-4a27-bbcb-74b7433ea75e" daemon [_thread_blocked, id=76, stack(0x00007f3668300000,0x00007f3668400000)]
  0x00007f361c016e00 JavaThread "SCR Component Actor" daemon [_thread_blocked, id=89, stack(0x00007f3668100000,0x00007f3668200000)]
  0x00007f361c2fa960 JavaThread "Worker-JM" [_thread_blocked, id=93, stack(0x00007f3632b00000,0x00007f3632c00000)]
  0x00007f36040010d0 JavaThread "Worker-1: Compacting resource model" [_thread_blocked, id=118, stack(0x00007f3632700000,0x00007f3632800000)]
  0x00007f361c4d9a50 JavaThread "Java indexing" daemon [_thread_blocked, id=121, stack(0x00007f3632500000,0x00007f3632600000)]
  0x00007f361c4dd700 JavaThread "Bundle File Closer" daemon [_thread_blocked, id=132, stack(0x00007f3632300000,0x00007f3632400000)]
  0x00007f3604007260 JavaThread "Worker-2: Java indexing... " [_thread_blocked, id=135, stack(0x00007f3632d00000,0x00007f3632e00000)]
  0x00007f3684380b60 JavaThread "pool-3-thread-1" [_thread_blocked, id=136, stack(0x00007f3632100000,0x00007f3632200000)]
  0x00007f36844aef90 JavaThread "pool-2-thread-1" [_thread_blocked, id=149, stack(0x00007f3631f00000,0x00007f3632000000)]
  0x00007f3604052330 JavaThread "Worker-5: Publish Diagnostics" [_thread_blocked, id=206, stack(0x00007f3631700000,0x00007f3631800000)]
  0x00007f35f81452f0 JavaThread "Thread-6" [_thread_blocked, id=879, stack(0x00007f3631d00000,0x00007f3631e00000)]
  0x00007f35f8147520 JavaThread "Thread-8" [_thread_blocked, id=3975, stack(0x00007f3632900000,0x00007f3632a00000)]

Other Threads:
  0x00007f36840a1c10 VMThread "VM Thread" [stack: 0x00007f3689090000,0x00007f3689190000] [id=44] _threads_hazard_ptr=0x00007f35d0000b70
  0x00007f3684129340 WatcherThread [stack: 0x00007f366acb3000,0x00007f366adb3000] [id=55]
  0x00007f368403df30 GCTaskThread "GC Thread#0" [stack: 0x00007f368ab3a000,0x00007f368ac3a000] [id=43]

Threads with active compile tasks:
JVMCI-native CompilerThread0  2319439 9443       4       java.lang.AbstractStringBuilder::appendChars (207 bytes)

VM state: synchronizing (normal execution)

VM Mutex/Monitor currently owned by a thread:  ([mutex/lock_event])
[0x00007f3684023840] Threads_lock - owner thread: 0x00007f36840a1c10
[0x00007f3684023ff0] Heap_lock - owner thread: 0x00007f35f8147520

OutOfMemory and StackOverflow Exception counts:
OutOfMemoryError java_heap_errors=1
LinkageErrors=64

Heap address: 0x00000000e0000000, size: 512 MB, Compressed Oops mode: 32-bit

CDS archive(s) mapped at: [0x0000000800000000-0x0000000800bc8000-0x0000000800bc8000), size 12353536, SharedBaseAddress: 0x0000000800000000, ArchiveRelocationMode: 0.
Compressed class space mapped at: 0x0000000800c00000-0x0000000840c00000, reserved size: 1073741824
Narrow klass base: 0x0000000800000000, Narrow klass shift: 0, Narrow klass range: 0x100000000

GC Precious Log:
 CPUs: 8 total, 1 available
 Memory: 1024M
 Large Page Support: Disabled
 NUMA Support: Disabled
 Compressed Oops: Enabled (32-bit)
 Alignments: Space 512K, Generation 512K, Heap 2M
 Heap Min Capacity: 100M
 Heap Initial Capacity: 100M
 Heap Max Capacity: 512M
 Pre-touch: Disabled
 Parallel Workers: 1

Heap:
 PSYoungGen      total 52224K, used 37887K [0x00000000f5580000, 0x00000000f9d00000, 0x0000000100000000)
  eden space 37888K, 99% used [0x00000000f5580000,0x00000000f7a7fff8,0x00000000f7a80000)
  from space 14336K, 0% used [0x00000000f7a80000,0x00000000f7a80000,0x00000000f8880000)
  to   space 14336K, 0% used [0x00000000f8f00000,0x00000000f8f00000,0x00000000f9d00000)
 ParOldGen       total 349696K, used 349694K [0x00000000e0000000, 0x00000000f5580000, 0x00000000f5580000)
  object space 349696K, 99% used [0x00000000e0000000,0x00000000f557fad8,0x00000000f5580000)
 Metaspace       used 61130K, committed 62016K, reserved 1105920K
  class space    used 6010K, committed 6400K, reserved 1048576K

Card table byte_map: [0x00007f368ac3a000,0x00007f368ad3b000] _byte_map_base: 0x00007f368a53a000

Marking Bits: (ParMarkBitMap*) 0x00007f368c38a4c0
 Begin Bits: [0x00007f3689a8d000, 0x00007f368a28d000)
 End Bits:   [0x00007f368a28d000, 0x00007f368aa8d000)

Polling page: 0x00007f368af54000

Metaspace:

Usage:
  Non-class:     53.83 MB used.
      Class:      5.87 MB used.
       Both:     59.70 MB used.

Virtual space:
  Non-class space:       56.00 MB reserved,      54.31 MB ( 97%) committed,  7 nodes.
      Class space:        1.00 GB reserved,       6.25 MB ( <1%) committed,  1 nodes.
             Both:        1.05 GB reserved,      60.56 MB (  6%) committed. 

Chunk freelists:
   Non-Class:  1.09 MB
       Class:  1.72 MB
        Both:  2.82 MB

MaxMetaspaceSize: unlimited
CompressedClassSpaceSize: 1.00 GB
Initial GC threshold: 21.00 MB
Current GC threshold: 100.94 MB
CDS: on
MetaspaceReclaimPolicy: balanced
 - commit_granule_bytes: 65536.
 - commit_granule_words: 8192.
 - virtual_space_node_default_size: 1048576.
 - enlarge_chunks_in_place: 1.
 - new_chunks_are_fully_committed: 0.
 - uncommit_free_chunks: 1.
 - use_allocation_guard: 0.
 - handle_deallocations: 1.


Internal statistics:

num_allocs_failed_limit: 6.
num_arena_births: 504.
num_arena_deaths: 154.
num_vsnodes_births: 8.
num_vsnodes_deaths: 0.
num_space_committed: 967.
num_space_uncommitted: 0.
num_chunks_returned_to_freelist: 219.
num_chunks_taken_from_freelist: 2987.
num_chunk_merges: 90.
num_chunk_splits: 1878.
num_chunks_enlarged: 1164.
num_purges: 24.
num_inconsistent_stats: 0.

CodeHeap 'non-profiled nmethods': size=120036Kb used=2732Kb max_used=2732Kb free=117303Kb
 bounds [0x00007f3672f7a000, 0x00007f367322a000, 0x00007f367a4b3000]
CodeHeap 'profiled nmethods': size=120032Kb used=15309Kb max_used=15735Kb free=104722Kb
 bounds [0x00007f366ba42000, 0x00007f366ca22000, 0x00007f3672f7a000]
CodeHeap 'non-nmethods': size=5692Kb used=1433Kb max_used=1438Kb free=4258Kb
 bounds [0x00007f366b4b3000, 0x00007f366b723000, 0x00007f366ba42000]
 total_blobs=8037 nmethods=7258 adapters=633
 compilation: enabled
              stopped_count=0, restarted_count=0
 full_count=0

JVMCI Events (20 events):
Event: 2041.868 Thread 0x00007f36840b2200 detached from JVMCI runtime 0
Event: 2070.958 Thread 0x00007f36840b2200 attached to JVMCI runtime 0
Event: 2070.960 Thread 0x00007f36840b2200 created JavaVM[20]@0x00007f3630d9e340 for JVMCI runtime 0
Event: 2070.960 Thread 0x00007f36840b2200 initializing JVMCI runtime 0
Event: 2070.960 Thread 0x00007f36840b2200 done waiting for JavaVM references initialization in JVMCI runtime 0
Event: 2104.390 Thread 0x00007f36840b2200 initialized JVMCI runtime 0
Event: 2114.591 Thread 0x00007f36840b2200 compacted oop handles in JVMCI runtime 0 from 108 to 99
Event: 2117.589 Thread 0x00007f36840b2200 compacted oop handles in JVMCI runtime 0 from 131 to 128
Event: 2121.660 Thread 0x00007f36840b2200 detaching from JVMCI runtime 0: releasing idle compiler thread (0 other threads still attached)
Event: 2121.660 Thread 0x00007f36840b2200 shutting down HotSpotJVMCIRuntime for JVMCI runtime 0
Event: 2121.660 Thread 0x00007f36840b2200 compacted oop handles in JVMCI runtime 0 from 139 to 41
Event: 2121.661 Thread 0x00007f36840b2200 shut down JVMCI runtime 0
Event: 2121.663 Thread 0x00007f36840b2200 destroyed JavaVM[20]@0x00007f3630d9e340 for JVMCI runtime 0
Event: 2121.663 Thread 0x00007f36840b2200 compacted oop handles in JVMCI runtime 0 from 41 to 41
Event: 2121.663 Thread 0x00007f36840b2200 releasing handles for JVMCI runtime 0: oop handles=41, metadata handles={total=256, live=247, blocks=31}
Event: 2121.663 Thread 0x00007f36840b2200 detached from JVMCI runtime 0
Event: 2271.579 Thread 0x00007f36840b2200 attached to JVMCI runtime 0
Event: 2271.581 Thread 0x00007f36840b2200 created JavaVM[21]@0x00007f3630d9e340 for JVMCI runtime 0
Event: 2272.947 Thread 0x00007f36840b2200 initializing JVMCI runtime 0
Event: 2272.947 Thread 0x00007f36840b2200 done waiting for JavaVM references initialization in JVMCI runtime 0

Compilation events (20 events):
Event: 2163.444 Thread 0x00007f36840b3710 nmethod 9437 0x00007f366c92df90 code [0x00007f366c92e140, 0x00007f366c92e2c0]
Event: 2167.357 Thread 0x00007f36840b3710 9438       3       org.eclipse.jdt.internal.compiler.util.CharDelegateMap::put (44 bytes)
Event: 2167.358 Thread 0x00007f36840b3710 nmethod 9438 0x00007f366c92d090 code [0x00007f366c92d2e0, 0x00007f366c92dc30]
Event: 2198.167 Thread 0x00007f36840b3710 9439       3       org.eclipse.jdt.internal.compiler.lookup.LookupEnvironment::getTypeFromTypeVariable (68 bytes)
Event: 2198.168 Thread 0x00007f36840b3710 nmethod 9439 0x00007f366c92bc90 code [0x00007f366c92bea0, 0x00007f366c92ce00]
Event: 2211.162 Thread 0x00007f36840b3710 9440       3       org.eclipse.jdt.internal.compiler.lookup.ParameterizedTypeBinding::initialize (290 bytes)
Event: 2211.163 Thread 0x00007f36840b3710 nmethod 9440 0x00007f366c92af10 code [0x00007f366c92b0e0, 0x00007f366c92baa0]
Event: 2265.242 Thread 0x00007f36840b3710 9441       3       java.util.concurrent.ScheduledThreadPoolExecutor$ScheduledFutureTask::isPeriodic (15 bytes)
Event: 2265.242 Thread 0x00007f36840b3710 nmethod 9441 0x00007f366c92ab90 code [0x00007f366c92ad20, 0x00007f366c92ae90]
Event: 2271.579 Thread 0x00007f36840b3710 9442       3       org.eclipse.jdt.internal.core.util.Messages::bind (17 bytes)
Event: 2271.579 Thread 0x00007f36840b2200 9443       4       java.lang.AbstractStringBuilder::appendChars (207 bytes)
Event: 2271.579 Thread 0x00007f36840b3710 nmethod 9442 0x00007f366c929f10 code [0x00007f366c92a100, 0x00007f366c92a970]
Event: 2271.579 Thread 0x00007f36840b3710 9444       3       org.eclipse.jdt.internal.core.ClasspathEntry::getExtraAttribute (54 bytes)
Event: 2274.186 Thread 0x00007f36840b3710 nmethod 9444 0x00007f366c929710 code [0x00007f366c9298e0, 0x00007f366c929cc0]
Event: 2274.187 Thread 0x00007f36840b3710 9445       3       org.eclipse.jdt.internal.core.search.indexing.AddJrtToIndex::getJobFamily (22 bytes)
Event: 2274.187 Thread 0x00007f36840b3710 nmethod 9445 0x00007f366c929110 code [0x00007f366c9292e0, 0x00007f366c9295b0]
Event: 2282.243 Thread 0x00007f36840b3710 9447       3       org.eclipse.core.runtime.jobs.Job::setName (6 bytes)
Event: 2282.243 Thread 0x00007f36840b3710 nmethod 9447 0x00007f366c928c10 code [0x00007f366c928dc0, 0x00007f366c928fe0]
Event: 2282.243 Thread 0x00007f36840b3710 9448       3       org.eclipse.core.internal.jobs.InternalJob::setName (10 bytes)
Event: 2282.243 Thread 0x00007f36840b3710 nmethod 9448 0x00007f366c928790 code [0x00007f366c928940, 0x00007f366c928b00]

GC Heap History (20 events):
Event: 2305.839 GC heap before
{Heap before GC invocations=1867 (full 1685):
 PSYoungGen      total 52224K, used 37888K [0x00000000f5580000, 0x00000000f9d00000, 0x0000000100000000)
  eden space 37888K, 100% used [0x00000000f5580000,0x00000000f7a80000,0x00000000f7a80000)
  from space 14336K, 0% used [0x00000000f7a80000,0x00000000f7a80000,0x00000000f8880000)
  to   space 14336K, 0% used [0x00000000f8f00000,0x00000000f8f00000,0x00000000f9d00000)
 ParOldGen       total 349696K, used 349683K [0x00000000e0000000, 0x00000000f5580000, 0x00000000f5580000)
  object space 349696K, 99% used [0x00000000e0000000,0x00000000f557cd58,0x00000000f5580000)
 Metaspace       used 61130K, committed 62016K, reserved 1105920K
  class space    used 6010K, committed 6400K, reserved 1048576K
}
Event: 2307.134 GC heap after
{Heap after GC invocations=1867 (full 1685):
 PSYoungGen      total 52224K, used 37887K [0x00000000f5580000, 0x00000000f9d00000, 0x0000000100000000)
  eden space 37888K, 99% used [0x00000000f5580000,0x00000000f7a7ffc0,0x00000000f7a80000)
  from space 14336K, 0% used [0x00000000f8f00000,0x00000000f8f00000,0x00000000f9d00000)
  to   space 14336K, 0% used [0x00000000f7a80000,0x00000000f7a80000,0x00000000f8880000)
 ParOldGen       total 349696K, used 349683K [0x00000000e0000000, 0x00000000f5580000, 0x00000000f5580000)
  object space 349696K, 99% used [0x00000000e0000000,0x00000000f557cd58,0x00000000f5580000)
 Metaspace       used 61130K, committed 62016K, reserved 1105920K
  class space    used 6010K, committed 6400K, reserved 1048576K
}
Event: 2307.134 GC heap before
{Heap before GC invocations=1868 (full 1686):
 PSYoungGen      total 52224K, used 37887K [0x00000000f5580000, 0x00000000f9d00000, 0x0000000100000000)
  eden space 37888K, 99% used [0x00000000f5580000,0x00000000f7a7fff8,0x00000000f7a80000)
  from space 14336K, 0% used [0x00000000f8f00000,0x00000000f8f00000,0x00000000f9d00000)
  to   space 14336K, 0% used [0x00000000f7a80000,0x00000000f7a80000,0x00000000f8880000)
 ParOldGen       total 349696K, used 349683K [0x00000000e0000000, 0x00000000f5580000, 0x00000000f5580000)
  object space 349696K, 99% used [0x00000000e0000000,0x00000000f557cd58,0x00000000f5580000)
 Metaspace       used 61130K, committed 62016K, reserved 1105920K
  class space    used 6010K, committed 6400K, reserved 1048576K
}
Event: 2308.487 GC heap after
{Heap after GC invocations=1868 (full 1686):
 PSYoungGen      total 52224K, used 37887K [0x00000000f5580000, 0x00000000f9d00000, 0x0000000100000000)
  eden space 37888K, 99% used [0x00000000f5580000,0x00000000f7a7fff8,0x00000000f7a80000)
  from space 14336K, 0% used [0x00000000f7a80000,0x00000000f7a80000,0x00000000f8880000)
  to   space 14336K, 0% used [0x00000000f8f00000,0x00000000f8f00000,0x00000000f9d00000)
 ParOldGen       total 349696K, used 349683K [0x00000000e0000000, 0x00000000f5580000, 0x00000000f5580000)
  object space 349696K, 99% used [0x00000000e0000000,0x00000000f557cd38,0x00000000f5580000)
 Metaspace       used 61130K, committed 62016K, reserved 1105920K
  class space    used 6010K, committed 6400K, reserved 1048576K
}
Event: 2308.488 GC heap before
{Heap before GC invocations=1869 (full 1687):
 PSYoungGen      total 52224K, used 37887K [0x00000000f5580000, 0x00000000f9d00000, 0x0000000100000000)
  eden space 37888K, 99% used [0x00000000f5580000,0x00000000f7a7fff8,0x00000000f7a80000)
  from space 14336K, 0% used [0x00000000f7a80000,0x00000000f7a80000,0x00000000f8880000)
  to   space 14336K, 0% used [0x00000000f8f00000,0x00000000f8f00000,0x00000000f9d00000)
 ParOldGen       total 349696K, used 349686K [0x00000000e0000000, 0x00000000f5580000, 0x00000000f5580000)
  object space 349696K, 99% used [0x00000000e0000000,0x00000000f557da20,0x00000000f5580000)
 Metaspace       used 61130K, committed 62016K, reserved 1105920K
  class space    used 6010K, committed 6400K, reserved 1048576K
}
Event: 2309.797 GC heap after
{Heap after GC invocations=1869 (full 1687):
 PSYoungGen      total 52224K, used 37887K [0x00000000f5580000, 0x00000000f9d00000, 0x0000000100000000)
  eden space 37888K, 99% used [0x00000000f5580000,0x00000000f7a7ffa0,0x00000000f7a80000)
  from space 14336K, 0% used [0x00000000f8f00000,0x00000000f8f00000,0x00000000f9d00000)
  to   space 14336K, 0% used [0x00000000f7a80000,0x00000000f7a80000,0x00000000f8880000)
 ParOldGen       total 349696K, used 349684K [0x00000000e0000000, 0x00000000f5580000, 0x00000000f5580000)
  object space 349696K, 99% used [0x00000000e0000000,0x00000000f557d180,0x00000000f5580000)
 Metaspace       used 61130K, committed 62016K, reserved 1105920K
  class space    used 6010K, committed 6400K, reserved 1048576K
}
Event: 2309.797 GC heap before
{Heap before GC invocations=1870 (full 1688):
 PSYoungGen      total 52224K, used 37887K [0x00000000f5580000, 0x00000000f9d00000, 0x0000000100000000)
  eden space 37888K, 99% used [0x00000000f5580000,0x00000000f7a7fff8,0x00000000f7a80000)
  from space 14336K, 0% used [0x00000000f8f00000,0x00000000f8f00000,0x00000000f9d00000)
  to   space 14336K, 0% used [0x00000000f7a80000,0x00000000f7a80000,0x00000000f8880000)
 ParOldGen       total 349696K, used 349684K [0x00000000e0000000, 0x00000000f5580000, 0x00000000f5580000)
  object space 349696K, 99% used [0x00000000e0000000,0x00000000f557d180,0x00000000f5580000)
 Metaspace       used 61130K, committed 62016K, reserved 1105920K
  class space    used 6010K, committed 6400K, reserved 1048576K
}
Event: 2311.290 GC heap after
{Heap after GC invocations=1870 (full 1688):
 PSYoungGen      total 52224K, used 37887K [0x00000000f5580000, 0x00000000f9d00000, 0x0000000100000000)
  eden space 37888K, 99% used [0x00000000f5580000,0x00000000f7a7fff8,0x00000000f7a80000)
  from space 14336K, 0% used [0x00000000f7a80000,0x00000000f7a80000,0x00000000f8880000)
  to   space 14336K, 0% used [0x00000000f8f00000,0x00000000f8f00000,0x00000000f9d00000)
 ParOldGen       total 349696K, used 349684K [0x00000000e0000000, 0x00000000f5580000, 0x00000000f5580000)
  object space 349696K, 99% used [0x00000000e0000000,0x00000000f557d180,0x00000000f5580000)
 Metaspace       used 61130K, committed 62016K, reserved 1105920K
  class space    used 6010K, committed 6400K, reserved 1048576K
}
Event: 2311.299 GC heap before
{Heap before GC invocations=1871 (full 1689):
 PSYoungGen      total 52224K, used 37887K [0x00000000f5580000, 0x00000000f9d00000, 0x0000000100000000)
  eden space 37888K, 99% used [0x00000000f5580000,0x00000000f7a7fff8,0x00000000f7a80000)
  from space 14336K, 0% used [0x00000000f7a80000,0x00000000f7a80000,0x00000000f8880000)
  to   space 14336K, 0% used [0x00000000f8f00000,0x00000000f8f00000,0x00000000f9d00000)
 ParOldGen       total 349696K, used 349687K [0x00000000e0000000, 0x00000000f5580000, 0x00000000f5580000)
  object space 349696K, 99% used [0x00000000e0000000,0x00000000f557dda8,0x00000000f5580000)
 Metaspace       used 61130K, committed 62016K, reserved 1105920K
  class space    used 6010K, committed 6400K, reserved 1048576K
}
Event: 2312.538 GC heap after
{Heap after GC invocations=1871 (full 1689):
 PSYoungGen      total 52224K, used 37887K [0x00000000f5580000, 0x00000000f9d00000, 0x0000000100000000)
  eden space 37888K, 99% used [0x00000000f5580000,0x00000000f7a7ffe0,0x00000000f7a80000)
  from space 14336K, 0% used [0x00000000f8f00000,0x00000000f8f00000,0x00000000f9d00000)
  to   space 14336K, 0% used [0x00000000f7a80000,0x00000000f7a80000,0x00000000f8880000)
 ParOldGen       total 349696K, used 349685K [0x00000000e0000000, 0x00000000f5580000, 0x00000000f5580000)
  object space 349696K, 99% used [0x00000000e0000000,0x00000000f557d528,0x00000000f5580000)
 Metaspace       used 61130K, committed 62016K, reserved 1105920K
  class space    used 6010K, committed 6400K, reserved 1048576K
}
Event: 2312.538 GC heap before
{Heap before GC invocations=1872 (full 1690):
 PSYoungGen      total 52224K, used 37888K [0x00000000f5580000, 0x00000000f9d00000, 0x0000000100000000)
  eden space 37888K, 100% used [0x00000000f5580000,0x00000000f7a80000,0x00000000f7a80000)
  from space 14336K, 0% used [0x00000000f8f00000,0x00000000f8f00000,0x00000000f9d00000)
  to   space 14336K, 0% used [0x00000000f7a80000,0x00000000f7a80000,0x00000000f8880000)
 ParOldGen       total 349696K, used 349687K [0x00000000e0000000, 0x00000000f5580000, 0x00000000f5580000)
  object space 349696K, 99% used [0x00000000e0000000,0x00000000f557df58,0x00000000f5580000)
 Metaspace       used 61130K, committed 62016K, reserved 1105920K
  class space    used 6010K, committed 6400K, reserved 1048576K
}
Event: 2313.863 GC heap after
{Heap after GC invocations=1872 (full 1690):
 PSYoungGen      total 52224K, used 37888K [0x00000000f5580000, 0x00000000f9d00000, 0x0000000100000000)
  eden space 37888K, 100% used [0x00000000f5580000,0x00000000f7a80000,0x00000000f7a80000)
  from space 14336K, 0% used [0x00000000f7a80000,0x00000000f7a80000,0x00000000f8880000)
  to   space 14336K, 0% used [0x00000000f8f00000,0x00000000f8f00000,0x00000000f9d00000)
 ParOldGen       total 349696K, used 349687K [0x00000000e0000000, 0x00000000f5580000, 0x00000000f5580000)
  object space 349696K, 99% used [0x00000000e0000000,0x00000000f557df38,0x00000000f5580000)
 Metaspace       used 61130K, committed 62016K, reserved 1105920K
  class space    used 6010K, committed 6400K, reserved 1048576K
}
Event: 2313.864 GC heap before
{Heap before GC invocations=1873 (full 1691):
 PSYoungGen      total 52224K, used 37888K [0x00000000f5580000, 0x00000000f9d00000, 0x0000000100000000)
  eden space 37888K, 100% used [0x00000000f5580000,0x00000000f7a80000,0x00000000f7a80000)
  from space 14336K, 0% used [0x00000000f7a80000,0x00000000f7a80000,0x00000000f8880000)
  to   space 14336K, 0% used [0x00000000f8f00000,0x00000000f8f00000,0x00000000f9d00000)
 ParOldGen       total 349696K, used 349693K [0x00000000e0000000, 0x00000000f5580000, 0x00000000f5580000)
  object space 349696K, 99% used [0x00000000e0000000,0x00000000f557f5f8,0x00000000f5580000)
 Metaspace       used 61130K, committed 62016K, reserved 1105920K
  class space    used 6010K, committed 6400K, reserved 1048576K
}
Event: 2315.177 GC heap after
{Heap after GC invocations=1873 (full 1691):
 PSYoungGen      total 52224K, used 37887K [0x00000000f5580000, 0x00000000f9d00000, 0x0000000100000000)
  eden space 37888K, 99% used [0x00000000f5580000,0x00000000f7a7ffb0,0x00000000f7a80000)
  from space 14336K, 0% used [0x00000000f8f00000,0x00000000f8f00000,0x00000000f9d00000)
  to   space 14336K, 0% used [0x00000000f7a80000,0x00000000f7a80000,0x00000000f8880000)
 ParOldGen       total 349696K, used 349693K [0x00000000e0000000, 0x00000000f5580000, 0x00000000f5580000)
  object space 349696K, 99% used [0x00000000e0000000,0x00000000f557f528,0x00000000f5580000)
 Metaspace       used 61130K, committed 62016K, reserved 1105920K
  class space    used 6010K, committed 6400K, reserved 1048576K
}
Event: 2315.177 GC heap before
{Heap before GC invocations=1874 (full 1692):
 PSYoungGen      total 52224K, used 37887K [0x00000000f5580000, 0x00000000f9d00000, 0x0000000100000000)
  eden space 37888K, 99% used [0x00000000f5580000,0x00000000f7a7fff8,0x00000000f7a80000)
  from space 14336K, 0% used [0x00000000f8f00000,0x00000000f8f00000,0x00000000f9d00000)
  to   space 14336K, 0% used [0x00000000f7a80000,0x00000000f7a80000,0x00000000f8880000)
 ParOldGen       total 349696K, used 349693K [0x00000000e0000000, 0x00000000f5580000, 0x00000000f5580000)
  object space 349696K, 99% used [0x00000000e0000000,0x00000000f557f528,0x00000000f5580000)
 Metaspace       used 61130K, committed 62016K, reserved 1105920K
  class space    used 6010K, committed 6400K, reserved 1048576K
}
Event: 2316.474 GC heap after
{Heap after GC invocations=1874 (full 1692):
 PSYoungGen      total 52224K, used 37887K [0x00000000f5580000, 0x00000000f9d00000, 0x0000000100000000)
  eden space 37888K, 99% used [0x00000000f5580000,0x00000000f7a7fff8,0x00000000f7a80000)
  from space 14336K, 0% used [0x00000000f7a80000,0x00000000f7a80000,0x00000000f8880000)
  to   space 14336K, 0% used [0x00000000f8f00000,0x00000000f8f00000,0x00000000f9d00000)
 ParOldGen       total 349696K, used 349693K [0x00000000e0000000, 0x00000000f5580000, 0x00000000f5580000)
  object space 349696K, 99% used [0x00000000e0000000,0x00000000f557f528,0x00000000f5580000)
 Metaspace       used 61130K, committed 62016K, reserved 1105920K
  class space    used 6010K, committed 6400K, reserved 1048576K
}
Event: 2316.474 GC heap before
{Heap before GC invocations=1875 (full 1693):
 PSYoungGen      total 52224K, used 37887K [0x00000000f5580000, 0x00000000f9d00000, 0x0000000100000000)
  eden space 37888K, 99% used [0x00000000f5580000,0x00000000f7a7fff8,0x00000000f7a80000)
  from space 14336K, 0% used [0x00000000f7a80000,0x00000000f7a80000,0x00000000f8880000)
  to   space 14336K, 0% used [0x00000000f8f00000,0x00000000f8f00000,0x00000000f9d00000)
 ParOldGen       total 349696K, used 349693K [0x00000000e0000000, 0x00000000f5580000, 0x00000000f5580000)
  object space 349696K, 99% used [0x00000000e0000000,0x00000000f557f678,0x00000000f5580000)
 Metaspace       used 61130K, committed 62016K, reserved 1105920K
  class space    used 6010K, committed 6400K, reserved 1048576K
}
Event: 2317.937 GC heap after
{Heap after GC invocations=1875 (full 1693):
 PSYoungGen      total 52224K, used 37887K [0x00000000f5580000, 0x00000000f9d00000, 0x0000000100000000)
  eden space 37888K, 99% used [0x00000000f5580000,0x00000000f7a7fff8,0x00000000f7a80000)
  from space 14336K, 0% used [0x00000000f8f00000,0x00000000f8f00000,0x00000000f9d00000)
  to   space 14336K, 0% used [0x00000000f7a80000,0x00000000f7a80000,0x00000000f8880000)
 ParOldGen       total 349696K, used 349693K [0x00000000e0000000, 0x00000000f5580000, 0x00000000f5580000)
  object space 349696K, 99% used [0x00000000e0000000,0x00000000f557f540,0x00000000f5580000)
 Metaspace       used 61130K, committed 62016K, reserved 1105920K
  class space    used 6010K, committed 6400K, reserved 1048576K
}
Event: 2317.937 GC heap before
{Heap before GC invocations=1876 (full 1694):
 PSYoungGen      total 52224K, used 37887K [0x00000000f5580000, 0x00000000f9d00000, 0x0000000100000000)
  eden space 37888K, 99% used [0x00000000f5580000,0x00000000f7a7fff8,0x00000000f7a80000)
  from space 14336K, 0% used [0x00000000f8f00000,0x00000000f8f00000,0x00000000f9d00000)
  to   space 14336K, 0% used [0x00000000f7a80000,0x00000000f7a80000,0x00000000f8880000)
 ParOldGen       total 349696K, used 349693K [0x00000000e0000000, 0x00000000f5580000, 0x00000000f5580000)
  object space 349696K, 99% used [0x00000000e0000000,0x00000000f557f540,0x00000000f5580000)
 Metaspace       used 61130K, committed 62016K, reserved 1105920K
  class space    used 6010K, committed 6400K, reserved 1048576K
}
Event: 2319.338 GC heap after
{Heap after GC invocations=1876 (full 1694):
 PSYoungGen      total 52224K, used 37887K [0x00000000f5580000, 0x00000000f9d00000, 0x0000000100000000)
  eden space 37888K, 99% used [0x00000000f5580000,0x00000000f7a7fff8,0x00000000f7a80000)
  from space 14336K, 0% used [0x00000000f7a80000,0x00000000f7a80000,0x00000000f8880000)
  to   space 14336K, 0% used [0x00000000f8f00000,0x00000000f8f00000,0x00000000f9d00000)
 ParOldGen       total 349696K, used 349693K [0x00000000e0000000, 0x00000000f5580000, 0x00000000f5580000)
  object space 349696K, 99% used [0x00000000e0000000,0x00000000f557f540,0x00000000f5580000)
 Metaspace       used 61130K, committed 62016K, reserved 1105920K
  class space    used 6010K, committed 6400K, reserved 1048576K
}

Dll operation events (9 events):
Event: 0.002 Loaded shared library /nix/store/gpxl5qgg8kicmcvivwmybwjlpf7wh20l-graalvm17-ce-22.3.0/lib/libjava.so
Event: 0.031 Loaded shared library /nix/store/gpxl5qgg8kicmcvivwmybwjlpf7wh20l-graalvm17-ce-22.3.0/lib/libjsvml.so
Event: 0.163 Loaded shared library /nix/store/gpxl5qgg8kicmcvivwmybwjlpf7wh20l-graalvm17-ce-22.3.0/lib/libjvmcicompiler.so
Event: 0.170 Loaded shared library /nix/store/gpxl5qgg8kicmcvivwmybwjlpf7wh20l-graalvm17-ce-22.3.0/lib/libnio.so
Event: 0.232 Loaded shared library /nix/store/gpxl5qgg8kicmcvivwmybwjlpf7wh20l-graalvm17-ce-22.3.0/lib/libzip.so
Event: 0.558 Loaded shared library /nix/store/gpxl5qgg8kicmcvivwmybwjlpf7wh20l-graalvm17-ce-22.3.0/lib/libjimage.so
Event: 1.133 Loaded shared library /nix/store/gpxl5qgg8kicmcvivwmybwjlpf7wh20l-graalvm17-ce-22.3.0/lib/libnet.so
Event: 3.933 Loaded shared library /home/runner/.cache/jdt-language-server/config/org.eclipse.equinox.launcher/org.eclipse.equinox.launcher.gtk.linux.x86_64_1.2.400.v20211117-0650/eclipse_11600.so
Event: 16.633 Loaded shared library /nix/store/gpxl5qgg8kicmcvivwmybwjlpf7wh20l-graalvm17-ce-22.3.0/lib/libextnet.so

Deoptimization events (20 events):
Event: 63.539 Thread 0x00007f361c4d9a50 DEOPT PACKING pc=0x00007f366c4e805d sp=0x00007f36325fe530
Event: 63.539 Thread 0x00007f361c4d9a50 DEOPT UNPACKING pc=0x00007f366b505325 sp=0x00007f36325fda20 mode 0
Event: 63.540 Thread 0x00007f361c4d9a50 DEOPT PACKING pc=0x00007f366c4e805d sp=0x00007f36325fe530
Event: 63.540 Thread 0x00007f361c4d9a50 DEOPT UNPACKING pc=0x00007f366b505325 sp=0x00007f36325fda20 mode 0
Event: 175.844 Thread 0x00007f36040010d0 DEOPT PACKING pc=0x00007f366bc73ff3 sp=0x00007f36327fdc40
Event: 175.844 Thread 0x00007f36040010d0 DEOPT UNPACKING pc=0x00007f366b505325 sp=0x00007f36327fd110 mode 0
Event: 284.388 Thread 0x00007f35f81452f0 Uncommon trap: trap_request=0xffffffed fr.pc=0x00007f36731efc46 relative=0x00000000000008c6
Event: 284.388 Thread 0x00007f35f81452f0 Uncommon trap: reason=null_assert_or_unreached0 action=reinterpret pc=0x00007f36731efc46 method=org.eclipse.jdt.core.Signature.toCharArray([C)[C @ 0 jvmci
Event: 284.388 Thread 0x00007f35f81452f0 DEOPT PACKING pc=0x00007f36731efc46 sp=0x00007f3631dfe230
Event: 284.388 Thread 0x00007f35f81452f0 DEOPT UNPACKING pc=0x00007f366b505325 sp=0x00007f3631dfd6d0 mode 3
Event: 284.388 Thread 0x00007f35f81452f0 Uncommon trap: trap_request=0xffffffed fr.pc=0x00007f36731eed23 relative=0x00000000000000e3
Event: 284.388 Thread 0x00007f35f81452f0 Uncommon trap: reason=null_assert_or_unreached0 action=reinterpret pc=0x00007f36731eed23 method=org.eclipse.jdt.core.Signature.appendTypeSignature([CIZLjava/lang/StringBuffer;)I @ 0 jvmci
Event: 284.388 Thread 0x00007f35f81452f0 DEOPT PACKING pc=0x00007f36731eed23 sp=0x00007f3631dfe190
Event: 284.388 Thread 0x00007f35f81452f0 DEOPT UNPACKING pc=0x00007f366b505325 sp=0x00007f3631dfd648 mode 3
Event: 284.388 Thread 0x00007f35f81452f0 Uncommon trap: trap_request=0xffffffed fr.pc=0x00007f36731ee64c relative=0x000000000000010c
Event: 284.388 Thread 0x00007f35f81452f0 Uncommon trap: reason=null_assert_or_unreached0 action=reinterpret pc=0x00007f36731ee64c method=org.eclipse.jdt.core.Signature.appendTypeSignature([CIZLjava/lang/StringBuffer;Z)I @ 0 jvmci
Event: 284.388 Thread 0x00007f35f81452f0 DEOPT PACKING pc=0x00007f36731ee64c sp=0x00007f3631dfe100
Event: 284.388 Thread 0x00007f35f81452f0 DEOPT UNPACKING pc=0x00007f366b505325 sp=0x00007f3631dfd5a8 mode 3
Event: 887.449 Thread 0x00007f3604052330 DEOPT PACKING pc=0x00007f366c8b2ae7 sp=0x00007f36317fd620
Event: 887.449 Thread 0x00007f3604052330 DEOPT UNPACKING pc=0x00007f366b505325 sp=0x00007f36317fcac8 mode 0

Classes unloaded (20 events):
Event: 175.331 Thread 0x00007f36840a1c10 Unloading class 0x0000000801119400 'jdk/internal/reflect/GeneratedSerializationConstructorAccessor15'
Event: 175.331 Thread 0x00007f36840a1c10 Unloading class 0x0000000801118800 'jdk/internal/reflect/GeneratedConstructorAccessor38'
Event: 175.331 Thread 0x00007f36840a1c10 Unloading class 0x0000000801118400 'jdk/internal/reflect/GeneratedSerializationConstructorAccessor14'
Event: 175.331 Thread 0x00007f36840a1c10 Unloading class 0x0000000801118000 'jdk/internal/reflect/GeneratedSerializationConstructorAccessor13'
Event: 175.331 Thread 0x00007f36840a1c10 Unloading class 0x0000000801115c00 'jdk/internal/reflect/GeneratedSerializationConstructorAccessor12'
Event: 175.331 Thread 0x00007f36840a1c10 Unloading class 0x0000000801115800 'jdk/internal/reflect/GeneratedMethodAccessor12'
Event: 175.331 Thread 0x00007f36840a1c10 Unloading class 0x0000000801115000 'jdk/internal/reflect/GeneratedSerializationConstructorAccessor11'
Event: 175.331 Thread 0x00007f36840a1c10 Unloading class 0x0000000801114c00 'jdk/internal/reflect/GeneratedSerializationConstructorAccessor10'
Event: 175.331 Thread 0x00007f36840a1c10 Unloading class 0x0000000801114800 'jdk/internal/reflect/GeneratedSerializationConstructorAccessor9'
Event: 175.331 Thread 0x00007f36840a1c10 Unloading class 0x0000000801114400 'jdk/internal/reflect/GeneratedSerializationConstructorAccessor8'
Event: 175.331 Thread 0x00007f36840a1c10 Unloading class 0x0000000801080400 'jdk/internal/reflect/GeneratedSerializationConstructorAccessor2'
Event: 175.331 Thread 0x00007f36840a1c10 Unloading class 0x0000000801080000 'jdk/internal/reflect/GeneratedSerializationConstructorAccessor1'
Event: 178.176 Thread 0x00007f36840a1c10 Unloading class 0x00000008010d8c00 'jdk/internal/reflect/GeneratedMethodAccessor10'
Event: 178.176 Thread 0x00007f36840a1c10 Unloading class 0x00000008010d8800 'jdk/internal/reflect/GeneratedMethodAccessor9'
Event: 178.176 Thread 0x00007f36840a1c10 Unloading class 0x00000008010d8400 'jdk/internal/reflect/GeneratedMethodAccessor8'
Event: 178.176 Thread 0x00007f36840a1c10 Unloading class 0x00000008010d8000 'jdk/internal/reflect/GeneratedMethodAccessor7'
Event: 185.238 Thread 0x00007f36840a1c10 Unloading class 0x0000000801115400 'jdk/internal/reflect/GeneratedMethodAccessor11'
Event: 186.695 Thread 0x00007f36840a1c10 Unloading class 0x0000000801248400 'jdk/internal/reflect/GeneratedConstructorAccessor41'
Event: 187.937 Thread 0x00007f36840a1c10 Unloading class 0x0000000801248000 'jdk/internal/reflect/GeneratedConstructorAccessor40'
Event: 311.900 Thread 0x00007f36840a1c10 Unloading class 0x0000000801114000 'jdk/internal/reflect/GeneratedConstructorAccessor37'

Classes redefined (0 events):
No events

Internal exceptions (20 events):
Event: 39.032 Thread 0x00007f36844aef90 Exception <a 'java/lang/NoSuchMethodError'{0x00000000f5bc1380}: 'java.lang.Object java.lang.invoke.DirectMethodHandle$Holder.invokeInterface(java.lang.Object, java.lang.Object, java.lang.Object)'> (0x00000000f5bc1380) 
thrown [src/hotspot/share/interpreter/linkResolver.cpp, line 758]
Event: 39.139 Thread 0x00007f35ec000ff0 Exception <a 'java/lang/NoSuchMethodError'{0x00000000f5588908}: static [Lorg/eclipse/core/runtime/IPath;.<clinit>()V> (0x00000000f5588908) 
thrown [src/hotspot/share/prims/jni.cpp, line 1107]
Event: 39.149 Thread 0x00007f35ec000ff0 Exception <a 'java/lang/NoSuchMethodError'{0x00000000f57218e0}: static [J.<clinit>()V> (0x00000000f57218e0) 
thrown [src/hotspot/share/prims/jni.cpp, line 1107]
Event: 41.545 Thread 0x00007f361c35cc80 Exception <a 'java/io/FileNotFoundException'{0x00000000f5ccba58}> (0x00000000f5ccba58) 
thrown [src/hotspot/share/prims/jni.cpp, line 516]
Event: 41.554 Thread 0x00007f361c35cc80 Exception <a 'java/lang/NoSuchMethodError'{0x00000000f5dac1c8}: 'java.lang.Object java.lang.invoke.DirectMethodHandle$Holder.newInvokeSpecial(java.lang.Object, java.lang.Object, int, java.lang.Object, java.lang.Object)'> (0x00000000f5dac1c8) 
thrown [src/hotspot/share/interpreter/linkResolver.cpp, line 758]
Event: 41.554 Thread 0x00007f361c35cc80 Exception <a 'java/lang/NoSuchMethodError'{0x00000000f5db05f8}: 'java.lang.Object java.lang.invoke.DirectMethodHandle$Holder.invokeSpecial(java.lang.Object, java.lang.Object, java.lang.Object, int, java.lang.Object, java.lang.Object)'> (0x00000000f5db05f8) 
thrown [src/hotspot/share/interpreter/linkResolver.cpp, line 758]
Event: 41.743 Thread 0x00007f361c35cc80 Implicit null exception at 0x00007f3673150f30 to 0x00007f3673151186
Event: 42.653 Thread 0x00007f361c35cc80 Exception <a 'java/lang/NoSuchMethodError'{0x00000000f558b7f8}: 'java.lang.Object java.lang.invoke.DirectMethodHandle$Holder.newInvokeSpecial(java.lang.Object, java.lang.Object, java.lang.Object, int, java.lang.Object)'> (0x00000000f558b7f8) 
thrown [src/hotspot/share/interpreter/linkResolver.cpp, line 758]
Event: 42.656 Thread 0x00007f361c35cc80 Exception <a 'java/lang/NoSuchMethodError'{0x00000000f558fbf8}: 'java.lang.Object java.lang.invoke.DirectMethodHandle$Holder.invokeSpecial(java.lang.Object, java.lang.Object, java.lang.Object, java.lang.Object, int, java.lang.Object)'> (0x00000000f558fbf8) 
thrown [src/hotspot/share/interpreter/linkResolver.cpp, line 758]
Event: 42.656 Thread 0x00007f361c35cc80 Exception <a 'java/lang/NoSuchMethodError'{0x00000000f5593938}: 'java.lang.Object java.lang.invoke.Invokers$Holder.linkToTargetMethod(java.lang.Object, java.lang.Object, int, java.lang.Object, java.lang.Object)'> (0x00000000f5593938) 
thrown [src/hotspot/share/interpreter/linkResolver.cpp, line 758]
Event: 43.983 Thread 0x00007f361c35cc80 Implicit null exception at 0x00007f3673176f22 to 0x00007f36731772b2
Event: 44.437 Thread 0x00007f361c35cc80 Implicit null exception at 0x00007f36730c60e9 to 0x00007f36730c629b
Event: 47.349 Thread 0x00007f361c4d9a50 Implicit null exception at 0x00007f3673189d12 to 0x00007f367318de6c
Event: 48.943 Thread 0x00007f35f8144730 Exception <a 'java/lang/NoSuchMethodError'{0x00000000f5675de8}: 'java.lang.Object java.lang.invoke.DirectMethodHandle$Holder.invokeStatic(java.lang.Object, int, java.lang.Object, java.lang.Object, java.lang.Object, java.lang.Object)'> (0x00000000f5675de8) 
thrown [src/hotspot/share/interpreter/linkResolver.cpp, line 758]
Event: 48.950 Thread 0x00007f35f8144730 Exception <a 'java/lang/NoSuchMethodError'{0x00000000f585fb00}: 'java.lang.Object java.lang.invoke.DirectMethodHandle$Holder.newInvokeSpecial(java.lang.Object, int, java.lang.Object, java.lang.Object, java.lang.Object)'> (0x00000000f585fb00) 
thrown [src/hotspot/share/interpreter/linkResolver.cpp, line 758]
Event: 49.150 Thread 0x00007f35f81452f0 Exception <a 'java/lang/NoSuchMethodError'{0x00000000f55a2c80}: 'java.lang.Object java.lang.invoke.DirectMethodHandle$Holder.newInvokeSpecial(java.lang.Object, java.lang.Object, int, java.lang.Object, java.lang.Object, java.lang.Object, java.lang.Object)'> (0x00000000f55a2c80) 
thrown [src/hotspot/share/interpreter/linkResolver.cpp, line 758]
Event: 49.342 Thread 0x00007f35f81452f0 Exception <a 'java/lang/NoSuchMethodError'{0x00000000f55ef8f8}: 'void java.lang.invoke.DirectMethodHandle$Holder.invokeSpecial(java.lang.Object, java.lang.Object, int)'> (0x00000000f55ef8f8) 
thrown [src/hotspot/share/interpreter/linkResolver.cpp, line 758]
Event: 49.342 Thread 0x00007f35f81462c0 Exception <a 'java/lang/NoSuchMethodError'{0x00000000f560dbc8}: 'void java.lang.invoke.DirectMethodHandle$Holder.invokeSpecial(java.lang.Object, java.lang.Object, int)'> (0x00000000f560dbc8) 
thrown [src/hotspot/share/interpreter/linkResolver.cpp, line 758]
Event: 50.058 Thread 0x00007f35f8144730 Exception <a 'java/lang/NoSuchMethodError'{0x00000000f57b7a50}: 'int java.lang.invoke.DirectMethodHandle$Holder.invokeSpecialIFC(java.lang.Object, java.lang.Object, java.lang.Object, java.lang.Object)'> (0x00000000f57b7a50) 
thrown [src/hotspot/share/interpreter/linkResolver.cpp, line 758]
Event: 2319.338 Thread 0x00007f36840b2200 Exception <a 'java/lang/OutOfMemoryError'{0x00000000e000fd60}> (0x00000000e000fd60) 
thrown [src/hotspot/share/gc/shared/memAllocator.cpp, line 136]

VM Operations (20 events):
Event: 2305.839 Executing VM operation: ParallelGCFailedAllocation done
Event: 2305.839 Executing VM operation: ParallelGCFailedAllocation
Event: 2307.134 Executing VM operation: ParallelGCFailedAllocation done
Event: 2307.134 Executing VM operation: ParallelGCFailedAllocation
Event: 2308.487 Executing VM operation: ParallelGCFailedAllocation done
Event: 2308.488 Executing VM operation: ParallelGCFailedAllocation
Event: 2309.797 Executing VM operation: ParallelGCFailedAllocation done
Event: 2309.797 Executing VM operation: ParallelGCFailedAllocation
Event: 2311.290 Executing VM operation: ParallelGCFailedAllocation done
Event: 2311.290 Executing VM operation: ParallelGCFailedAllocation
Event: 2312.538 Executing VM operation: ParallelGCFailedAllocation done
Event: 2312.538 Executing VM operation: ParallelGCFailedAllocation
Event: 2313.863 Executing VM operation: ParallelGCFailedAllocation done
Event: 2313.864 Executing VM operation: ParallelGCFailedAllocation
Event: 2315.177 Executing VM operation: ParallelGCFailedAllocation done
Event: 2315.177 Executing VM operation: ParallelGCFailedAllocation
Event: 2316.474 Executing VM operation: ParallelGCFailedAllocation done
Event: 2316.474 Executing VM operation: ParallelGCFailedAllocation
Event: 2319.338 Executing VM operation: ParallelGCFailedAllocation done
Event: 2319.338 Executing VM operation: ParallelGCFailedAllocation

Events (20 events):
Event: 485.144 loading class java/util/concurrent/CancellationException
Event: 485.144 loading class java/util/concurrent/CancellationException done
Event: 485.144 loading class java/util/concurrent/CompletionException
Event: 485.144 loading class java/util/concurrent/CompletionException done
Event: 489.032 Thread 0x00007f35f0437b20 Thread exited: 0x00007f35f0437b20
Event: 496.934 Thread 0x00007f35e4003c50 Thread exited: 0x00007f35e4003c50
Event: 527.955 Thread 0x00007f35f0438360 Thread exited: 0x00007f35f0438360
Event: 566.540 Thread 0x00007f35f8144730 Thread exited: 0x00007f35f8144730
Event: 749.663 Thread 0x00007f35f8147520 Thread added: 0x00007f35f8147520
Event: 749.663 Protecting memory [0x00007f3632900000,0x00007f3632904000] with protection modes 0
Event: 1445.563 Thread 0x00007f36840b4b60 flushing nmethod 0x00007f366c32b510
Event: 1450.759 Thread 0x00007f36840b4b60 flushing nmethod 0x00007f366c73dc90
Event: 1450.760 Thread 0x00007f36840b4b60 flushing nmethod 0x00007f366c95ff90
Event: 1623.182 loading class java/util/stream/Streams$ConcatSpliterator$OfRef
Event: 1623.183 loading class java/util/stream/Streams$ConcatSpliterator
Event: 1623.183 loading class java/util/stream/Streams$ConcatSpliterator done
Event: 1623.183 loading class java/util/stream/Streams$ConcatSpliterator$OfRef done
Event: 1623.183 loading class java/util/stream/Streams$2
Event: 1623.183 loading class java/util/stream/Streams$2 done
Event: 1895.881 Thread 0x00007f35f043ed30 Thread exited: 0x00007f35f043ed30


Dynamic libraries:
e0000000-f5580000 rw-p 00000000 00:00 0 
f5580000-f9d00000 rw-p 00000000 00:00 0 
f9d00000-100000000 ---p 00000000 00:00 0 
800000000-800449000 rw-p 00001000 00:105a 4611686019135357769            /nix/store/gpxl5qgg8kicmcvivwmybwjlpf7wh20l-graalvm17-ce-22.3.0/lib/server/classes.jsa
800449000-800bc8000 r--p 0044a000 00:105a 4611686019135357769            /nix/store/gpxl5qgg8kicmcvivwmybwjlpf7wh20l-graalvm17-ce-22.3.0/lib/server/classes.jsa
800bc8000-800c00000 ---p 00000000 00:00 0 
800c00000-800c20000 rw-p 00000000 00:00 0 
800c20000-800c40000 rw-p 00000000 00:00 0 
800c40000-800cc0000 rw-p 00000000 00:00 0 
800cc0000-800d00000 rw-p 00000000 00:00 0 
800d00000-800dc0000 rw-p 00000000 00:00 0 
800dc0000-800e00000 rw-p 00000000 00:00 0 
800e00000-800f40000 rw-p 00000000 00:00 0 
800f40000-800fc0000 rw-p 00000000 00:00 0 
800fc0000-801000000 rw-p 00000000 00:00 0 
801000000-8011e0000 rw-p 00000000 00:00 0 
8011e0000-8011f0000 rw-p 00000000 00:00 0 
8011f0000-801200000 ---p 00000000 00:00 0 
801200000-801250000 rw-p 00000000 00:00 0 
801250000-840c00000 ---p 00000000 00:00 0 
556884308000-556884309000 r-xp 00000000 00:105a 4611686019099417844      /nix/store/gpxl5qgg8kicmcvivwmybwjlpf7wh20l-graalvm17-ce-22.3.0/bin/.java-wrapped
55688430a000-55688430b000 r--p 00001000 00:105a 4611686019099417844      /nix/store/gpxl5qgg8kicmcvivwmybwjlpf7wh20l-graalvm17-ce-22.3.0/bin/.java-wrapped
55688430b000-55688430c000 rw-p 00002000 00:105a 4611686019099417844      /nix/store/gpxl5qgg8kicmcvivwmybwjlpf7wh20l-graalvm17-ce-22.3.0/bin/.java-wrapped
55688430c000-55688430d000 rw-p 00004000 00:105a 4611686019099417844      /nix/store/gpxl5qgg8kicmcvivwmybwjlpf7wh20l-graalvm17-ce-22.3.0/bin/.java-wrapped
55688430d000-55688430e000 rw-p 00005000 00:105a 4611686019099417844      /nix/store/gpxl5qgg8kicmcvivwmybwjlpf7wh20l-graalvm17-ce-22.3.0/bin/.java-wrapped
556885142000-55688518a000 rw-p 00000000 00:00 0                          [heap]
7f35bc000000-7f35bc049000 rw-p 00000000 00:00 0 
7f35bc049000-7f35c0000000 ---p 00000000 00:00 0 
7f35c0000000-7f35c009a000 rw-p 00000000 00:00 0 
7f35c009a000-7f35c4000000 ---p 00000000 00:00 0 
7f35c4000000-7f35c4021000 rw-p 00000000 00:00 0 
7f35c4021000-7f35c8000000 ---p 00000000 00:00 0 
7f35c8000000-7f35c8094000 rw-p 00000000 00:00 0 
7f35c8094000-7f35cc000000 ---p 00000000 00:00 0 
7f35cc000000-7f35cc021000 rw-p 00000000 00:00 0 
7f35cc021000-7f35d0000000 ---p 00000000 00:00 0 
7f35d0000000-7f35d0021000 rw-p 00000000 00:00 0 
7f35d0021000-7f35d4000000 ---p 00000000 00:00 0 
7f35d4000000-7f35d4021000 rw-p 00000000 00:00 0 
7f35d4021000-7f35d8000000 ---p 00000000 00:00 0 
7f35d9400000-7f35d9af0000 rw-p 00000000 00:00 0 
7f35d9af0000-7f35d9c00000 ---p 00000000 00:00 0 
7f35da4b3000-7f35e4000000 r--s 00000000 00:105a 4611686019135192581      /nix/store/gpxl5qgg8kicmcvivwmybwjlpf7wh20l-graalvm17-ce-22.3.0/lib/modules
7f35e4000000-7f35e4021000 rw-p 00000000 00:00 0 
7f35e4021000-7f35e8000000 ---p 00000000 00:00 0 
7f35e8000000-7f35e8021000 rw-p 00000000 00:00 0 
7f35e8021000-7f35ec000000 ---p 00000000 00:00 0 
7f35ec000000-7f35ec03e000 rw-p 00000000 00:00 0 
7f35ec03e000-7f35f0000000 ---p 00000000 00:00 0 
7f35f0000000-7f35f0505000 rw-p 00000000 00:00 0 
7f35f0505000-7f35f4000000 ---p 00000000 00:00 0 
7f35f4000000-7f35f4021000 rw-p 00000000 00:00 0 
7f35f4021000-7f35f8000000 ---p 00000000 00:00 0 
7f35f8000000-7f35f81bd000 rw-p 00000000 00:00 0 
7f35f81bd000-7f35fc000000 ---p 00000000 00:00 0 
7f35fc000000-7f35fc053000 rw-p 00000000 00:00 0 
7f35fc053000-7f3600000000 ---p 00000000 00:00 0 
7f3600000000-7f3600021000 rw-p 00000000 00:00 0 
7f3600021000-7f3604000000 ---p 00000000 00:00 0 
7f3604000000-7f36041c4000 rw-p 00000000 00:00 0 
7f36041c4000-7f3608000000 ---p 00000000 00:00 0 
7f3608000000-7f3608318000 rw-p 00000000 00:00 0 
7f3608318000-7f360c000000 ---p 00000000 00:00 0 
7f360c000000-7f360c115000 rw-p 00000000 00:00 0 
7f360c115000-7f3610000000 ---p 00000000 00:00 0 
7f3610000000-7f3610021000 rw-p 00000000 00:00 0 
7f3610021000-7f3614000000 ---p 00000000 00:00 0 
7f3614000000-7f3614021000 rw-p 00000000 00:00 0 
7f3614021000-7f3618000000 ---p 00000000 00:00 0 
7f3618000000-7f3618180000 rw-p 00000000 00:00 0 
7f3618180000-7f3618200000 rw-p 00000000 00:00 0 
7f3618200000-7f3618300000 rw-p 00000000 00:00 0 
7f3618300000-7f3618360000 rw-p 00000000 00:00 0 
7f3618360000-7f3618400000 ---p 00000000 00:00 0 
7f3618400000-7f3618800000 rw-p 00000000 00:00 0 
7f3618c00000-7f36193e0000 rw-p 00000000 00:00 0 
7f36193e0000-7f3619400000 rw-p 00000000 00:00 0 
7f3619400000-7f3619500000 rw-p 00000000 00:00 0 
7f3619500000-7f3619700000 rw-p 00000000 00:00 0 
7f3619700000-7f3619900000 rw-p 00000000 00:00 0 
7f3619900000-7f3619a00000 rw-p 00000000 00:00 0 
7f3619a00000-7f3619b00000 rw-p 00000000 00:00 0 
7f3619b00000-7f3619c00000 rw-p 00000000 00:00 0 
7f3619c00000-7f3619d00000 rw-p 00000000 00:00 0 
7f3619d00000-7f3619e00000 rw-p 00000000 00:00 0 
7f3619e00000-7f361a3a0000 rw-p 00000000 00:00 0 
7f361a3a0000-7f361a3c0000 rw-p 00000000 00:00 0 
7f361a3c0000-7f361a400000 rw-p 00000000 00:00 0 
7f361a400000-7f361a500000 rw-p 00000000 00:00 0 
7f361a500000-7f361a600000 rw-p 00000000 00:00 0 
7f361a600000-7f361a900000 rw-p 00000000 00:00 0 
7f361a900000-7f361aa00000 rw-p 00000000 00:00 0 
7f361aa00000-7f361ac00000 rw-p 00000000 00:00 0 
7f361bc00000-7f361bc10000 r-xp 00000000 00:1057 358                      /home/runner/.cache/jdt-language-server/config/org.eclipse.equinox.launcher/org.eclipse.equinox.launcher.gtk.linux.x86_64_1.2.400.v20211117-0650/eclipse_11600.so
7f361bc10000-7f361be0f000 ---p 00010000 00:1057 358                      /home/runner/.cache/jdt-language-server/config/org.eclipse.equinox.launcher/org.eclipse.equinox.launcher.gtk.linux.x86_64_1.2.400.v20211117-0650/eclipse_11600.so
7f361be0f000-7f361be10000 r--p 0000f000 00:1057 358                      /home/runner/.cache/jdt-language-server/config/org.eclipse.equinox.launcher/org.eclipse.equinox.launcher.gtk.linux.x86_64_1.2.400.v20211117-0650/eclipse_11600.so
7f361be10000-7f361be11000 rw-p 00010000 00:1057 358                      /home/runner/.cache/jdt-language-server/config/org.eclipse.equinox.launcher/org.eclipse.equinox.launcher.gtk.linux.x86_64_1.2.400.v20211117-0650/eclipse_11600.so
7f361c000000-7f361c8c3000 rw-p 00000000 00:00 0 
7f361c8c3000-7f3620000000 ---p 00000000 00:00 0 
7f3620000000-7f3620026000 rw-p 00000000 00:00 0 
7f3620026000-7f3624000000 ---p 00000000 00:00 0 
7f3624000000-7f3624021000 rw-p 00000000 00:00 0 
7f3624021000-7f3628000000 ---p 00000000 00:00 0 
7f3628000000-7f3628021000 rw-p 00000000 00:00 0 
7f3628021000-7f362c000000 ---p 00000000 00:00 0 
7f362c000000-7f362c021000 rw-p 00000000 00:00 0 
7f362c021000-7f3630000000 ---p 00000000 00:00 0 
7f3630100000-7f3630200000 ---p 00000000 00:00 0 
7f3630200000-7f36307af000 r--p 01122000 00:105a 4611686019135190040      /nix/store/gpxl5qgg8kicmcvivwmybwjlpf7wh20l-graalvm17-ce-22.3.0/lib/libjvmcicompiler.so
7f36307af000-7f3630900000 r--p 00000000 00:00 0 
7f3630900000-7f363093d000 rw-p 00000000 00:00 0 
7f363093d000-7f3630e5d000 rw-p 0185f000 00:105a 4611686019135190040      /nix/store/gpxl5qgg8kicmcvivwmybwjlpf7wh20l-graalvm17-ce-22.3.0/lib/libjvmcicompiler.so
7f3630e5d000-7f3631244000 r--p 01d7f000 00:105a 4611686019135190040      /nix/store/gpxl5qgg8kicmcvivwmybwjlpf7wh20l-graalvm17-ce-22.3.0/lib/libjvmcicompiler.so
7f3631300000-7f3631304000 ---p 00000000 00:00 0 
7f3631304000-7f3631400000 rw-p 00000000 00:00 0 
7f3631500000-7f3631504000 ---p 00000000 00:00 0 
7f3631504000-7f3631600000 rw-p 00000000 00:00 0 
7f3631700000-7f3631704000 ---p 00000000 00:00 0 
7f3631704000-7f3631800000 rw-p 00000000 00:00 0 
7f3631900000-7f3631904000 ---p 00000000 00:00 0 
7f3631904000-7f3631a00000 rw-p 00000000 00:00 0 
7f3631b00000-7f3631b04000 ---p 00000000 00:00 0 
7f3631b04000-7f3631c00000 rw-p 00000000 00:00 0 
7f3631d00000-7f3631d04000 ---p 00000000 00:00 0 
7f3631d04000-7f3631e00000 rw-p 00000000 00:00 0 
7f3631f00000-7f3631f04000 ---p 00000000 00:00 0 
7f3631f04000-7f3632000000 rw-p 00000000 00:00 0 
7f3632000000-7f3632004000 ---p 00000000 00:00 0 
7f3632004000-7f3632100000 rw-p 00000000 00:00 0 
7f3632100000-7f3632104000 ---p 00000000 00:00 0 
7f3632104000-7f3632200000 rw-p 00000000 00:00 0 
7f3632300000-7f3632304000 ---p 00000000 00:00 0 
7f3632304000-7f3632400000 rw-p 00000000 00:00 0 
7f3632400000-7f3632404000 ---p 00000000 00:00 0 
7f3632404000-7f3632500000 rw-p 00000000 00:00 0 
7f3632500000-7f3632504000 ---p 00000000 00:00 0 
7f3632504000-7f3632600000 rw-p 00000000 00:00 0 
7f3632600000-7f3632604000 ---p 00000000 00:00 0 
7f3632604000-7f3632700000 rw-p 00000000 00:00 0 
7f3632700000-7f3632704000 ---p 00000000 00:00 0 
7f3632704000-7f3632800000 rw-p 00000000 00:00 0 
7f3632900000-7f3632904000 ---p 00000000 00:00 0 
7f3632904000-7f3632a00000 rw-p 00000000 00:00 0 
7f3632b00000-7f3632b04000 ---p 00000000 00:00 0 
7f3632b04000-7f3632c00000 rw-p 00000000 00:00 0 
7f3632d00000-7f3632d04000 ---p 00000000 00:00 0 
7f3632d04000-7f3632e00000 rw-p 00000000 00:00 0 
7f3633a68000-7f3633f00000 rw-p 00000000 00:00 0 
7f3634000000-7f3634021000 rw-p 00000000 00:00 0 
7f3634021000-7f3638000000 ---p 00000000 00:00 0 
7f3638000000-7f3638021000 rw-p 00000000 00:00 0 
7f3638021000-7f363c000000 ---p 00000000 00:00 0 
7f363c000000-7f363c021000 rw-p 00000000 00:00 0 
7f363c021000-7f3640000000 ---p 00000000 00:00 0 
7f3640000000-7f3640021000 rw-p 00000000 00:00 0 
7f3640021000-7f3644000000 ---p 00000000 00:00 0 
7f3644000000-7f36440eb000 rw-p 00000000 00:00 0 
7f36440eb000-7f3648000000 ---p 00000000 00:00 0 
7f3648000000-7f3648b8e000 rw-p 00000000 00:00 0 
7f3648b8e000-7f364c000000 ---p 00000000 00:00 0 
7f364c000000-7f364c021000 rw-p 00000000 00:00 0 
7f364c021000-7f3650000000 ---p 00000000 00:00 0 
7f3650000000-7f3650021000 rw-p 00000000 00:00 0 
7f3650021000-7f3654000000 ---p 00000000 00:00 0 
7f3654000000-7f3654021000 rw-p 00000000 00:00 0 
7f3654021000-7f3658000000 ---p 00000000 00:00 0 
7f3658000000-7f3658021000 rw-p 00000000 00:00 0 
7f3658021000-7f365c000000 ---p 00000000 00:00 0 
7f365c000000-7f365c02d000 rw-p 00000000 00:00 0 
7f365c02d000-7f3660000000 ---p 00000000 00:00 0 
7f3660000000-7f3660021000 rw-p 00000000 00:00 0 
7f3660021000-7f3664000000 ---p 00000000 00:00 0 
7f3664000000-7f36641f4000 rw-p 00000000 00:00 0 
7f36641f4000-7f3668000000 ---p 00000000 00:00 0 
7f3668100000-7f3668104000 ---p 00000000 00:00 0 
7f3668104000-7f3668200000 rw-p 00000000 00:00 0 
7f3668200000-7f3668204000 ---p 00000000 00:00 0 
7f3668204000-7f3668300000 rw-p 00000000 00:00 0 
7f3668300000-7f3668304000 ---p 00000000 00:00 0 
7f3668304000-7f3668400000 rw-p 00000000 00:00 0 
7f3668500000-7f3668504000 ---p 00000000 00:00 0 
7f3668504000-7f3668600000 rw-p 00000000 00:00 0 
7f3668600000-7f3668604000 ---p 00000000 00:00 0 
7f3668604000-7f3668700000 rw-p 00000000 00:00 0 
7f3668700000-7f3668704000 ---p 00000000 00:00 0 
7f3668704000-7f3668800000 rw-p 00000000 00:00 0 
7f3668800000-7f366a96a000 r-xp 00000000 00:105a 4611686019135190040      /nix/store/gpxl5qgg8kicmcvivwmybwjlpf7wh20l-graalvm17-ce-22.3.0/lib/libjvmcicompiler.so
7f366a96a000-7f366ab69000 ---p 0216a000 00:105a 4611686019135190040      /nix/store/gpxl5qgg8kicmcvivwmybwjlpf7wh20l-graalvm17-ce-22.3.0/lib/libjvmcicompiler.so
7f366ab69000-7f366ab6a000 r--p 02169000 00:105a 4611686019135190040      /nix/store/gpxl5qgg8kicmcvivwmybwjlpf7wh20l-graalvm17-ce-22.3.0/lib/libjvmcicompiler.so
7f366ab6a000-7f366ab6c000 rw-p 0216a000 00:105a 4611686019135190040      /nix/store/gpxl5qgg8kicmcvivwmybwjlpf7wh20l-graalvm17-ce-22.3.0/lib/libjvmcicompiler.so
7f366ab6c000-7f366ab6d000 rw-p 00000000 00:00 0 
7f366ab6d000-7f366ab72000 rw-p 023c3000 00:105a 4611686019135190040      /nix/store/gpxl5qgg8kicmcvivwmybwjlpf7wh20l-graalvm17-ce-22.3.0/lib/libjvmcicompiler.so
7f366abb1000-7f366abb5000 ---p 00000000 00:00 0 
7f366abb5000-7f366acb1000 rw-p 00000000 00:00 0 
7f366acb1000-7f366acb2000 ---p 00000000 00:00 0 
7f366acb2000-7f366adb3000 rw-p 00000000 00:00 0 
7f366adb3000-7f366adb7000 ---p 00000000 00:00 0 
7f366adb7000-7f366aeb3000 rw-p 00000000 00:00 0 
7f366aeb3000-7f366aeb7000 ---p 00000000 00:00 0 
7f366aeb7000-7f366afb3000 rw-p 00000000 00:00 0 
7f366afb3000-7f366afb7000 ---p 00000000 00:00 0 
7f366afb7000-7f366b0b3000 rw-p 00000000 00:00 0 
7f366b0b3000-7f366b0b7000 ---p 00000000 00:00 0 
7f366b0b7000-7f366b2b3000 rw-p 00000000 00:00 0 
7f366b2b3000-7f366b2b7000 ---p 00000000 00:00 0 
7f366b2b7000-7f366b4b3000 rw-p 00000000 00:00 0 
7f366b4b3000-7f366b723000 rwxp 00000000 00:00 0 
7f366b723000-7f366ba42000 ---p 00000000 00:00 0 
7f366ba42000-7f366ca22000 rwxp 00000000 00:00 0 
7f366ca22000-7f3672f7a000 ---p 00000000 00:00 0 
7f3672f7a000-7f367322a000 rwxp 00000000 00:00 0 
7f367322a000-7f367a4b3000 ---p 00000000 00:00 0 
7f367a4b3000-7f3684000000 r--s 00000000 00:105a 4611686019135192581      /nix/store/gpxl5qgg8kicmcvivwmybwjlpf7wh20l-graalvm17-ce-22.3.0/lib/modules
7f3684000000-7f368460b000 rw-p 00000000 00:00 0 
7f368460b000-7f3688000000 ---p 00000000 00:00 0 
7f368801a000-7f368801e000 ---p 00000000 00:00 0 
7f368801e000-7f368811a000 rw-p 00000000 00:00 0 
7f368811a000-7f368811e000 ---p 00000000 00:00 0 
7f368811e000-7f368821a000 rw-p 00000000 00:00 0 
7f368821a000-7f368821e000 ---p 00000000 00:00 0 
7f368821e000-7f368831a000 rw-p 00000000 00:00 0 
7f368831a000-7f3688600000 r--p 00000000 00:1009 28444448                 /usr/lib/locale/locale-archive
7f3688600000-7f3688604000 ---p 00000000 00:00 0 
7f3688604000-7f3688700000 rw-p 00000000 00:00 0 
7f3688700000-7f3688704000 ---p 00000000 00:00 0 
7f3688704000-7f3688c00000 rw-p 00000000 00:00 0 
7f3688c00000-7f3688f00000 rw-p 00000000 00:00 0 
7f3688f00000-7f3689000000 rw-p 00000000 00:00 0 
7f3689026000-7f3689028000 r-xp 00000000 00:105a 4611686019135190017      /nix/store/gpxl5qgg8kicmcvivwmybwjlpf7wh20l-graalvm17-ce-22.3.0/lib/libextnet.so
7f3689028000-7f3689029000 r--p 00001000 00:105a 4611686019135190017      /nix/store/gpxl5qgg8kicmcvivwmybwjlpf7wh20l-graalvm17-ce-22.3.0/lib/libextnet.so
7f3689029000-7f368902a000 rw-p 00002000 00:105a 4611686019135190017      /nix/store/gpxl5qgg8kicmcvivwmybwjlpf7wh20l-graalvm17-ce-22.3.0/lib/libextnet.so
7f368902a000-7f368902b000 rw-p 00004000 00:105a 4611686019135190017      /nix/store/gpxl5qgg8kicmcvivwmybwjlpf7wh20l-graalvm17-ce-22.3.0/lib/libextnet.so
7f368902b000-7f368902f000 ---p 00000000 00:00 0 
7f368902f000-7f368904d000 rw-p 00000000 00:00 0 
7f368904d000-7f3689054000 r-xp 00000000 00:105a 4611686019135192580      /nix/store/gpxl5qgg8kicmcvivwmybwjlpf7wh20l-graalvm17-ce-22.3.0/lib/libzip.so
7f3689054000-7f3689055000 ---p 00007000 00:105a 4611686019135192580      /nix/store/gpxl5qgg8kicmcvivwmybwjlpf7wh20l-graalvm17-ce-22.3.0/lib/libzip.so
7f3689055000-7f3689056000 r--p 00007000 00:105a 4611686019135192580      /nix/store/gpxl5qgg8kicmcvivwmybwjlpf7wh20l-graalvm17-ce-22.3.0/lib/libzip.so
7f3689056000-7f3689057000 rw-p 00008000 00:105a 4611686019135192580      /nix/store/gpxl5qgg8kicmcvivwmybwjlpf7wh20l-graalvm17-ce-22.3.0/lib/libzip.so
7f3689057000-7f3689059000 rw-p 0000b000 00:105a 4611686019135192580      /nix/store/gpxl5qgg8kicmcvivwmybwjlpf7wh20l-graalvm17-ce-22.3.0/lib/libzip.so
7f3689059000-7f368906e000 r-xp 00000000 00:105a 4611686019135192570      /nix/store/gpxl5qgg8kicmcvivwmybwjlpf7wh20l-graalvm17-ce-22.3.0/lib/libnet.so
7f368906e000-7f368906f000 ---p 00015000 00:105a 4611686019135192570      /nix/store/gpxl5qgg8kicmcvivwmybwjlpf7wh20l-graalvm17-ce-22.3.0/lib/libnet.so
7f368906f000-7f3689070000 r--p 00015000 00:105a 4611686019135192570      /nix/store/gpxl5qgg8kicmcvivwmybwjlpf7wh20l-graalvm17-ce-22.3.0/lib/libnet.so
7f3689070000-7f3689071000 rw-p 00016000 00:105a 4611686019135192570      /nix/store/gpxl5qgg8kicmcvivwmybwjlpf7wh20l-graalvm17-ce-22.3.0/lib/libnet.so
7f3689071000-7f3689074000 rw-p 0001b000 00:105a 4611686019135192570      /nix/store/gpxl5qgg8kicmcvivwmybwjlpf7wh20l-graalvm17-ce-22.3.0/lib/libnet.so
7f3689074000-7f3689087000 r-xp 00000000 00:105a 4611686019135192571      /nix/store/gpxl5qgg8kicmcvivwmybwjlpf7wh20l-graalvm17-ce-22.3.0/lib/libnio.so
7f3689087000-7f3689088000 r--p 00012000 00:105a 4611686019135192571      /nix/store/gpxl5qgg8kicmcvivwmybwjlpf7wh20l-graalvm17-ce-22.3.0/lib/libnio.so
7f3689088000-7f3689089000 rw-p 00013000 00:105a 4611686019135192571      /nix/store/gpxl5qgg8kicmcvivwmybwjlpf7wh20l-graalvm17-ce-22.3.0/lib/libnio.so
7f3689089000-7f368908e000 rw-p 00019000 00:105a 4611686019135192571      /nix/store/gpxl5qgg8kicmcvivwmybwjlpf7wh20l-graalvm17-ce-22.3.0/lib/libnio.so
7f368908e000-7f368908f000 ---p 00000000 00:00 0 
7f368908f000-7f3689190000 rw-p 00000000 00:00 0 
7f3689190000-7f368925e000 r-xp 00000000 00:105a 4611686019135190036      /nix/store/gpxl5qgg8kicmcvivwmybwjlpf7wh20l-graalvm17-ce-22.3.0/lib/libjsvml.so
7f368925e000-7f368925f000 r--p 000cd000 00:105a 4611686019135190036      /nix/store/gpxl5qgg8kicmcvivwmybwjlpf7wh20l-graalvm17-ce-22.3.0/lib/libjsvml.so
7f368925f000-7f3689260000 rw-p 000ce000 00:105a 4611686019135190036      /nix/store/gpxl5qgg8kicmcvivwmybwjlpf7wh20l-graalvm17-ce-22.3.0/lib/libjsvml.so
7f3689260000-7f368ab38000 rw-p 00000000 00:00 0 
7f368ab38000-7f368ab39000 ---p 00000000 00:00 0 
7f368ab39000-7f368ace4000 rw-p 00000000 00:00 0 
7f368ace4000-7f368ad09000 rw-p 00000000 00:00 0 
7f368ad09000-7f368ad3a000 ---p 00000000 00:00 0 
7f368ad3a000-7f368ad41000 rw-p 00000000 00:00 0 
7f368ad41000-7f368ae26000 ---p 00000000 00:00 0 
7f368ae26000-7f368ae46000 rw-p 00000000 00:00 0 
7f368ae46000-7f368af11000 ---p 00000000 00:00 0 
7f368af11000-7f368af16000 rw-p 00000000 00:00 0 
7f368af16000-7f368af1d000 ---p 00000000 00:00 0 
7f368af1d000-7f368af41000 r-xp 00000000 00:105a 4611686019135190028      /nix/store/gpxl5qgg8kicmcvivwmybwjlpf7wh20l-graalvm17-ce-22.3.0/lib/libjava.so
7f368af41000-7f368af42000 ---p 00024000 00:105a 4611686019135190028      /nix/store/gpxl5qgg8kicmcvivwmybwjlpf7wh20l-graalvm17-ce-22.3.0/lib/libjava.so
7f368af42000-7f368af43000 r--p 00024000 00:105a 4611686019135190028      /nix/store/gpxl5qgg8kicmcvivwmybwjlpf7wh20l-graalvm17-ce-22.3.0/lib/libjava.so
7f368af43000-7f368af44000 rw-p 00025000 00:105a 4611686019135190028      /nix/store/gpxl5qgg8kicmcvivwmybwjlpf7wh20l-graalvm17-ce-22.3.0/lib/libjava.so
7f368af44000-7f368af45000 rw-p 00000000 00:00 0 
7f368af45000-7f368af4c000 rw-p 0002f000 00:105a 4611686019135190028      /nix/store/gpxl5qgg8kicmcvivwmybwjlpf7wh20l-graalvm17-ce-22.3.0/lib/libjava.so
7f368af4c000-7f368af54000 rw-s 00000000 00:1004 353                      /tmp/hsperfdata_runner/35
7f368af54000-7f368af55000 ---p 00000000 00:00 0 
7f368af55000-7f368af56000 r--p 00000000 00:00 0 
7f368af56000-7f368af57000 rwxp 00000000 00:00 0 
7f368af57000-7f368af72000 r-xp 00000000 00:105a 4611686019135190032      /nix/store/gpxl5qgg8kicmcvivwmybwjlpf7wh20l-graalvm17-ce-22.3.0/lib/libjimage.so
7f368af72000-7f368af73000 ---p 0001b000 00:105a 4611686019135190032      /nix/store/gpxl5qgg8kicmcvivwmybwjlpf7wh20l-graalvm17-ce-22.3.0/lib/libjimage.so
7f368af73000-7f368af75000 r--p 0001b000 00:105a 4611686019135190032      /nix/store/gpxl5qgg8kicmcvivwmybwjlpf7wh20l-graalvm17-ce-22.3.0/lib/libjimage.so
7f368af75000-7f368af76000 rw-p 0001d000 00:105a 4611686019135190032      /nix/store/gpxl5qgg8kicmcvivwmybwjlpf7wh20l-graalvm17-ce-22.3.0/lib/libjimage.so
7f368af76000-7f368af77000 rw-p 00024000 00:105a 4611686019135190032      /nix/store/gpxl5qgg8kicmcvivwmybwjlpf7wh20l-graalvm17-ce-22.3.0/lib/libjimage.so
7f368af77000-7f368af7b000 ---p 00000000 00:00 0 
7f368af7b000-7f368b077000 rw-p 00000000 00:00 0 
7f368b077000-7f368b085000 r--p 00000000 00:105a 4611686019027979927      /nix/store/4nlgxhb09sdr51nc9hdm8az5b08vzkgx-glibc-2.35-163/lib/libm.so.6
7f368b085000-7f368b0f8000 r-xp 0000e000 00:105a 4611686019027979927      /nix/store/4nlgxhb09sdr51nc9hdm8az5b08vzkgx-glibc-2.35-163/lib/libm.so.6
7f368b0f8000-7f368b155000 r--p 00081000 00:105a 4611686019027979927      /nix/store/4nlgxhb09sdr51nc9hdm8az5b08vzkgx-glibc-2.35-163/lib/libm.so.6
7f368b155000-7f368b156000 r--p 000dd000 00:105a 4611686019027979927      /nix/store/4nlgxhb09sdr51nc9hdm8az5b08vzkgx-glibc-2.35-163/lib/libm.so.6
7f368b156000-7f368b157000 rw-p 000de000 00:105a 4611686019027979927      /nix/store/4nlgxhb09sdr51nc9hdm8az5b08vzkgx-glibc-2.35-163/lib/libm.so.6
7f368b157000-7f368b158000 r--p 00000000 00:105a 4611686019027979946      /nix/store/4nlgxhb09sdr51nc9hdm8az5b08vzkgx-glibc-2.35-163/lib/librt.so.1
7f368b158000-7f368b159000 r-xp 00001000 00:105a 4611686019027979946      /nix/store/4nlgxhb09sdr51nc9hdm8az5b08vzkgx-glibc-2.35-163/lib/librt.so.1
7f368b159000-7f368b15a000 r--p 00002000 00:105a 4611686019027979946      /nix/store/4nlgxhb09sdr51nc9hdm8az5b08vzkgx-glibc-2.35-163/lib/librt.so.1
7f368b15a000-7f368b15b000 r--p 00002000 00:105a 4611686019027979946      /nix/store/4nlgxhb09sdr51nc9hdm8az5b08vzkgx-glibc-2.35-163/lib/librt.so.1
7f368b15b000-7f368b15c000 rw-p 00003000 00:105a 4611686019027979946      /nix/store/4nlgxhb09sdr51nc9hdm8az5b08vzkgx-glibc-2.35-163/lib/librt.so.1
7f368b15c000-7f368c26f000 r-xp 00000000 00:105a 4611686019135360866      /nix/store/gpxl5qgg8kicmcvivwmybwjlpf7wh20l-graalvm17-ce-22.3.0/lib/server/libjvm.so
7f368c26f000-7f368c270000 ---p 01113000 00:105a 4611686019135360866      /nix/store/gpxl5qgg8kicmcvivwmybwjlpf7wh20l-graalvm17-ce-22.3.0/lib/server/libjvm.so
7f368c270000-7f368c325000 r--p 01113000 00:105a 4611686019135360866      /nix/store/gpxl5qgg8kicmcvivwmybwjlpf7wh20l-graalvm17-ce-22.3.0/lib/server/libjvm.so
7f368c325000-7f368c359000 rw-p 011c8000 00:105a 4611686019135360866      /nix/store/gpxl5qgg8kicmcvivwmybwjlpf7wh20l-graalvm17-ce-22.3.0/lib/server/libjvm.so
7f368c359000-7f368c3b5000 rw-p 00000000 00:00 0 
7f368c3b5000-7f368c3dd000 r--p 00000000 00:105a 4611686019027979918      /nix/store/4nlgxhb09sdr51nc9hdm8az5b08vzkgx-glibc-2.35-163/lib/libc.so.6
7f368c3dd000-7f368c553000 r-xp 00028000 00:105a 4611686019027979918      /nix/store/4nlgxhb09sdr51nc9hdm8az5b08vzkgx-glibc-2.35-163/lib/libc.so.6
7f368c553000-7f368c5ab000 r--p 0019e000 00:105a 4611686019027979918      /nix/store/4nlgxhb09sdr51nc9hdm8az5b08vzkgx-glibc-2.35-163/lib/libc.so.6
7f368c5ab000-7f368c5af000 r--p 001f6000 00:105a 4611686019027979918      /nix/store/4nlgxhb09sdr51nc9hdm8az5b08vzkgx-glibc-2.35-163/lib/libc.so.6
7f368c5af000-7f368c5b1000 rw-p 001fa000 00:105a 4611686019027979918      /nix/store/4nlgxhb09sdr51nc9hdm8az5b08vzkgx-glibc-2.35-163/lib/libc.so.6
7f368c5b1000-7f368c5c0000 rw-p 00000000 00:00 0 
7f368c5c0000-7f368c5c1000 r--p 00000000 00:105a 4611686019027979923      /nix/store/4nlgxhb09sdr51nc9hdm8az5b08vzkgx-glibc-2.35-163/lib/libdl.so.2
7f368c5c1000-7f368c5c2000 r-xp 00001000 00:105a 4611686019027979923      /nix/store/4nlgxhb09sdr51nc9hdm8az5b08vzkgx-glibc-2.35-163/lib/libdl.so.2
7f368c5c2000-7f368c5c3000 r--p 00002000 00:105a 4611686019027979923      /nix/store/4nlgxhb09sdr51nc9hdm8az5b08vzkgx-glibc-2.35-163/lib/libdl.so.2
7f368c5c3000-7f368c5c4000 r--p 00002000 00:105a 4611686019027979923      /nix/store/4nlgxhb09sdr51nc9hdm8az5b08vzkgx-glibc-2.35-163/lib/libdl.so.2
7f368c5c4000-7f368c5c5000 rw-p 00003000 00:105a 4611686019027979923      /nix/store/4nlgxhb09sdr51nc9hdm8az5b08vzkgx-glibc-2.35-163/lib/libdl.so.2
7f368c5c5000-7f368c5c6000 r--p 00000000 00:105a 4611686019027979942      /nix/store/4nlgxhb09sdr51nc9hdm8az5b08vzkgx-glibc-2.35-163/lib/libpthread.so.0
7f368c5c6000-7f368c5c7000 r-xp 00001000 00:105a 4611686019027979942      /nix/store/4nlgxhb09sdr51nc9hdm8az5b08vzkgx-glibc-2.35-163/lib/libpthread.so.0
7f368c5c7000-7f368c5c8000 r--p 00002000 00:105a 4611686019027979942      /nix/store/4nlgxhb09sdr51nc9hdm8az5b08vzkgx-glibc-2.35-163/lib/libpthread.so.0
7f368c5c8000-7f368c5c9000 r--p 00002000 00:105a 4611686019027979942      /nix/store/4nlgxhb09sdr51nc9hdm8az5b08vzkgx-glibc-2.35-163/lib/libpthread.so.0
7f368c5c9000-7f368c5ca000 rw-p 00003000 00:105a 4611686019027979942      /nix/store/4nlgxhb09sdr51nc9hdm8az5b08vzkgx-glibc-2.35-163/lib/libpthread.so.0
7f368c5ca000-7f368c5d8000 r-xp 00000000 00:105a 4611686019135190033      /nix/store/gpxl5qgg8kicmcvivwmybwjlpf7wh20l-graalvm17-ce-22.3.0/lib/libjli.so
7f368c5d8000-7f368c5d9000 ---p 0000e000 00:105a 4611686019135190033      /nix/store/gpxl5qgg8kicmcvivwmybwjlpf7wh20l-graalvm17-ce-22.3.0/lib/libjli.so
7f368c5d9000-7f368c5da000 r--p 0000e000 00:105a 4611686019135190033      /nix/store/gpxl5qgg8kicmcvivwmybwjlpf7wh20l-graalvm17-ce-22.3.0/lib/libjli.so
7f368c5da000-7f368c5db000 rw-p 0000f000 00:105a 4611686019135190033      /nix/store/gpxl5qgg8kicmcvivwmybwjlpf7wh20l-graalvm17-ce-22.3.0/lib/libjli.so
7f368c5db000-7f368c5dc000 rw-p 00012000 00:105a 4611686019135190033      /nix/store/gpxl5qgg8kicmcvivwmybwjlpf7wh20l-graalvm17-ce-22.3.0/lib/libjli.so
7f368c5dc000-7f368c5df000 r--p 00000000 00:105a 4611686019106210071      /nix/store/026hln0aq1hyshaxsdvhg0kmcm6yf45r-zlib-1.2.13/lib/libz.so.1.2.13
7f368c5df000-7f368c5f1000 r-xp 00003000 00:105a 4611686019106210071      /nix/store/026hln0aq1hyshaxsdvhg0kmcm6yf45r-zlib-1.2.13/lib/libz.so.1.2.13
7f368c5f1000-7f368c5f8000 r--p 00015000 00:105a 4611686019106210071      /nix/store/026hln0aq1hyshaxsdvhg0kmcm6yf45r-zlib-1.2.13/lib/libz.so.1.2.13
7f368c5f8000-7f368c5f9000 r--p 0001b000 00:105a 4611686019106210071      /nix/store/026hln0aq1hyshaxsdvhg0kmcm6yf45r-zlib-1.2.13/lib/libz.so.1.2.13
7f368c5f9000-7f368c5fa000 rw-p 0001c000 00:105a 4611686019106210071      /nix/store/026hln0aq1hyshaxsdvhg0kmcm6yf45r-zlib-1.2.13/lib/libz.so.1.2.13
7f368c5fa000-7f368c5fc000 rw-p 00000000 00:00 0 
7f368c5fc000-7f368c5fe000 r--p 00000000 00:105a 4611686019027979912      /nix/store/4nlgxhb09sdr51nc9hdm8az5b08vzkgx-glibc-2.35-163/lib/ld-linux-x86-64.so.2
7f368c5fe000-7f368c625000 r-xp 00002000 00:105a 4611686019027979912      /nix/store/4nlgxhb09sdr51nc9hdm8az5b08vzkgx-glibc-2.35-163/lib/ld-linux-x86-64.so.2
7f368c625000-7f368c631000 r--p 00029000 00:105a 4611686019027979912      /nix/store/4nlgxhb09sdr51nc9hdm8az5b08vzkgx-glibc-2.35-163/lib/ld-linux-x86-64.so.2
7f368c631000-7f368c633000 r--p 00034000 00:105a 4611686019027979912      /nix/store/4nlgxhb09sdr51nc9hdm8az5b08vzkgx-glibc-2.35-163/lib/ld-linux-x86-64.so.2
7f368c633000-7f368c635000 rw-p 00036000 00:105a 4611686019027979912      /nix/store/4nlgxhb09sdr51nc9hdm8az5b08vzkgx-glibc-2.35-163/lib/ld-linux-x86-64.so.2
7ffea67fd000-7ffea6821000 rw-p 00000000 00:00 0                          [stack]
7ffea684f000-7ffea6853000 r--p 00000000 00:00 0                          [vvar]
7ffea6853000-7ffea6855000 r-xp 00000000 00:00 0                          [vdso]
ffffffffff600000-ffffffffff601000 --xp 00000000 00:00 0                  [vsyscall]


VM Arguments:
jvm_args: -XX:ThreadPriorityPolicy=1 -XX:+UnlockExperimentalVMOptions -XX:+EnableJVMCIProduct -XX:JVMCIThreadsPerNativeLibraryRuntime=1 -XX:-UnlockExperimentalVMOptions -Declipse.application=org.eclipse.jdt.ls.core.id1 -Dosgi.bundles.defaultStartLevel=4 -Declipse.product=org.eclipse.jdt.ls.core.product -Dlog.level=ALL -Xverify:none -XX:+UseParallelGC -XX:GCTimeRatio=4 -XX:AdaptiveSizePolicyWeight=90 -Dsun.zip.disableMemoryMapping=true -Xmx512m -Xms100m 
java_command: /nix/store/m6gcpi1ii6rghy04cjwjddcavv7i90df-jdt-language-server-1.9.0/share/java/plugins/org.eclipse.equinox.launcher_1.6.400.v20210924-0641.jar --add-modules=ALL-SYSTEM --add-opens java.base/java.util=ALL-UNNAMED --add-opens java.base/java.lang=ALL-UNNAMED -configuration /home/runner/.cache/jdt-language-server/config -data /home/runner/.cache/jdt-language-server/data/home/runner/tictactoe
java_class_path (initial): /nix/store/m6gcpi1ii6rghy04cjwjddcavv7i90df-jdt-language-server-1.9.0/share/java/plugins/org.eclipse.equinox.launcher_1.6.400.v20210924-0641.jar
Launcher Type: SUN_STANDARD

[Global flags]
    uintx AdaptiveSizePolicyWeight                 = 90                                        {product} {command line}
     intx CICompilerCount                          = 2                                         {product} {ergonomic}
     bool EnableJVMCIProduct                       = true                                {JVMCI product} {jimage}
    uintx GCTimeRatio                              = 4                                         {product} {command line}
   size_t InitialHeapSize                          = 104857600                                 {product} {command line}
     uint JVMCIThreadsPerNativeLibraryRuntime      = 1                                   {JVMCI product} {jimage}
   size_t MaxHeapSize                              = 536870912                                 {product} {command line}
   size_t MaxNewSize                               = 178782208                                 {product} {ergonomic}
   size_t MinHeapDeltaBytes                        = 524288                                    {product} {ergonomic}
   size_t MinHeapSize                              = 104857600                                 {product} {command line}
   size_t NewSize                                  = 34603008                                  {product} {ergonomic}
    uintx NonNMethodCodeHeapSize                   = 5826188                                {pd product} {ergonomic}
    uintx NonProfiledCodeHeapSize                  = 122916026                              {pd product} {ergonomic}
   size_t OldSize                                  = 70254592                                  {product} {ergonomic}
    uintx ProfiledCodeHeapSize                     = 122916026                              {pd product} {ergonomic}
    uintx ReservedCodeCacheSize                    = 251658240                              {pd product} {ergonomic}
     bool SegmentedCodeCache                       = true                                      {product} {ergonomic}
   size_t SoftMaxHeapSize                          = 536870912                              {manageable} {ergonomic}
     intx ThreadPriorityPolicy                     = 1                                         {product} {jimage}
     bool UseCompressedClassPointers               = true                           {product lp64_product} {ergonomic}
     bool UseCompressedOops                        = true                           {product lp64_product} {ergonomic}
     bool UseParallelGC                            = true                                      {product} {command line}

Logging:
Log output configuration:
 #0: stdout all=warning uptime,level,tags
 #1: stderr all=off uptime,level,tags

Environment Variables:
JAVA_HOME=/nix/store/gpxl5qgg8kicmcvivwmybwjlpf7wh20l-graalvm17-ce-22.3.0
PATH=/nix/store/1d6ian3r8kdzspw8hacjhl3xkp40g1lj-binutils-wrapper-2.39/bin:/nix/store/dq0xwmsk1g0i2ayg6pb7y87na2knzylh-gcc-wrapper-11.3.0/bin:/nix/store/bap4d0lpcrhpwmpb8ayjcgkmvfj62lnq-bash-interactive-5.1-p16/bin:/nix/store/pr5n59mb4jzmfx6kanwxly0l07p861fg-patchelf-0.15.0/bin:/nix/store/1gf2flfqnpqbr1b4p4qz2f72y42bs56r-gcc-11.3.0/bin:/nix/store/57xv61c5zi8pphjbcwxxjlgc34p61ic9-glibc-2.35-163-bin/bin:/nix/store/a7gvj343m05j2s32xcnwr35v31ynlypr-coreutils-9.1/bin:/nix/store/039g378vc3pc3dvi9dzdlrd0i4q93qwf-binutils-2.39/bin:/nix/store/gpxl5qgg8kicmcvivwmybwjlpf7wh20l-graalvm17-ce-22.3.0/bin:/nix/store/6z9ag3ihc8mq2hzsw48lhbznvzny65nz-apache-maven-3.8.6/bin:/nix/store/m6gcpi1ii6rghy04cjwjddcavv7i90df-jdt-language-server-1.9.0/bin:/nix/store/84xs5alhs01zrbr4ywm05kxbjbp5590l-java-debug/bin:/nix/store/mydc6f4k2z73xlcz7ilif3v2lcaiqvza-findutils-4.9.0/bin:/nix/store/j9p3g8472iijd50vhdprx0nmk2fqn5gv-diffutils-3.8/bin:/nix/store/89zs7rms6x00xfq4dq6m7mjnhkr8a6r4-gnused-4.8/bin:/nix/store/86bp03jkmsl6f92w0yzg4s59g5mhxwmy-gnugrep-3.7/bin:/nix/store/hwcdqw4jrjnd37wxqgsd47hd0j8bnj09-gawk-5.1.1/bin:/nix/store/cfbhw8r8ags41vwqaz47r583d0p4h4a1-gnutar-1.34/bin:/nix/store/p3m1ndl1lapwrlh698bnb5lvvxh67378-gzip-1.12/bin:/nix/store/a8mhcagrsly7c7mpjrpsnaahk4aax056-bzip2-1.0.8-bin/bin:/nix/store/mblgz65m3zv9x548a3d5m96fj2pbwr09-gnumake-4.3/bin:/nix/store/dsd5gz46hdbdk2rfdimqddhq6m8m8fqs-bash-5.1-p16/bin:/nix/store/v7ljksji50mg3w61dykaa3n3y79n6nil-patch-2.7.6/bin:/nix/store/zlcnmqq14jz5x9439jf937mvayyl63da-xz-5.2.7-bin/bin:/nix/store/y6aj732zm9m87c82fpvf103a1xb22blp-file-5.43/bin:/nix/store/i4kzir3m7mrisxmf5xvlnkw01x4qaqr4-prybar-elisp-0.0.0-e0d9a52/bin:/nix/store/lwwivxf6h7x3cvxp9zv8sj0mv7dak99r-prybar-lua-0.0.0-e0d9a52/bin:/nix/store/gxj28g1cg4hq3qanmjv07156h800qr58-prybar-python3-0.0.0-e0d9a52/bin:/nix/store/hshkjnxrgidigf8x75vg6lqng2xlx9i3-prybar-sqlite-0.0.0-e0d9a52/bin:/nix/store/c4w01bpjgyy5ixmwdk8m1pw87zq4sl26-prybar-tcl-0.0.0-e0d9a52/bin:/nix/store/hpbvrlwd5viqmvcaisb3x0118i913a9n-st
LD_LIBRARY_PATH=/nix/store/a4pff549sk2idnkpzk5nsfps3mdkdnvm-cups-2.4.2-lib/lib:/nix/store/72mqxxhh3cy5yifh92wh2yb8cl2hikyy-cairo-1.16.0/lib:/nix/store/2k366jrbsra97gjfxwvrhvixjfxdach5-glib-2.74.1/lib:/nix/store/2j2znigd8ak37rlwh9khz0ry3clqlw1l-gtk+3-3.24.34/lib:/nix/store/hisqvx32cd57apbpcsnkpx6k3549wql1-libglvnd-1.4.0/lib:/nix/store/p36pgcv991mq5srvg765b78yqpxvk3qs-mesa-21.3.3-drivers/lib:/nix/store/mav4251if1ahjq5vkpwycyyvnmy459c4-pulseaudio-14.2/lib
DISPLAY=:0
LANG=en_US.UTF-8

Signal Handlers:
   SIGSEGV: crash_handler in libjvm.so, mask=11100100010111111101111111111110, flags=SA_RESTART|SA_SIGINFO
    SIGBUS: crash_handler in libjvm.so, mask=11100100010111111101111111111110, flags=SA_RESTART|SA_SIGINFO
    SIGFPE: crash_handler in libjvm.so, mask=11100100010111111101111111111110, flags=SA_RESTART|SA_SIGINFO
   SIGPIPE: IsolateEnterStub_IgnoreSIGPIPEStartupHook_noopSignalHandler_8f19bff2f35b5f630d83b364d6b2339320d4ec70_216e8361c6bc87a8f89f58cc10d3b2fd4415bf87 in libjvmcicompiler.so, mask=00000000000000000000000000000000, flags=SA_RESTART
  *** Handler was modified!
  *** Expected: javaSignalHandler in libjvm.so, mask=11100100110111111111111111111110, flags=SA_RESTART|SA_SIGINFO
   SIGXFSZ: javaSignalHandler in libjvm.so, mask=11100100010111111101111111111110, flags=SA_RESTART|SA_SIGINFO
    SIGILL: crash_handler in libjvm.so, mask=11100100010111111101111111111110, flags=SA_RESTART|SA_SIGINFO
   SIGUSR2: SR_handler in libjvm.so, mask=00000000000000000000000000000000, flags=SA_RESTART|SA_SIGINFO
    SIGHUP: UserHandler in libjvm.so, mask=11100100010111111101111111111110, flags=SA_RESTART|SA_SIGINFO
    SIGINT: UserHandler in libjvm.so, mask=11100100010111111101111111111110, flags=SA_RESTART|SA_SIGINFO
   SIGTERM: UserHandler in libjvm.so, mask=11100100010111111101111111111110, flags=SA_RESTART|SA_SIGINFO
   SIGQUIT: UserHandler in libjvm.so, mask=11100100010111111101111111111110, flags=SA_RESTART|SA_SIGINFO
  *** Handler was modified!
  *** Expected: javaSignalHandler in libjvm.so, mask=11100100110111111111111111111110, flags=SA_RESTART|SA_SIGINFO
   SIGTRAP: crash_handler in libjvm.so, mask=11100100010111111101111111111110, flags=SA_RESTART|SA_SIGINFO


---------------  S Y S T E M  ---------------

OS:
DISTRIB_ID=Ubuntu
DISTRIB_RELEASE=20.04
DISTRIB_CODENAME=focal
DISTRIB_DESCRIPTION="Ubuntu 20.04.2 LTS"
uname: Linux 5.19.0-1027-gcp #29~22.04.1-Ubuntu SMP Thu Jun 22 05:13:17 UTC 2023 x86_64
OS uptime: 0 days 14:20 hours
libc: glibc 2.35 NPTL 2.35 
rlimit (soft/hard): STACK 8192k/infinity , CORE infinity/infinity , NPROC infinity/infinity , NOFILE 5242/5242 , AS infinity/infinity , CPU infinity/infinity , DATA infinity/infinity , FSIZE infinity/infinity , MEMLOCK 8192k/8192k
load average: 13.21 13.32 13.72

/proc/meminfo:
MemTotal:       65839956 kB
MemFree:        14411816 kB
MemAvailable:   36216328 kB
Buffers:         2184676 kB
Cached:         18413764 kB
SwapCached:            0 kB
Active:          9802128 kB
Inactive:       38087188 kB
Active(anon):      11380 kB
Inactive(anon): 27074836 kB
Active(file):    9790748 kB
Inactive(file): 11012352 kB
Unevictable:       28656 kB
Mlocked:           28656 kB
SwapTotal:             0 kB
SwapFree:              0 kB
Zswap:                 0 kB
Zswapped:              0 kB
Dirty:              5464 kB
Writeback:             0 kB
AnonPages:      24351208 kB
Mapped:          2115984 kB
Shmem:            238940 kB
KReclaimable:    1727900 kB
Slab:            2528896 kB
SReclaimable:    1727900 kB
SUnreclaim:       800996 kB
KernelStack:      172588 kB
PageTables:       256936 kB
NFS_Unstable:          0 kB
Bounce:                0 kB
WritebackTmp:          0 kB
CommitLimit:    32919976 kB
Committed_AS:   82915760 kB
VmallocTotal:   34359738367 kB
VmallocUsed:      211100 kB
VmallocChunk:          0 kB
Percpu:            44640 kB
HardwareCorrupted:     0 kB
AnonHugePages:   3471360 kB
ShmemHugePages:        0 kB
ShmemPmdMapped:        0 kB
FileHugePages:         0 kB
FilePmdMapped:         0 kB
HugePages_Total:       0
HugePages_Free:        0
HugePages_Rsvd:        0
HugePages_Surp:        0
Hugepagesize:       2048 kB
Hugetlb:               0 kB
DirectMap4k:     9349944 kB
DirectMap2M:    50415616 kB
DirectMap1G:     9437184 kB

/sys/kernel/mm/transparent_hugepage/enabled: always [madvise] never
/sys/kernel/mm/transparent_hugepage/defrag (defrag/compaction efforts parameter): always defer defer+madvise [madvise] never

Process Memory:
Virtual Size: 4921432K (peak: 4980540K)
Resident Set Size: 769256K (peak: 835200K) (anon: 577768K, file: 191488K, shmem: 0K)
Swapped out: 0K
C-Heap outstanding allocations: 44294K, retained: 17461K
glibc malloc tunables: (default)

/proc/sys/kernel/threads-max (system-wide limit on the number of threads): 514310
/proc/sys/vm/max_map_count (maximum number of memory map areas a process may have): 65530
/proc/sys/kernel/pid_max (system-wide limit on number of process identifiers): 4194304

container (cgroup) information:
container_type: cgroupv1
cpu_cpuset_cpus: 2-7
cpu_memory_nodes: 0
active_processor_count: 1
cpu_quota: 50000
cpu_period: 100000
cpu_shares: 512
memory_limit_in_bytes: 1048576 k
memory_and_swap_limit_in_bytes: 1048576 k
memory_soft_limit_in_bytes: 524288 k
memory_usage_in_bytes: 656728 k
memory_max_usage_in_bytes: 720976 k
maximum number of tasks: 1000
current number of tasks: 62

KVM virtualization detected
Steal ticks since vm start: 0
Steal ticks percentage since vm start:  0.000

CPU: total 8 (initial active 1) (8 cores per cpu, 2 threads per core) family 23 model 49 stepping 0 microcode 0xffffffff, cx8, cmov, fxsr, ht, mmx, 3dnowpref, sse, sse2, sse3, ssse3, sse4a, sse4.1, sse4.2, popcnt, lzcnt, tsc, tscinvbit, avx, avx2, aes, clmul, bmi1, bmi2, adx, sha, fma, vzeroupper, clflush, clflushopt, hv
CPU Model and flags from /proc/cpuinfo:
model name	: AMD EPYC 7B12
flags		: fpu vme de pse tsc msr pae mce cx8 apic sep mtrr pge mca cmov pat pse36 clflush mmx fxsr sse sse2 ht syscall nx mmxext fxsr_opt pdpe1gb rdtscp lm constant_tsc rep_good nopl nonstop_tsc cpuid extd_apicid tsc_known_freq pni pclmulqdq ssse3 fma cx16 sse4_1 sse4_2 movbe popcnt aes xsave avx f16c rdrand hypervisor lahf_lm cmp_legacy cr8_legacy abm sse4a misalignsse 3dnowprefetch osvw topoext ssbd ibrs ibpb stibp vmmcall fsgsbase tsc_adjust bmi1 avx2 smep bmi2 rdseed adx smap clflushopt clwb sha_ni xsaveopt xsavec xgetbv1 clzero xsaveerptr arat npt nrip_save umip rdpid

Online cpus: 0-7
Offline cpus: 
BIOS frequency limitation: <Not Available>
Frequency switch latency (ns): <Not Available>
Available cpu frequencies: <Not Available>
Current governor: <Not Available>
Core performance/turbo boost: <Not Available>

Memory: 4k page, physical 1048576k(391840k free), swap 0k(0k free)
Page Sizes: 4k

vm_info: OpenJDK 64-Bit Server VM (17.0.5+8-jvmci-22.3-b08) for linux-amd64 JRE (17.0.5+8-jvmci-22.3-b08), built on Oct 19 2022 09:01:27 by "buildslave" with gcc 10.3.0

END.
