#
# A fatal error has been detected by the Java Runtime Environment:
#
#  Internal Error (jvmciRuntime.cpp:1609), pid=21, tid=35
#  fatal error: Fatal exception in JVMCI: Error calling jdk.vm.ci.services.Services.serializeSavedProperties
#
# JRE version: OpenJDK Runtime Environment GraalVM CE 22.3.0 (17.0.5+8) (build 17.0.5+8-jvmci-22.3-b08)
# Java VM: OpenJDK 64-Bit Server VM GraalVM CE 22.3.0 (17.0.5+8-jvmci-22.3-b08, mixed mode, sharing, tiered, jvmci, jvmci compiler, compressed oops, compressed class ptrs, parallel gc, linux-amd64)
# Problematic frame:
# V  [libjvm.so+0x972714]  JVMCIRuntime::fatal_exception(JVMCIEnv*, char const*)+0x74
#
# Core dump will be written. Default location: Core dumps may be processed with "/usr/share/apport/apport -p%p -s%s -c%c -d%d -P%P -u%u -g%g -- %E" (or dumping to /home/runner/tictactoe/core.21)
#
# If you would like to submit a bug report, please visit:
#   https://github.com/oracle/graal/issues
#

---------------  S U M M A R Y ------------

Command Line: -XX:ThreadPriorityPolicy=1 -XX:+UnlockExperimentalVMOptions -XX:+EnableJVMCIProduct -XX:JVMCIThreadsPerNativeLibraryRuntime=1 -XX:-UnlockExperimentalVMOptions -Declipse.application=org.eclipse.jdt.ls.core.id1 -Dosgi.bundles.defaultStartLevel=4 -Declipse.product=org.eclipse.jdt.ls.core.product -Dlog.level=ALL -Xverify:none -XX:+UseParallelGC -XX:GCTimeRatio=4 -XX:AdaptiveSizePolicyWeight=90 -Dsun.zip.disableMemoryMapping=true -Xmx512m -Xms100m /nix/store/m6gcpi1ii6rghy04cjwjddcavv7i90df-jdt-language-server-1.9.0/share/java/plugins/org.eclipse.equinox.launcher_1.6.400.v20210924-0641.jar --add-modules=ALL-SYSTEM --add-opens java.base/java.util=ALL-UNNAMED --add-opens java.base/java.lang=ALL-UNNAMED -configuration /home/runner/.cache/jdt-language-server/config -data /home/runner/.cache/jdt-language-server/data/home/runner/tictactoe

Host: AMD EPYC 7B12, 8 cores, 1G, Ubuntu 20.04.2 LTS
Time: Thu Jul  6 20:11:15 2023 UTC elapsed time: 171.507862 seconds (0d 0h 2m 51s)

---------------  T H R E A D  ---------------

Current thread (0x00007f1db40b21d0):  JavaThread "JVMCI-native CompilerThread0" daemon [_thread_in_vm, id=35, stack(0x00007f1d9961a000,0x00007f1d9981a000)]


Current CompileTask:
JVMCI-native: 171508 8968       4       java.util.concurrent.locks.ReentrantReadWriteLock$Sync::tryReleaseShared (146 bytes)

Stack: [0x00007f1d9961a000,0x00007f1d9981a000],  sp=0x00007f1d99818380,  free space=2040k
Native frames: (J=compiled Java code, j=interpreted, Vv=VM code, C=native code)
V  [libjvm.so+0x972714]  JVMCIRuntime::fatal_exception(JVMCIEnv*, char const*)+0x74
V  [libjvm.so+0x93e2fe]  JVMCIEnv::copy_saved_properties()+0x14e
V  [libjvm.so+0x9732a9]  JVMCIRuntime::initialize(JVMCIEnv*)+0xb19
V  [libjvm.so+0x9738a2]  JVMCIRuntime::get_HotSpotJVMCIRuntime(JVMCIEnv*)+0x12
V  [libjvm.so+0x9749f2]  JVMCIRuntime::compile_method(JVMCIEnv*, JVMCICompiler*, methodHandle const&, int)+0xd2
V  [libjvm.so+0x5b0d20]  CompileBroker::invoke_compiler_on_method(CompileTask*)+0x1470
V  [libjvm.so+0x5b12e8]  CompileBroker::compiler_thread_loop()+0x528
V  [libjvm.so+0xd82460]  JavaThread::thread_main_inner()+0xd0
V  [libjvm.so+0xd85a40]  Thread::call_run()+0xc0
V  [libjvm.so+0xbdb1e1]  thread_native_entry(Thread*)+0xe1

Register to memory mapping:

RAX=0x00007f1db935b000 points into unknown readable memory: 0x0000000000000058 | 58 00 00 00 00 00 00 00
RBX=0x00007f1dba456398: <offset 0x0000000000ef5398> in /nix/store/gpxl5qgg8kicmcvivwmybwjlpf7wh20l-graalvm17-ce-22.3.0/lib/server/libjvm.so at 0x00007f1db9561000
RCX=0x00007f1dba40e1e8: <offset 0x0000000000ead1e8> in /nix/store/gpxl5qgg8kicmcvivwmybwjlpf7wh20l-graalvm17-ce-22.3.0/lib/server/libjvm.so at 0x00007f1db9561000
RDX=0x0000000000000649 is an unknown value
RSP=0x00007f1d99818380 is pointing into the stack for thread: 0x00007f1db40b21d0
RBP=0x00007f1d998183a0 is pointing into the stack for thread: 0x00007f1db40b21d0
RSI=0x00007f1dba456c48: <offset 0x0000000000ef5c48> in /nix/store/gpxl5qgg8kicmcvivwmybwjlpf7wh20l-graalvm17-ce-22.3.0/lib/server/libjvm.so at 0x00007f1db9561000
RDI=0x00000000e0000000 is an oop: java.lang.String 
{0x00000000e0000000} - klass: 'java/lang/String'
 - string: "resolution"
R8 =0x00007f1dba456398: <offset 0x0000000000ef5398> in /nix/store/gpxl5qgg8kicmcvivwmybwjlpf7wh20l-graalvm17-ce-22.3.0/lib/server/libjvm.so at 0x00007f1db9561000
R9 =0x00007f1d99818330 is pointing into the stack for thread: 0x00007f1db40b21d0
R10=0x00007f1d99819948 is pointing into the stack for thread: 0x00007f1db40b21d0
R11=0x0000000000000293 is an unknown value
R12=0x0 is NULL
R13=0x00007f1db40b21d0 is a thread
R14=0x00007f1db4000b80 points into unknown readable memory: 0x00007f1dba687a38 | 38 7a 68 ba 1d 7f 00 00
R15=0x00007f1dba795e40: <offset 0x0000000001234e40> in /nix/store/gpxl5qgg8kicmcvivwmybwjlpf7wh20l-graalvm17-ce-22.3.0/lib/server/libjvm.so at 0x00007f1db9561000


Registers:
RAX=0x00007f1db935b000, RBX=0x00007f1dba456398, RCX=0x00007f1dba40e1e8, RDX=0x0000000000000649
RSP=0x00007f1d99818380, RBP=0x00007f1d998183a0, RSI=0x00007f1dba456c48, RDI=0x00000000e0000000
R8 =0x00007f1dba456398, R9 =0x00007f1d99818330, R10=0x00007f1d99819948, R11=0x0000000000000293
R12=0x0000000000000000, R13=0x00007f1db40b21d0, R14=0x00007f1db4000b80, R15=0x00007f1dba795e40
RIP=0x00007f1db9ed3714, EFLAGS=0x0000000000010206, CSGSFS=0x002b000000000033, ERR=0x0000000000000006
  TRAPNO=0x000000000000000e

Top of Stack: (sp=0x00007f1d99818380)
0x00007f1d99818380:   00007f1d99818940 00007f1db40b21d0
0x00007f1d99818390:   00007f1db8cec8c8 0000000800c409d8
0x00007f1d998183a0:   00007f1d99818500 00007f1db9e9f2fe
0x00007f1d998183b0:   00007f1d998183e0 00007f1d99818440 

Instructions: (pc=0x00007f1db9ed3714)
0x00007f1db9ed3614:   30 e8 f6 cf e8 ff 4c 89 e7 e8 2e 48 d1 ff 84 db
0x00007f1db9ed3624:   75 2a 4d 85 ed 74 04 4d 8b 6d 00 48 83 c4 08 44
0x00007f1db9ed3634:   89 f9 4c 89 f2 4c 89 ee 5b 4c 89 e7 41 5c 41 5d
0x00007f1db9ed3644:   41 5e 41 5f 5d e9 e2 47 d1 ff 66 90 48 83 c4 08
0x00007f1db9ed3654:   5b 41 5c 41 5d 41 5e 41 5f 5d c3 90 31 d2 be 08
0x00007f1db9ed3664:   00 00 00 4c 89 ff e8 b1 78 a3 ff 49 89 c5 e9 37
0x00007f1db9ed3674:   ff ff ff 66 0f 1f 84 00 00 00 00 00 48 8b 7a 08
0x00007f1db9ed3684:   e9 6d ff ff ff 0f 1f 80 00 00 00 00 e8 5b 48 0a
0x00007f1db9ed3694:   00 84 c0 75 89 e9 6a ff ff ff 66 90 55 48 89 e5
0x00007f1db9ed36a4:   41 56 41 55 41 54 49 89 fc 53 48 89 f3 66 48 8d
0x00007f1db9ed36b4:   3d 27 5e 85 00 66 66 48 e8 df 43 8d ff 4c 8b 28
0x00007f1db9ed36c4:   8b 05 be 72 8a 00 85 c0 75 14 ba 01 00 00 00 48
0x00007f1db9ed36d4:   8d 0d ae 72 8a 00 f0 0f b1 11 85 c0 74 4e be c8
0x00007f1db9ed36e4:   00 00 00 4c 89 ef e8 01 0b 41 00 48 8d 05 12 ac
0x00007f1db9ed36f4:   85 00 49 89 d8 48 8d 0d e8 aa 53 00 ba 49 06 00
0x00007f1db9ed3704:   00 48 8d 35 3c 35 58 00 bf 00 00 00 e0 48 8b 00
0x00007f1db9ed3714:   c6 00 58 31 c0 e8 e2 91 c6 ff 5b 41 5c 41 5d 41
0x00007f1db9ed3724:   5e 5d e9 55 34 26 00 0f 1f 44 00 00 48 8d 05 81
0x00007f1db9ed3734:   a3 8b 00 48 89 df 4c 8b 30 e8 9e 43 8d ff 48 89
0x00007f1db9ed3744:   de 48 89 c2 49 8b 06 4c 89 f7 ff 50 08 4c 89 f7
0x00007f1db9ed3754:   e8 a7 5c 27 00 4d 85 e4 74 12 be 01 00 00 00 4c
0x00007f1db9ed3764:   89 e7 e8 35 43 fc ff eb 82 0f 1f 00 be 01 00 00
0x00007f1db9ed3774:   00 4c 89 ef e8 d3 fd ff ff e9 6d ff ff ff 66 66
0x00007f1db9ed3784:   2e 0f 1f 84 00 00 00 00 00 0f 1f 00 55 48 89 e5
0x00007f1db9ed3794:   41 57 41 56 41 55 41 54 53 48 81 ec 08 02 00 00
0x00007f1db9ed37a4:   64 48 8b 04 25 28 00 00 00 48 89 45 c8 8b 07 83
0x00007f1db9ed37b4:   f8 02 0f 84 11 04 00 00 4c 8b 6f 18 49 89 ff 49
0x00007f1db9ed37c4:   89 f4 4d 85 ed 74 14 4c 89 ef e8 5d 57 22 00 41
0x00007f1db9ed37d4:   8b 07 83 f8 02 0f 84 19 04 00 00 48 8d 1d 9a 06
0x00007f1db9ed37e4:   8a 00 4c 8d 35 0b 3c 58 00 eb 38 90 48 85 d2 7f
0x00007f1db9ed37f4:   0d 48 8d 05 b4 c0 85 00 48 83 38 00 7e 0e 41 8b
0x00007f1db9ed3804:   77 2c 4c 89 f7 31 c0 e8 a0 b2 f7 ff 49 8b 7f 18 


Stack slot to memory mapping:
stack at sp + 0 slots: 0x00007f1d99818940 is pointing into the stack for thread: 0x00007f1db40b21d0
stack at sp + 1 slots: 0x00007f1db40b21d0 is a thread
stack at sp + 2 slots: 0x00007f1db8cec8c8 points into unknown readable memory: 0x65730018e552ffff | ff ff 52 e5 18 00 73 65
stack at sp + 3 slots: 0x0000000800c409d8 is a pointer to class: 
jdk.vm.ci.services.Services {0x0000000800c409d8}
 - instance size:     2
 - klass size:        65
 - access:            public final synchronized 
 - state:             fully_initialized
 - name:              'jdk/vm/ci/services/Services'
 - super:             'java/lang/Object'
 - sub:               
 - arrays:            NULL
 - methods:           Array<T>(0x00007f1d99c39730)
 - method ordering:   Array<T>(0x0000000800928960)
 - default_methods:   Array<T>(0x0000000000000000)
 - local interfaces:  Array<T>(0x00000008005ce810)
 - trans. interfaces: Array<T>(0x00000008005ce810)
 - constants:         constant pool [427] {0x00007f1d99c38810} for 'jdk/vm/ci/services/Services' cache=0x00007f1d99c3aa70
 - class loader data:  loader data: 0x00007f1db40283f0 of 'bootstrap'
 - source file:       'Services.java'
 - class annotations:       Array<T>(0x0000000000000000)
 - class type annotations:  Array<T>(0x0000000000000000)
 - field annotations:       Array<T>(0x0000000000000000)
 - field type annotations:  Array<T>(0x0000000000000000)
 - inner classes:     Array<T>(0x00007f1d99c3a9d0)
 - nest members:     Array<T>(0x00007f1d99c3a9f0)
 - permitted subclasses:     Array<T>(0x00000008005ce7a0)
 - java mirror:       a 'java/lang/Class'{0x00000000e014a228} = 'jdk/vm/ci/services/Services'
 - vtable length      5  (start addr: 0x0000000800c40ba8)
 - itable length      2 (start addr: 0x0000000800c40bd0)
 - ---- static fields (3 words):
 - public static final 'IS_BUILDING_NATIVE_IMAGE' 'Z' @128 
 - public static final 'IS_IN_NATIVE_IMAGE' 'Z' @129 
 - private static volatile 'savedProperties' 'Ljava/util/Map;' @112 
 - static final 'JVMCI_ENABLED' 'Z' @130 
 - private static final 'servicesCache' 'Ljava/util/Map;' @116 
 - private static final 'MAX_UNICODE_IN_UTF8_LENGTH' 'I' @120 
 - private static final 'MAX_UTF8_PROPERTY_STRING_LENGTH' 'I' @124 
 - ---- non-static fields (0 words):
 - non-static oop maps: 
stack at sp + 4 slots: 0x00007f1d99818500 is pointing into the stack for thread: 0x00007f1db40b21d0
stack at sp + 5 slots: 0x00007f1db9e9f2fe: <offset 0x000000000093e2fe> in /nix/store/gpxl5qgg8kicmcvivwmybwjlpf7wh20l-graalvm17-ce-22.3.0/lib/server/libjvm.so at 0x00007f1db9561000
stack at sp + 6 slots: 0x00007f1d998183e0 is pointing into the stack for thread: 0x00007f1db40b21d0
stack at sp + 7 slots: 0x00007f1d99818440 is pointing into the stack for thread: 0x00007f1db40b21d0


---------------  P R O C E S S  ---------------

Threads class SMR info:
_java_thread_list=0x00007f1d44039060, length=29, elements={
0x00007f1db4026690, 0x00007f1db40a64d0, 0x00007f1db40a7910, 0x00007f1db40ae040,
0x00007f1db40af3f0, 0x00007f1db40b07e0, 0x00007f1db40b21d0, 0x00007f1db40b36e0,
0x00007f1db40b4b30, 0x00007f1db40d7980, 0x00007f1db41208e0, 0x00007f1db4334220,
0x00007f1db4367610, 0x00007f1db4369e50, 0x00007f1db462ebc0, 0x00007f1d4801a750,
0x00007f1d482a12e0, 0x00007f1d48305500, 0x00007f1d3c0076c0, 0x00007f1d485ee250,
0x00007f1db439bb70, 0x00007f1db4414600, 0x00007f1d34000ff0, 0x00007f1d18000ff0,
0x00007f1d1c442e50, 0x00007f1d1c443920, 0x00007f1d0400b9e0, 0x00007f1d1c437c60,
0x00007f1d28018bd0
}

Java Threads: ( => current thread )
  0x00007f1db4026690 JavaThread "main" [_thread_blocked, id=27, stack(0x00007f1db937c000,0x00007f1db947c000)]
  0x00007f1db40a64d0 JavaThread "Reference Handler" daemon [_thread_blocked, id=30, stack(0x00007f1db8393000,0x00007f1db8493000)]
  0x00007f1db40a7910 JavaThread "Finalizer" daemon [_thread_blocked, id=31, stack(0x00007f1db8293000,0x00007f1db8393000)]
  0x00007f1db40ae040 JavaThread "Signal Dispatcher" daemon [_thread_blocked, id=32, stack(0x00007f1db8193000,0x00007f1db8293000)]
  0x00007f1db40af3f0 JavaThread "Service Thread" daemon [_thread_blocked, id=33, stack(0x00007f1db8093000,0x00007f1db8193000)]
  0x00007f1db40b07e0 JavaThread "Monitor Deflation Thread" daemon [_thread_blocked, id=34, stack(0x00007f1d9981a000,0x00007f1d9991a000)]
=>0x00007f1db40b21d0 JavaThread "JVMCI-native CompilerThread0" daemon [_thread_in_vm, id=35, stack(0x00007f1d9961a000,0x00007f1d9981a000)]
  0x00007f1db40b36e0 JavaThread "C1 CompilerThread0" daemon [_thread_blocked, id=36, stack(0x00007f1d9941a000,0x00007f1d9961a000)]
  0x00007f1db40b4b30 JavaThread "Sweeper thread" daemon [_thread_blocked, id=37, stack(0x00007f1d9931a000,0x00007f1d9941a000)]
  0x00007f1db40d7980 JavaThread "Common-Cleaner" daemon [_thread_blocked, id=38, stack(0x00007f1d9921a000,0x00007f1d9931a000)]
  0x00007f1db41208e0 JavaThread "Notification Thread" daemon [_thread_blocked, id=39, stack(0x00007f1d9911a000,0x00007f1d9921a000)]
  0x00007f1db4334220 JavaThread "Active Thread: Equinox Container: 5091fc29-6682-4b16-9c96-071edd871450" [_thread_blocked, id=44, stack(0x00007f1d98e00000,0x00007f1d98f00000)]
  0x00007f1db4367610 JavaThread "Framework Event Dispatcher: Equinox Container: 5091fc29-6682-4b16-9c96-071edd871450" daemon [_thread_blocked, id=45, stack(0x00007f1d98c00000,0x00007f1d98d00000)]
  0x00007f1db4369e50 JavaThread "Start Level: Equinox Container: 5091fc29-6682-4b16-9c96-071edd871450" daemon [_thread_blocked, id=46, stack(0x00007f1d98a00000,0x00007f1d98b00000)]
  0x00007f1db462ebc0 JavaThread "Refresh Thread: Equinox Container: 5091fc29-6682-4b16-9c96-071edd871450" daemon [_thread_blocked, id=47, stack(0x00007f1d98800000,0x00007f1d98900000)]
  0x00007f1d4801a750 JavaThread "SCR Component Actor" daemon [_thread_blocked, id=48, stack(0x00007f1d98600000,0x00007f1d98700000)]
  0x00007f1d482a12e0 JavaThread "Worker-JM" [_thread_blocked, id=50, stack(0x00007f1d98200000,0x00007f1d98300000)]
  0x00007f1d48305500 JavaThread "Worker-0" [_thread_blocked, id=51, stack(0x00007f1d98000000,0x00007f1d98100000)]
  0x00007f1d3c0076c0 JavaThread "Worker-2" [_thread_blocked, id=53, stack(0x00007f1d60700000,0x00007f1d60800000)]
  0x00007f1d485ee250 JavaThread "Bundle File Closer" daemon [_thread_blocked, id=55, stack(0x00007f1d60300000,0x00007f1d60400000)]
  0x00007f1db439bb70 JavaThread "pool-3-thread-1" [_thread_blocked, id=56, stack(0x00007f1d60100000,0x00007f1d60200000)]
  0x00007f1db4414600 JavaThread "pool-2-thread-1" [_thread_in_native, id=57, stack(0x00007f1d5ff00000,0x00007f1d60000000)]
  0x00007f1d34000ff0 JavaThread "Worker-3: Java indexing... " [_thread_blocked, id=58, stack(0x00007f1d5fd00000,0x00007f1d5fe00000)]
  0x00007f1d18000ff0 JavaThread "Worker-4" [_thread_blocked, id=59, stack(0x00007f1d5fb00000,0x00007f1d5fc00000)]
  0x00007f1d1c442e50 JavaThread "OkHttp repo.maven.apache.org" [_thread_in_native, id=63, stack(0x00007f1d5f900000,0x00007f1d5fa00000)]
  0x00007f1d1c443920 JavaThread "OkHttp ConnectionPool" daemon [_thread_blocked, id=64, stack(0x00007f1d5f700000,0x00007f1d5f800000)]
  0x00007f1d0400b9e0 JavaThread "OkHttp repo.maven.apache.org Writer" [_thread_blocked, id=65, stack(0x00007f1d5f500000,0x00007f1d5f600000)]
  0x00007f1d1c437c60 JavaThread "Okio Watchdog" daemon [_thread_blocked, id=67, stack(0x00007f1d5f100000,0x00007f1d5f200000)]
  0x00007f1d28018bd0 JavaThread "Java indexing" daemon [_thread_blocked, id=73, stack(0x00007f1d98100000,0x00007f1d98200000)]

Other Threads:
  0x00007f1db40a1c10 VMThread "VM Thread" [stack: 0x00007f1db8495000,0x00007f1db8595000] [id=29] _threads_hazard_ptr=0x00007f1d44039060
  0x00007f1db4122280 WatcherThread [stack: 0x00007f1d9901a000,0x00007f1d9911a000] [id=40]
  0x00007f1db403df30 GCTaskThread "GC Thread#0" [stack: 0x00007f1db8f3f000,0x00007f1db903f000] [id=28]

Threads with active compile tasks:
JVMCI-native CompilerThread0   171577 8968       4       java.util.concurrent.locks.ReentrantReadWriteLock$Sync::tryReleaseShared (146 bytes)

VM state: synchronizing (normal execution)

VM Mutex/Monitor currently owned by a thread:  ([mutex/lock_event])
[0x00007f1db4023840] Threads_lock - owner thread: 0x00007f1db40a1c10
[0x00007f1db4023ff0] Heap_lock - owner thread: 0x00007f1d28018bd0

OutOfMemory and StackOverflow Exception counts:
OutOfMemoryError java_heap_errors=8
LinkageErrors=68

Heap address: 0x00000000e0000000, size: 512 MB, Compressed Oops mode: 32-bit

CDS archive(s) mapped at: [0x0000000800000000-0x0000000800bc8000-0x0000000800bc8000), size 12353536, SharedBaseAddress: 0x0000000800000000, ArchiveRelocationMode: 0.
Compressed class space mapped at: 0x0000000800c00000-0x0000000840c00000, reserved size: 1073741824
Narrow klass base: 0x0000000800000000, Narrow klass shift: 0, Narrow klass range: 0x100000000

GC Precious Log:
 CPUs: 8 total, 1 available
 Memory: 1024M
 Large Page Support: Disabled
 NUMA Support: Disabled
 Compressed Oops: Enabled (32-bit)
 Alignments: Space 512K, Generation 512K, Heap 2M
 Heap Min Capacity: 100M
 Heap Initial Capacity: 100M
 Heap Max Capacity: 512M
 Pre-touch: Disabled
 Parallel Workers: 1

Heap:
 PSYoungGen      total 45568K, used 26674K [0x00000000f5580000, 0x00000000fb200000, 0x0000000100000000)
  eden space 17920K, 100% used [0x00000000f5580000,0x00000000f6700000,0x00000000f6700000)
  from space 27648K, 31% used [0x00000000f6700000,0x00000000f6f8c8e8,0x00000000f8200000)
  to   space 37888K, 0% used [0x00000000f8d00000,0x00000000f8d00000,0x00000000fb200000)
 ParOldGen       total 349696K, used 349696K [0x00000000e0000000, 0x00000000f5580000, 0x00000000f5580000)
  object space 349696K, 100% used [0x00000000e0000000,0x00000000f5580000,0x00000000f5580000)
 Metaspace       used 60408K, committed 61312K, reserved 1105920K
  class space    used 6032K, committed 6464K, reserved 1048576K

Card table byte_map: [0x00007f1db903f000,0x00007f1db9140000] _byte_map_base: 0x00007f1db893f000

Marking Bits: (ParMarkBitMap*) 0x00007f1dba78f4c0
 Begin Bits: [0x00007f1d9a4b3000, 0x00007f1d9acb3000)
 End Bits:   [0x00007f1d9acb3000, 0x00007f1d9b4b3000)

Polling page: 0x00007f1db9359000

Metaspace:

Usage:
  Non-class:     53.10 MB used.
      Class:      5.89 MB used.
       Both:     58.99 MB used.

Virtual space:
  Non-class space:       56.00 MB reserved,      53.56 MB ( 96%) committed,  7 nodes.
      Class space:        1.00 GB reserved,       6.31 MB ( <1%) committed,  1 nodes.
             Both:        1.05 GB reserved,      59.88 MB (  6%) committed. 

Chunk freelists:
   Non-Class:  2.27 MB
       Class:  1.71 MB
        Both:  3.97 MB

MaxMetaspaceSize: unlimited
CompressedClassSpaceSize: 1.00 GB
Initial GC threshold: 21.00 MB
Current GC threshold: 99.69 MB
CDS: on
MetaspaceReclaimPolicy: balanced
 - commit_granule_bytes: 65536.
 - commit_granule_words: 8192.
 - virtual_space_node_default_size: 1048576.
 - enlarge_chunks_in_place: 1.
 - new_chunks_are_fully_committed: 0.
 - uncommit_free_chunks: 1.
 - use_allocation_guard: 0.
 - handle_deallocations: 1.


Internal statistics:

num_allocs_failed_limit: 6.
num_arena_births: 510.
num_arena_deaths: 152.
num_vsnodes_births: 8.
num_vsnodes_deaths: 0.
num_space_committed: 957.
num_space_uncommitted: 0.
num_chunks_returned_to_freelist: 215.
num_chunks_taken_from_freelist: 2908.
num_chunk_merges: 84.
num_chunk_splits: 1871.
num_chunks_enlarged: 1177.
num_purges: 4.
num_inconsistent_stats: 0.

CodeHeap 'non-profiled nmethods': size=120036Kb used=2672Kb max_used=2672Kb free=117363Kb
 bounds [0x00007f1da2f7a000, 0x00007f1da321a000, 0x00007f1daa4b3000]
CodeHeap 'profiled nmethods': size=120032Kb used=14255Kb max_used=15648Kb free=105777Kb
 bounds [0x00007f1d9ba42000, 0x00007f1d9c992000, 0x00007f1da2f7a000]
CodeHeap 'non-nmethods': size=5692Kb used=1394Kb max_used=1407Kb free=4298Kb
 bounds [0x00007f1d9b4b3000, 0x00007f1d9b723000, 0x00007f1d9ba42000]
 total_blobs=7580 nmethods=6844 adapters=633
 compilation: enabled
              stopped_count=0, restarted_count=0
 full_count=0

JVMCI Events (20 events):
Event: 86.390 Thread 0x00007f1db40b21d0 compacted oop handles in JVMCI runtime 0 from 55 to 54
Event: 86.404 Thread 0x00007f1db40b21d0 compacted oop handles in JVMCI runtime 0 from 95 to 94
Event: 86.490 Thread 0x00007f1db40b21d0 compacted oop handles in JVMCI runtime 0 from 117 to 114
Event: 86.503 Thread 0x00007f1db40b21d0 compacted oop handles in JVMCI runtime 0 from 116 to 114
Event: 86.580 Thread 0x00007f1db40b21d0 compacted oop handles in JVMCI runtime 0 from 116 to 45
Event: 86.881 Thread 0x00007f1db40b21d0 compacted oop handles in JVMCI runtime 0 from 113 to 46
Event: 86.886 Thread 0x00007f1db40b21d0 compacted oop handles in JVMCI runtime 0 from 63 to 60
Event: 86.987 Thread 0x00007f1db40b21d0 compacted oop handles in JVMCI runtime 0 from 84 to 80
Event: 86.987 Thread 0x00007f1db40b21d0 compacted oop handles in JVMCI runtime 0 from 81 to 60
Event: 88.502 Thread 0x00007f1db40b21d0 detaching from JVMCI runtime 0: releasing idle compiler thread (0 other threads still attached)
Event: 88.502 Thread 0x00007f1db40b21d0 shutting down HotSpotJVMCIRuntime for JVMCI runtime 0
Event: 88.502 Thread 0x00007f1db40b21d0 shut down JVMCI runtime 0
Event: 88.505 Thread 0x00007f1db40b21d0 destroyed JavaVM[3]@0x00007f1d0a69e340 for JVMCI runtime 0
Event: 88.505 Thread 0x00007f1db40b21d0 compacted oop handles in JVMCI runtime 0 from 64 to 64
Event: 88.505 Thread 0x00007f1db40b21d0 releasing handles for JVMCI runtime 0: oop handles=64, metadata handles={total=1120, live=180, blocks=35}
Event: 88.505 Thread 0x00007f1db40b21d0 detached from JVMCI runtime 0
Event: 157.107 Thread 0x00007f1db40b21d0 attached to JVMCI runtime 0
Event: 157.108 Thread 0x00007f1db40b21d0 created JavaVM[4]@0x00007f1d0a69e340 for JVMCI runtime 0
Event: 160.007 Thread 0x00007f1db40b21d0 initializing JVMCI runtime 0
Event: 160.007 Thread 0x00007f1db40b21d0 done waiting for JavaVM references initialization in JVMCI runtime 0

Compilation events (20 events):
Event: 86.888 Thread 0x00007f1db40b21d0 nmethod 8963 0x00007f1da3213e10 code [0x00007f1da3213f80, 0x00007f1da3214010]
Event: 86.888 Thread 0x00007f1db40b21d0 8700   !   4       org.eclipse.jdt.internal.core.util.DeduplicationUtil::intern (22 bytes)
Event: 86.987 Thread 0x00007f1db40b21d0 nmethod 8700 0x00007f1da3214110 code [0x00007f1da3214300, 0x00007f1da32150d0]
Event: 86.987 Thread 0x00007f1db40b21d0 8845       4       org.eclipse.jdt.internal.compiler.impl.IrritantSet::set (23 bytes)
Event: 86.988 Thread 0x00007f1db40b21d0 nmethod 8845 0x00007f1da3215710 code [0x00007f1da3215880, 0x00007f1da3215938]
Event: 86.988 Thread 0x00007f1db40b21d0 8939       4       org.eclipse.jdt.internal.compiler.classfmt.ClassFileStruct::i4At (69 bytes)
Event: 86.990 Thread 0x00007f1db40b21d0 nmethod 8939 0x00007f1da3215a10 code [0x00007f1da3215b80, 0x00007f1da3215c80]
Event: 86.990 Thread 0x00007f1db40b21d0 8678       4       org.eclipse.jdt.internal.compiler.parser.Parser::fetchNextToken (8 bytes)
Event: 86.991 Thread 0x00007f1db40b21d0 nmethod 8678 0x00007f1da3215d90 code [0x00007f1da3215f00, 0x00007f1da3215f78]
Event: 86.991 Thread 0x00007f1db40b21d0 8817       4       java.lang.Character::isHighSurrogate (18 bytes)
Event: 86.991 Thread 0x00007f1db40b21d0 nmethod 8817 0x00007f1da3216090 code [0x00007f1da3216200, 0x00007f1da3216260]
Event: 88.976 Thread 0x00007f1db40b36e0 8964 % !   3       org.eclipse.jdt.internal.core.index.DiskIndex::mergeWith @ 262 (599 bytes)
Event: 88.980 Thread 0x00007f1db40b36e0 nmethod 8964% 0x00007f1d9c7d1590 code [0x00007f1d9c7d1dc0, 0x00007f1d9c7d7fc0]
Event: 89.001 Thread 0x00007f1db40b36e0 8965   !   3       org.eclipse.jdt.internal.core.index.DiskIndex::mergeWith (599 bytes)
Event: 90.195 Thread 0x00007f1db40b36e0 nmethod 8965 0x00007f1d9bcdf410 code [0x00007f1d9bcdfc20, 0x00007f1d9bce5000]
Event: 130.583 Thread 0x00007f1db40b36e0 8967   !   3       org.eclipse.core.internal.jobs.JobManager::nextJob (302 bytes)
Event: 142.412 Thread 0x00007f1db40b36e0 nmethod 8967 0x00007f1d9c33b290 code [0x00007f1d9c33b6e0, 0x00007f1d9c33db50]
Event: 142.412 Thread 0x00007f1db40b36e0 8966   !   3       org.eclipse.core.internal.jobs.JobManager::startJob (187 bytes)
Event: 147.378 Thread 0x00007f1db40b36e0 nmethod 8966 0x00007f1d9c54e390 code [0x00007f1d9c54e6a0, 0x00007f1d9c54f7d0]
Event: 157.107 Thread 0x00007f1db40b21d0 8968       4       java.util.concurrent.locks.ReentrantReadWriteLock$Sync::tryReleaseShared (146 bytes)

GC Heap History (20 events):
Event: 161.824 GC heap before
{Heap before GC invocations=221 (full 101):
 PSYoungGen      total 45568K, used 26674K [0x00000000f5580000, 0x00000000fb200000, 0x0000000100000000)
  eden space 17920K, 100% used [0x00000000f5580000,0x00000000f6700000,0x00000000f6700000)
  from space 27648K, 31% used [0x00000000f6700000,0x00000000f6f8c8e8,0x00000000f8200000)
  to   space 37888K, 0% used [0x00000000f8d00000,0x00000000f8d00000,0x00000000fb200000)
 ParOldGen       total 349696K, used 349696K [0x00000000e0000000, 0x00000000f5580000, 0x00000000f5580000)
  object space 349696K, 100% used [0x00000000e0000000,0x00000000f5580000,0x00000000f5580000)
 Metaspace       used 60408K, committed 61312K, reserved 1105920K
  class space    used 6032K, committed 6464K, reserved 1048576K
}
Event: 162.793 GC heap after
{Heap after GC invocations=221 (full 101):
 PSYoungGen      total 45568K, used 26674K [0x00000000f5580000, 0x00000000fb200000, 0x0000000100000000)
  eden space 17920K, 100% used [0x00000000f5580000,0x00000000f6700000,0x00000000f6700000)
  from space 27648K, 31% used [0x00000000f6700000,0x00000000f6f8c8e8,0x00000000f8200000)
  to   space 37888K, 0% used [0x00000000f8d00000,0x00000000f8d00000,0x00000000fb200000)
 ParOldGen       total 349696K, used 349695K [0x00000000e0000000, 0x00000000f5580000, 0x00000000f5580000)
  object space 349696K, 99% used [0x00000000e0000000,0x00000000f557ffe8,0x00000000f5580000)
 Metaspace       used 60408K, committed 61312K, reserved 1105920K
  class space    used 6032K, committed 6464K, reserved 1048576K
}
Event: 162.794 GC heap before
{Heap before GC invocations=222 (full 102):
 PSYoungGen      total 45568K, used 26674K [0x00000000f5580000, 0x00000000fb200000, 0x0000000100000000)
  eden space 17920K, 100% used [0x00000000f5580000,0x00000000f6700000,0x00000000f6700000)
  from space 27648K, 31% used [0x00000000f6700000,0x00000000f6f8c8e8,0x00000000f8200000)
  to   space 37888K, 0% used [0x00000000f8d00000,0x00000000f8d00000,0x00000000fb200000)
 ParOldGen       total 349696K, used 349696K [0x00000000e0000000, 0x00000000f5580000, 0x00000000f5580000)
  object space 349696K, 100% used [0x00000000e0000000,0x00000000f5580000,0x00000000f5580000)
 Metaspace       used 60408K, committed 61312K, reserved 1105920K
  class space    used 6032K, committed 6464K, reserved 1048576K
}
Event: 163.701 GC heap after
{Heap after GC invocations=222 (full 102):
 PSYoungGen      total 45568K, used 26674K [0x00000000f5580000, 0x00000000fb200000, 0x0000000100000000)
  eden space 17920K, 100% used [0x00000000f5580000,0x00000000f6700000,0x00000000f6700000)
  from space 27648K, 31% used [0x00000000f6700000,0x00000000f6f8c8e8,0x00000000f8200000)
  to   space 37888K, 0% used [0x00000000f8d00000,0x00000000f8d00000,0x00000000fb200000)
 ParOldGen       total 349696K, used 349696K [0x00000000e0000000, 0x00000000f5580000, 0x00000000f5580000)
  object space 349696K, 100% used [0x00000000e0000000,0x00000000f5580000,0x00000000f5580000)
 Metaspace       used 60408K, committed 61312K, reserved 1105920K
  class space    used 6032K, committed 6464K, reserved 1048576K
}
Event: 163.701 GC heap before
{Heap before GC invocations=223 (full 103):
 PSYoungGen      total 45568K, used 26674K [0x00000000f5580000, 0x00000000fb200000, 0x0000000100000000)
  eden space 17920K, 100% used [0x00000000f5580000,0x00000000f6700000,0x00000000f6700000)
  from space 27648K, 31% used [0x00000000f6700000,0x00000000f6f8c8e8,0x00000000f8200000)
  to   space 37888K, 0% used [0x00000000f8d00000,0x00000000f8d00000,0x00000000fb200000)
 ParOldGen       total 349696K, used 349696K [0x00000000e0000000, 0x00000000f5580000, 0x00000000f5580000)
  object space 349696K, 100% used [0x00000000e0000000,0x00000000f5580000,0x00000000f5580000)
 Metaspace       used 60408K, committed 61312K, reserved 1105920K
  class space    used 6032K, committed 6464K, reserved 1048576K
}
Event: 164.621 GC heap after
{Heap after GC invocations=223 (full 103):
 PSYoungGen      total 45568K, used 26674K [0x00000000f5580000, 0x00000000fb200000, 0x0000000100000000)
  eden space 17920K, 100% used [0x00000000f5580000,0x00000000f6700000,0x00000000f6700000)
  from space 27648K, 31% used [0x00000000f6700000,0x00000000f6f8c8e8,0x00000000f8200000)
  to   space 37888K, 0% used [0x00000000f8d00000,0x00000000f8d00000,0x00000000fb200000)
 ParOldGen       total 349696K, used 349696K [0x00000000e0000000, 0x00000000f5580000, 0x00000000f5580000)
  object space 349696K, 100% used [0x00000000e0000000,0x00000000f5580000,0x00000000f5580000)
 Metaspace       used 60408K, committed 61312K, reserved 1105920K
  class space    used 6032K, committed 6464K, reserved 1048576K
}
Event: 164.621 GC heap before
{Heap before GC invocations=224 (full 104):
 PSYoungGen      total 45568K, used 26674K [0x00000000f5580000, 0x00000000fb200000, 0x0000000100000000)
  eden space 17920K, 100% used [0x00000000f5580000,0x00000000f6700000,0x00000000f6700000)
  from space 27648K, 31% used [0x00000000f6700000,0x00000000f6f8c8e8,0x00000000f8200000)
  to   space 37888K, 0% used [0x00000000f8d00000,0x00000000f8d00000,0x00000000fb200000)
 ParOldGen       total 349696K, used 349696K [0x00000000e0000000, 0x00000000f5580000, 0x00000000f5580000)
  object space 349696K, 100% used [0x00000000e0000000,0x00000000f5580000,0x00000000f5580000)
 Metaspace       used 60408K, committed 61312K, reserved 1105920K
  class space    used 6032K, committed 6464K, reserved 1048576K
}
Event: 165.527 GC heap after
{Heap after GC invocations=224 (full 104):
 PSYoungGen      total 45568K, used 26674K [0x00000000f5580000, 0x00000000fb200000, 0x0000000100000000)
  eden space 17920K, 100% used [0x00000000f5580000,0x00000000f6700000,0x00000000f6700000)
  from space 27648K, 31% used [0x00000000f6700000,0x00000000f6f8c8e8,0x00000000f8200000)
  to   space 37888K, 0% used [0x00000000f8d00000,0x00000000f8d00000,0x00000000fb200000)
 ParOldGen       total 349696K, used 349696K [0x00000000e0000000, 0x00000000f5580000, 0x00000000f5580000)
  object space 349696K, 100% used [0x00000000e0000000,0x00000000f5580000,0x00000000f5580000)
 Metaspace       used 60408K, committed 61312K, reserved 1105920K
  class space    used 6032K, committed 6464K, reserved 1048576K
}
Event: 165.527 GC heap before
{Heap before GC invocations=225 (full 105):
 PSYoungGen      total 45568K, used 26674K [0x00000000f5580000, 0x00000000fb200000, 0x0000000100000000)
  eden space 17920K, 100% used [0x00000000f5580000,0x00000000f6700000,0x00000000f6700000)
  from space 27648K, 31% used [0x00000000f6700000,0x00000000f6f8c8e8,0x00000000f8200000)
  to   space 37888K, 0% used [0x00000000f8d00000,0x00000000f8d00000,0x00000000fb200000)
 ParOldGen       total 349696K, used 349696K [0x00000000e0000000, 0x00000000f5580000, 0x00000000f5580000)
  object space 349696K, 100% used [0x00000000e0000000,0x00000000f5580000,0x00000000f5580000)
 Metaspace       used 60408K, committed 61312K, reserved 1105920K
  class space    used 6032K, committed 6464K, reserved 1048576K
}
Event: 166.548 GC heap after
{Heap after GC invocations=225 (full 105):
 PSYoungGen      total 45568K, used 26674K [0x00000000f5580000, 0x00000000fb200000, 0x0000000100000000)
  eden space 17920K, 100% used [0x00000000f5580000,0x00000000f6700000,0x00000000f6700000)
  from space 27648K, 31% used [0x00000000f6700000,0x00000000f6f8c8e8,0x00000000f8200000)
  to   space 37888K, 0% used [0x00000000f8d00000,0x00000000f8d00000,0x00000000fb200000)
 ParOldGen       total 349696K, used 349696K [0x00000000e0000000, 0x00000000f5580000, 0x00000000f5580000)
  object space 349696K, 100% used [0x00000000e0000000,0x00000000f5580000,0x00000000f5580000)
 Metaspace       used 60408K, committed 61312K, reserved 1105920K
  class space    used 6032K, committed 6464K, reserved 1048576K
}
Event: 166.549 GC heap before
{Heap before GC invocations=226 (full 106):
 PSYoungGen      total 45568K, used 26674K [0x00000000f5580000, 0x00000000fb200000, 0x0000000100000000)
  eden space 17920K, 100% used [0x00000000f5580000,0x00000000f6700000,0x00000000f6700000)
  from space 27648K, 31% used [0x00000000f6700000,0x00000000f6f8c8e8,0x00000000f8200000)
  to   space 37888K, 0% used [0x00000000f8d00000,0x00000000f8d00000,0x00000000fb200000)
 ParOldGen       total 349696K, used 349696K [0x00000000e0000000, 0x00000000f5580000, 0x00000000f5580000)
  object space 349696K, 100% used [0x00000000e0000000,0x00000000f5580000,0x00000000f5580000)
 Metaspace       used 60408K, committed 61312K, reserved 1105920K
  class space    used 6032K, committed 6464K, reserved 1048576K
}
Event: 167.622 GC heap after
{Heap after GC invocations=226 (full 106):
 PSYoungGen      total 45568K, used 26674K [0x00000000f5580000, 0x00000000fb200000, 0x0000000100000000)
  eden space 17920K, 100% used [0x00000000f5580000,0x00000000f6700000,0x00000000f6700000)
  from space 27648K, 31% used [0x00000000f6700000,0x00000000f6f8c8e8,0x00000000f8200000)
  to   space 37888K, 0% used [0x00000000f8d00000,0x00000000f8d00000,0x00000000fb200000)
 ParOldGen       total 349696K, used 349695K [0x00000000e0000000, 0x00000000f5580000, 0x00000000f5580000)
  object space 349696K, 99% used [0x00000000e0000000,0x00000000f557ff78,0x00000000f5580000)
 Metaspace       used 60408K, committed 61312K, reserved 1105920K
  class space    used 6032K, committed 6464K, reserved 1048576K
}
Event: 167.622 GC heap before
{Heap before GC invocations=227 (full 107):
 PSYoungGen      total 45568K, used 26674K [0x00000000f5580000, 0x00000000fb200000, 0x0000000100000000)
  eden space 17920K, 100% used [0x00000000f5580000,0x00000000f6700000,0x00000000f6700000)
  from space 27648K, 31% used [0x00000000f6700000,0x00000000f6f8c8e8,0x00000000f8200000)
  to   space 37888K, 0% used [0x00000000f8d00000,0x00000000f8d00000,0x00000000fb200000)
 ParOldGen       total 349696K, used 349695K [0x00000000e0000000, 0x00000000f5580000, 0x00000000f5580000)
  object space 349696K, 99% used [0x00000000e0000000,0x00000000f557fff8,0x00000000f5580000)
 Metaspace       used 60408K, committed 61312K, reserved 1105920K
  class space    used 6032K, committed 6464K, reserved 1048576K
}
Event: 168.610 GC heap after
{Heap after GC invocations=227 (full 107):
 PSYoungGen      total 45568K, used 26674K [0x00000000f5580000, 0x00000000fb200000, 0x0000000100000000)
  eden space 17920K, 100% used [0x00000000f5580000,0x00000000f6700000,0x00000000f6700000)
  from space 27648K, 31% used [0x00000000f6700000,0x00000000f6f8c8e8,0x00000000f8200000)
  to   space 37888K, 0% used [0x00000000f8d00000,0x00000000f8d00000,0x00000000fb200000)
 ParOldGen       total 349696K, used 349695K [0x00000000e0000000, 0x00000000f5580000, 0x00000000f5580000)
  object space 349696K, 99% used [0x00000000e0000000,0x00000000f557ffb8,0x00000000f5580000)
 Metaspace       used 60408K, committed 61312K, reserved 1105920K
  class space    used 6032K, committed 6464K, reserved 1048576K
}
Event: 168.610 GC heap before
{Heap before GC invocations=228 (full 108):
 PSYoungGen      total 45568K, used 26674K [0x00000000f5580000, 0x00000000fb200000, 0x0000000100000000)
  eden space 17920K, 100% used [0x00000000f5580000,0x00000000f6700000,0x00000000f6700000)
  from space 27648K, 31% used [0x00000000f6700000,0x00000000f6f8c8e8,0x00000000f8200000)
  to   space 37888K, 0% used [0x00000000f8d00000,0x00000000f8d00000,0x00000000fb200000)
 ParOldGen       total 349696K, used 349696K [0x00000000e0000000, 0x00000000f5580000, 0x00000000f5580000)
  object space 349696K, 100% used [0x00000000e0000000,0x00000000f5580000,0x00000000f5580000)
 Metaspace       used 60408K, committed 61312K, reserved 1105920K
  class space    used 6032K, committed 6464K, reserved 1048576K
}
Event: 169.530 GC heap after
{Heap after GC invocations=228 (full 108):
 PSYoungGen      total 45568K, used 26674K [0x00000000f5580000, 0x00000000fb200000, 0x0000000100000000)
  eden space 17920K, 100% used [0x00000000f5580000,0x00000000f6700000,0x00000000f6700000)
  from space 27648K, 31% used [0x00000000f6700000,0x00000000f6f8c8e8,0x00000000f8200000)
  to   space 37888K, 0% used [0x00000000f8d00000,0x00000000f8d00000,0x00000000fb200000)
 ParOldGen       total 349696K, used 349695K [0x00000000e0000000, 0x00000000f5580000, 0x00000000f5580000)
  object space 349696K, 99% used [0x00000000e0000000,0x00000000f557ffd0,0x00000000f5580000)
 Metaspace       used 60408K, committed 61312K, reserved 1105920K
  class space    used 6032K, committed 6464K, reserved 1048576K
}
Event: 169.530 GC heap before
{Heap before GC invocations=229 (full 109):
 PSYoungGen      total 45568K, used 26674K [0x00000000f5580000, 0x00000000fb200000, 0x0000000100000000)
  eden space 17920K, 100% used [0x00000000f5580000,0x00000000f6700000,0x00000000f6700000)
  from space 27648K, 31% used [0x00000000f6700000,0x00000000f6f8c8e8,0x00000000f8200000)
  to   space 37888K, 0% used [0x00000000f8d00000,0x00000000f8d00000,0x00000000fb200000)
 ParOldGen       total 349696K, used 349696K [0x00000000e0000000, 0x00000000f5580000, 0x00000000f5580000)
  object space 349696K, 100% used [0x00000000e0000000,0x00000000f5580000,0x00000000f5580000)
 Metaspace       used 60408K, committed 61312K, reserved 1105920K
  class space    used 6032K, committed 6464K, reserved 1048576K
}
Event: 170.517 GC heap after
{Heap after GC invocations=229 (full 109):
 PSYoungGen      total 45568K, used 26674K [0x00000000f5580000, 0x00000000fb200000, 0x0000000100000000)
  eden space 17920K, 100% used [0x00000000f5580000,0x00000000f6700000,0x00000000f6700000)
  from space 27648K, 31% used [0x00000000f6700000,0x00000000f6f8c8e8,0x00000000f8200000)
  to   space 37888K, 0% used [0x00000000f8d00000,0x00000000f8d00000,0x00000000fb200000)
 ParOldGen       total 349696K, used 349696K [0x00000000e0000000, 0x00000000f5580000, 0x00000000f5580000)
  object space 349696K, 100% used [0x00000000e0000000,0x00000000f5580000,0x00000000f5580000)
 Metaspace       used 60408K, committed 61312K, reserved 1105920K
  class space    used 6032K, committed 6464K, reserved 1048576K
}
Event: 170.517 GC heap before
{Heap before GC invocations=230 (full 110):
 PSYoungGen      total 45568K, used 26674K [0x00000000f5580000, 0x00000000fb200000, 0x0000000100000000)
  eden space 17920K, 100% used [0x00000000f5580000,0x00000000f6700000,0x00000000f6700000)
  from space 27648K, 31% used [0x00000000f6700000,0x00000000f6f8c8e8,0x00000000f8200000)
  to   space 37888K, 0% used [0x00000000f8d00000,0x00000000f8d00000,0x00000000fb200000)
 ParOldGen       total 349696K, used 349696K [0x00000000e0000000, 0x00000000f5580000, 0x00000000f5580000)
  object space 349696K, 100% used [0x00000000e0000000,0x00000000f5580000,0x00000000f5580000)
 Metaspace       used 60408K, committed 61312K, reserved 1105920K
  class space    used 6032K, committed 6464K, reserved 1048576K
}
Event: 171.491 GC heap after
{Heap after GC invocations=230 (full 110):
 PSYoungGen      total 45568K, used 26674K [0x00000000f5580000, 0x00000000fb200000, 0x0000000100000000)
  eden space 17920K, 100% used [0x00000000f5580000,0x00000000f6700000,0x00000000f6700000)
  from space 27648K, 31% used [0x00000000f6700000,0x00000000f6f8c8e8,0x00000000f8200000)
  to   space 37888K, 0% used [0x00000000f8d00000,0x00000000f8d00000,0x00000000fb200000)
 ParOldGen       total 349696K, used 349696K [0x00000000e0000000, 0x00000000f5580000, 0x00000000f5580000)
  object space 349696K, 100% used [0x00000000e0000000,0x00000000f5580000,0x00000000f5580000)
 Metaspace       used 60408K, committed 61312K, reserved 1105920K
  class space    used 6032K, committed 6464K, reserved 1048576K
}

Dll operation events (9 events):
Event: 0.002 Loaded shared library /nix/store/gpxl5qgg8kicmcvivwmybwjlpf7wh20l-graalvm17-ce-22.3.0/lib/libjava.so
Event: 0.007 Loaded shared library /nix/store/gpxl5qgg8kicmcvivwmybwjlpf7wh20l-graalvm17-ce-22.3.0/lib/libjsvml.so
Event: 0.185 Loaded shared library /nix/store/gpxl5qgg8kicmcvivwmybwjlpf7wh20l-graalvm17-ce-22.3.0/lib/libjvmcicompiler.so
Event: 0.187 Loaded shared library /nix/store/gpxl5qgg8kicmcvivwmybwjlpf7wh20l-graalvm17-ce-22.3.0/lib/libnio.so
Event: 0.191 Loaded shared library /nix/store/gpxl5qgg8kicmcvivwmybwjlpf7wh20l-graalvm17-ce-22.3.0/lib/libzip.so
Event: 0.576 Loaded shared library /nix/store/gpxl5qgg8kicmcvivwmybwjlpf7wh20l-graalvm17-ce-22.3.0/lib/libjimage.so
Event: 0.986 Loaded shared library /nix/store/gpxl5qgg8kicmcvivwmybwjlpf7wh20l-graalvm17-ce-22.3.0/lib/libnet.so
Event: 3.785 Loaded shared library /home/runner/.cache/jdt-language-server/config/org.eclipse.equinox.launcher/org.eclipse.equinox.launcher.gtk.linux.x86_64_1.2.400.v20211117-0650/eclipse_11600.so
Event: 10.688 Loaded shared library /nix/store/gpxl5qgg8kicmcvivwmybwjlpf7wh20l-graalvm17-ce-22.3.0/lib/libextnet.so

Deoptimization events (20 events):
Event: 85.291 Thread 0x00007f1d28018bd0 DEOPT PACKING pc=0x00007f1d9bb822b8 sp=0x00007f1d981fe110
Event: 85.291 Thread 0x00007f1d28018bd0 DEOPT UNPACKING pc=0x00007f1d9b505325 sp=0x00007f1d981fd5c8 mode 0
Event: 85.294 Thread 0x00007f1d28018bd0 DEOPT PACKING pc=0x00007f1d9bb822b8 sp=0x00007f1d981fe400
Event: 85.294 Thread 0x00007f1d28018bd0 DEOPT UNPACKING pc=0x00007f1d9b505325 sp=0x00007f1d981fd8b8 mode 0
Event: 85.296 Thread 0x00007f1d28018bd0 DEOPT PACKING pc=0x00007f1d9bb822b8 sp=0x00007f1d981fe030
Event: 85.296 Thread 0x00007f1d28018bd0 DEOPT UNPACKING pc=0x00007f1d9b505325 sp=0x00007f1d981fd4e8 mode 0
Event: 85.297 Thread 0x00007f1d28018bd0 DEOPT PACKING pc=0x00007f1d9bb822b8 sp=0x00007f1d981fe110
Event: 85.297 Thread 0x00007f1d28018bd0 DEOPT UNPACKING pc=0x00007f1d9b505325 sp=0x00007f1d981fd5c8 mode 0
Event: 160.007 Thread 0x00007f1d34000ff0 Uncommon trap: trap_request=0xffffff8f fr.pc=0x00007f1da2faaece relative=0x000000000000066e
Event: 160.007 Thread 0x00007f1d34000ff0 Uncommon trap: reason=constraint action=none pc=0x00007f1da2faaece method=java.util.HashMap.resize()[Ljava/util/HashMap$Node; @ 131 jvmci
Event: 160.007 Thread 0x00007f1d34000ff0 DEOPT PACKING pc=0x00007f1da2faaece sp=0x00007f1d5fdfe470
Event: 160.007 Thread 0x00007f1d34000ff0 DEOPT UNPACKING pc=0x00007f1d9b505325 sp=0x00007f1d5fdfd8c8 mode 3
Event: 161.824 Thread 0x00007f1d34000ff0 DEOPT PACKING pc=0x00007f1da316e57c sp=0x00007f1d5fdfe4b0
Event: 161.824 Thread 0x00007f1d34000ff0 DEOPT UNPACKING pc=0x00007f1d9b505325 sp=0x00007f1d5fdfd950 mode 1
Event: 161.824 Thread 0x00007f1d34000ff0 DEOPT PACKING pc=0x00007f1da2fd8644 sp=0x00007f1d5fdfe530
Event: 161.824 Thread 0x00007f1d34000ff0 DEOPT UNPACKING pc=0x00007f1d9b505325 sp=0x00007f1d5fdfda18 mode 1
Event: 164.621 Thread 0x00007f1d28018bd0 Uncommon trap: trap_request=0xffffff8f fr.pc=0x00007f1da313e7c1 relative=0x0000000000001201
Event: 164.621 Thread 0x00007f1d28018bd0 Uncommon trap: reason=constraint action=none pc=0x00007f1da313e7c1 method=org.eclipse.jdt.internal.core.index.DiskIndex.copyQueryResults(Lorg/eclipse/jdt/internal/compiler/util/HashtableOfObject;I)V @ 123 jvmci
Event: 164.621 Thread 0x00007f1d28018bd0 DEOPT PACKING pc=0x00007f1da313e7c1 sp=0x00007f1d981fe370
Event: 164.621 Thread 0x00007f1d28018bd0 DEOPT UNPACKING pc=0x00007f1d9b505325 sp=0x00007f1d981fd850 mode 3

Classes unloaded (20 events):
Event: 62.523 Thread 0x00007f1db40a1c10 Unloading class 0x0000000800d9f000 'java/lang/invoke/LambdaForm$MH+0x0000000800d9f000'
Event: 62.523 Thread 0x00007f1db40a1c10 Unloading class 0x0000000800d9ec00 'java/lang/invoke/LambdaForm$MH+0x0000000800d9ec00'
Event: 62.523 Thread 0x00007f1db40a1c10 Unloading class 0x0000000800d9e800 'java/lang/invoke/LambdaForm$MH+0x0000000800d9e800'
Event: 62.523 Thread 0x00007f1db40a1c10 Unloading class 0x0000000800d9e400 'java/lang/invoke/LambdaForm$MH+0x0000000800d9e400'
Event: 62.523 Thread 0x00007f1db40a1c10 Unloading class 0x0000000800d9e000 'jdk/internal/reflect/GeneratedConstructorAccessor3'
Event: 62.523 Thread 0x00007f1db40a1c10 Unloading class 0x0000000800d06800 'java/lang/invoke/LambdaForm$MH+0x0000000800d06800'
Event: 62.523 Thread 0x00007f1db40a1c10 Unloading class 0x0000000800d06000 'java/lang/invoke/LambdaForm$MH+0x0000000800d06000'
Event: 62.523 Thread 0x00007f1db40a1c10 Unloading class 0x0000000800d05c00 'java/lang/invoke/LambdaForm$MH+0x0000000800d05c00'
Event: 62.523 Thread 0x00007f1db40a1c10 Unloading class 0x0000000800d05800 'java/lang/invoke/LambdaForm$MH+0x0000000800d05800'
Event: 62.523 Thread 0x00007f1db40a1c10 Unloading class 0x0000000800d05000 'java/lang/invoke/LambdaForm$MH+0x0000000800d05000'
Event: 62.523 Thread 0x00007f1db40a1c10 Unloading class 0x0000000800d04c00 'java/lang/invoke/LambdaForm$MH+0x0000000800d04c00'
Event: 62.523 Thread 0x00007f1db40a1c10 Unloading class 0x0000000800d04800 'java/lang/invoke/LambdaForm$MH+0x0000000800d04800'
Event: 62.523 Thread 0x00007f1db40a1c10 Unloading class 0x0000000800d04000 'java/lang/invoke/LambdaForm$MH+0x0000000800d04000'
Event: 62.523 Thread 0x00007f1db40a1c10 Unloading class 0x0000000800c1d000 'jdk/internal/reflect/GeneratedMethodAccessor5'
Event: 62.523 Thread 0x00007f1db40a1c10 Unloading class 0x0000000800c1cc00 'jdk/internal/reflect/GeneratedMethodAccessor4'
Event: 62.523 Thread 0x00007f1db40a1c10 Unloading class 0x0000000800c1c800 'jdk/internal/reflect/GeneratedMethodAccessor3'
Event: 62.523 Thread 0x00007f1db40a1c10 Unloading class 0x0000000800c1c400 'jdk/internal/reflect/GeneratedMethodAccessor2'
Event: 62.523 Thread 0x00007f1db40a1c10 Unloading class 0x0000000800c1c000 'jdk/internal/reflect/GeneratedMethodAccessor1'
Event: 62.523 Thread 0x00007f1db40a1c10 Unloading class 0x0000000800c01c00 'java/lang/invoke/LambdaForm$DMH+0x0000000800c01c00'
Event: 107.296 Thread 0x00007f1db40a1c10 Unloading class 0x0000000801114800 'jdk/internal/reflect/GeneratedConstructorAccessor41'

Classes redefined (0 events):
No events

Internal exceptions (20 events):
Event: 39.489 Thread 0x00007f1d24162420 Exception <a 'java/lang/NoSuchMethodError'{0x00000000f5b4c568}: 'java.lang.Object java.lang.invoke.DirectMethodHandle$Holder.newInvokeSpecial(java.lang.Object, int, java.lang.Object, java.lang.Object, java.lang.Object)'> (0x00000000f5b4c568) 
thrown [src/hotspot/share/interpreter/linkResolver.cpp, line 758]
Event: 39.798 Thread 0x00007f1d241640f0 Exception <a 'java/lang/NoSuchMethodError'{0x00000000f55a39e8}: 'java.lang.Object java.lang.invoke.DirectMethodHandle$Holder.newInvokeSpecial(java.lang.Object, java.lang.Object, int, java.lang.Object, java.lang.Object, java.lang.Object, java.lang.Object)'> (0x00000000f55a39e8) 
thrown [src/hotspot/share/interpreter/linkResolver.cpp, line 758]
Event: 39.886 Thread 0x00007f1d24162420 Exception <a 'java/lang/NoSuchMethodError'{0x00000000f5a7cfd8}: 'void java.lang.invoke.DirectMethodHandle$Holder.invokeSpecial(java.lang.Object, java.lang.Object, int)'> (0x00000000f5a7cfd8) 
thrown [src/hotspot/share/interpreter/linkResolver.cpp, line 758]
Event: 40.777 Thread 0x00007f1d24162420 Exception <a 'java/lang/NoSuchMethodError'{0x00000000f64747c0}: 'int java.lang.invoke.DirectMethodHandle$Holder.invokeSpecialIFC(java.lang.Object, java.lang.Object, java.lang.Object, java.lang.Object)'> (0x00000000f64747c0) 
thrown [src/hotspot/share/interpreter/linkResolver.cpp, line 758]
Event: 67.696 Thread 0x00007f1d484825a0 Exception <a 'java/lang/OutOfMemoryError'{0x00000000e00053f0}> (0x00000000e00053f0) 
thrown [src/hotspot/share/gc/shared/memAllocator.cpp, line 138]
Event: 67.696 Thread 0x00007f1d484825a0 Implicit null exception at 0x00007f1da31b0455 to 0x00007f1da31b063a
Event: 69.717 Thread 0x00007f1d484825a0 Exception <a 'java/lang/OutOfMemoryError'{0x00000000e00048b0}> (0x00000000e00048b0) 
thrown [src/hotspot/share/gc/shared/memAllocator.cpp, line 136]
Event: 69.720 Thread 0x00007f1d241631a0 Exception <a 'java/lang/NoSuchMethodError'{0x00000000f6ed6fe8}: 'void java.lang.invoke.DirectMethodHandle$Holder.invokeVirtual(java.lang.Object, java.lang.Object)'> (0x00000000f6ed6fe8) 
thrown [src/hotspot/share/interpreter/linkResolver.cpp, line 758]
Event: 70.290 Thread 0x00007f1d241631a0 Exception <a 'java/io/FileNotFoundException'{0x00000000f56fd468}> (0x00000000f56fd468) 
thrown [src/hotspot/share/prims/jni.cpp, line 516]
Event: 70.800 Thread 0x00007f1d28018bd0 Implicit null exception at 0x00007f1da31a37bb to 0x00007f1d9b504f68
Event: 71.082 Thread 0x00007f1d28018bd0 Implicit null exception at 0x00007f1da31caefc to 0x00007f1da31cbdf1
Event: 71.082 Thread 0x00007f1d28018bd0 Implicit null exception at 0x00007f1da31fae56 to 0x00007f1da31fcb2d
Event: 141.488 Thread 0x00007f1d34000ff0 Exception <a 'java/lang/OutOfMemoryError'{0x00000000e0004bd0}> (0x00000000e0004bd0) 
thrown [src/hotspot/share/gc/shared/memAllocator.cpp, line 136]
Event: 160.007 Thread 0x00007f1d34000ff0 Exception <a 'java/lang/OutOfMemoryError'{0x00000000e00048b0}> (0x00000000e00048b0) 
thrown [src/hotspot/share/gc/shared/memAllocator.cpp, line 138]
Event: 160.007 Thread 0x00007f1d34000ff0 Implicit null exception at 0x00007f1da2faad5e to 0x00007f1da2faaeb3
Event: 161.824 Thread 0x00007f1d34000ff0 Exception <a 'java/lang/OutOfMemoryError'{0x00000000e0004bd0}> (0x00000000e0004bd0) 
thrown [src/hotspot/share/gc/shared/memAllocator.cpp, line 136]
Event: 164.621 Thread 0x00007f1d28018bd0 Exception <a 'java/lang/OutOfMemoryError'{0x00000000e00048b0}> (0x00000000e00048b0) 
thrown [src/hotspot/share/gc/shared/memAllocator.cpp, line 138]
Event: 164.621 Thread 0x00007f1d28018bd0 Implicit null exception at 0x00007f1da313e1d3 to 0x00007f1da313e7a6
Event: 166.548 Thread 0x00007f1d34000ff0 Exception <a 'java/lang/OutOfMemoryError'{0x00000000e0004bd0}> (0x00000000e0004bd0) 
thrown [src/hotspot/share/gc/shared/memAllocator.cpp, line 136]
Event: 171.491 Thread 0x00007f1db40b21d0 Exception <a 'java/lang/OutOfMemoryError'{0x00000000e0004bd0}> (0x00000000e0004bd0) 
thrown [src/hotspot/share/gc/shared/memAllocator.cpp, line 136]

VM Operations (20 events):
Event: 157.107 Executing VM operation: ParallelGCFailedAllocation
Event: 158.108 Executing VM operation: ParallelGCFailedAllocation done
Event: 158.108 Executing VM operation: ParallelGCFailedAllocation
Event: 160.007 Executing VM operation: ParallelGCFailedAllocation done
Event: 160.008 Executing VM operation: ParallelGCFailedAllocation
Event: 161.824 Executing VM operation: ParallelGCFailedAllocation done
Event: 161.824 Executing VM operation: ParallelGCFailedAllocation
Event: 162.793 Executing VM operation: ParallelGCFailedAllocation done
Event: 162.794 Executing VM operation: ParallelGCFailedAllocation
Event: 164.621 Executing VM operation: ParallelGCFailedAllocation done
Event: 164.621 Executing VM operation: ParallelGCFailedAllocation
Event: 166.548 Executing VM operation: ParallelGCFailedAllocation done
Event: 166.548 Executing VM operation: ParallelGCFailedAllocation
Event: 167.622 Executing VM operation: ParallelGCFailedAllocation done
Event: 167.622 Executing VM operation: ParallelGCFailedAllocation
Event: 168.610 Executing VM operation: ParallelGCFailedAllocation done
Event: 168.610 Executing VM operation: ParallelGCFailedAllocation
Event: 169.530 Executing VM operation: ParallelGCFailedAllocation done
Event: 169.530 Executing VM operation: ParallelGCFailedAllocation
Event: 171.491 Executing VM operation: ParallelGCFailedAllocation done

Events (20 events):
Event: 52.721 Thread 0x00007f1db40b4b30 flushing nmethod 0x00007f1d9c8c0190
Event: 52.721 Thread 0x00007f1db40b4b30 flushing nmethod 0x00007f1d9c8cce10
Event: 52.722 Thread 0x00007f1db40b4b30 flushing nmethod 0x00007f1d9c91d310
Event: 52.722 Thread 0x00007f1db40b4b30 flushing nmethod 0x00007f1d9c931610
Event: 52.722 Thread 0x00007f1db40b4b30 flushing nmethod 0x00007f1d9c957b90
Event: 52.722 Thread 0x00007f1db40b4b30 flushing nmethod 0x00007f1d9c958b90
Event: 52.722 Thread 0x00007f1db40b4b30 flushing nmethod 0x00007f1d9c95ab90
Event: 52.723 Thread 0x00007f1db40b4b30 flushing nmethod 0x00007f1d9c967010
Event: 52.723 Thread 0x00007f1db40b4b30 flushing nmethod 0x00007f1d9c96d910
Event: 52.723 Thread 0x00007f1db40b4b30 flushing nmethod 0x00007f1d9c96e610
Event: 63.092 Thread 0x00007f1db42274c0 Thread exited: 0x00007f1db42274c0
Event: 69.720 Thread 0x00007f1d28018bd0 Thread added: 0x00007f1d28018bd0
Event: 69.720 Protecting memory [0x00007f1d98100000,0x00007f1d98104000] with protection modes 0
Event: 69.720 loading class java/lang/Throwable$WrappedPrintStream
Event: 69.720 loading class java/lang/Throwable$WrappedPrintStream done
Event: 69.720 Thread 0x00007f1d484825a0 Thread exited: 0x00007f1d484825a0
Event: 71.380 Thread 0x00007f1d241631a0 Thread exited: 0x00007f1d241631a0
Event: 88.502 Thread 0x00007f1d0400ccb0 Thread exited: 0x00007f1d0400ccb0
Event: 145.296 Thread 0x00007f1d3c0010d0 Thread exited: 0x00007f1d3c0010d0
Event: 146.302 Thread 0x00007f1d3c12dfd0 Thread exited: 0x00007f1d3c12dfd0


Dynamic libraries:
e0000000-f5580000 rw-p 00000000 00:00 0 
f5580000-fb200000 rw-p 00000000 00:00 0 
fb200000-100000000 ---p 00000000 00:00 0 
800000000-800449000 rw-p 00001000 00:f03 4611686019135357769             /nix/store/gpxl5qgg8kicmcvivwmybwjlpf7wh20l-graalvm17-ce-22.3.0/lib/server/classes.jsa
800449000-800bc8000 r--p 0044a000 00:f03 4611686019135357769             /nix/store/gpxl5qgg8kicmcvivwmybwjlpf7wh20l-graalvm17-ce-22.3.0/lib/server/classes.jsa
800bc8000-800c00000 ---p 00000000 00:00 0 
800c00000-800c20000 rw-p 00000000 00:00 0 
800c20000-800c40000 rw-p 00000000 00:00 0 
800c40000-800cc0000 rw-p 00000000 00:00 0 
800cc0000-800d00000 rw-p 00000000 00:00 0 
800d00000-800dc0000 rw-p 00000000 00:00 0 
800dc0000-800e00000 rw-p 00000000 00:00 0 
800e00000-800f40000 rw-p 00000000 00:00 0 
800f40000-800f80000 rw-p 00000000 00:00 0 
800f80000-800fe0000 rw-p 00000000 00:00 0 
800fe0000-801000000 rw-p 00000000 00:00 0 
801000000-8011f0000 rw-p 00000000 00:00 0 
8011f0000-801200000 ---p 00000000 00:00 0 
801200000-801260000 rw-p 00000000 00:00 0 
801260000-840c00000 ---p 00000000 00:00 0 
561aa1fee000-561aa1fef000 r-xp 00000000 00:f03 4611686019099417844       /nix/store/gpxl5qgg8kicmcvivwmybwjlpf7wh20l-graalvm17-ce-22.3.0/bin/.java-wrapped
561aa1ff0000-561aa1ff1000 r--p 00001000 00:f03 4611686019099417844       /nix/store/gpxl5qgg8kicmcvivwmybwjlpf7wh20l-graalvm17-ce-22.3.0/bin/.java-wrapped
561aa1ff1000-561aa1ff2000 rw-p 00002000 00:f03 4611686019099417844       /nix/store/gpxl5qgg8kicmcvivwmybwjlpf7wh20l-graalvm17-ce-22.3.0/bin/.java-wrapped
561aa1ff2000-561aa1ff3000 rw-p 00004000 00:f03 4611686019099417844       /nix/store/gpxl5qgg8kicmcvivwmybwjlpf7wh20l-graalvm17-ce-22.3.0/bin/.java-wrapped
561aa1ff3000-561aa1ff4000 rw-p 00005000 00:f03 4611686019099417844       /nix/store/gpxl5qgg8kicmcvivwmybwjlpf7wh20l-graalvm17-ce-22.3.0/bin/.java-wrapped
561aa3c98000-561aa3ce0000 rw-p 00000000 00:00 0                          [heap]
7f1ce4000000-7f1ce418b000 rw-p 00000000 00:00 0 
7f1ce418b000-7f1ce8000000 ---p 00000000 00:00 0 
7f1cec000000-7f1cec13d000 rw-p 00000000 00:00 0 
7f1cec13d000-7f1cf0000000 ---p 00000000 00:00 0 
7f1cf0000000-7f1cf00b6000 rw-p 00000000 00:00 0 
7f1cf00b6000-7f1cf4000000 ---p 00000000 00:00 0 
7f1cf4000000-7f1cf4021000 rw-p 00000000 00:00 0 
7f1cf4021000-7f1cf8000000 ---p 00000000 00:00 0 
7f1cf8000000-7f1cf8021000 rw-p 00000000 00:00 0 
7f1cf8021000-7f1cfc000000 ---p 00000000 00:00 0 
7f1cfc000000-7f1cfc021000 rw-p 00000000 00:00 0 
7f1cfc021000-7f1d00000000 ---p 00000000 00:00 0 
7f1d00000000-7f1d00021000 rw-p 00000000 00:00 0 
7f1d00021000-7f1d04000000 ---p 00000000 00:00 0 
7f1d04000000-7f1d04021000 rw-p 00000000 00:00 0 
7f1d04021000-7f1d08000000 ---p 00000000 00:00 0 
7f1d09a00000-7f1d09b00000 ---p 00000000 00:00 0 
7f1d09b00000-7f1d0a0af000 r--p 01122000 00:f03 4611686019135190040       /nix/store/gpxl5qgg8kicmcvivwmybwjlpf7wh20l-graalvm17-ce-22.3.0/lib/libjvmcicompiler.so
7f1d0a0af000-7f1d0a200000 r--p 00000000 00:00 0 
7f1d0a200000-7f1d0a23d000 rw-p 00000000 00:00 0 
7f1d0a23d000-7f1d0a75d000 rw-p 0185f000 00:f03 4611686019135190040       /nix/store/gpxl5qgg8kicmcvivwmybwjlpf7wh20l-graalvm17-ce-22.3.0/lib/libjvmcicompiler.so
7f1d0a75d000-7f1d0ab44000 r--p 01d7f000 00:f03 4611686019135190040       /nix/store/gpxl5qgg8kicmcvivwmybwjlpf7wh20l-graalvm17-ce-22.3.0/lib/libjvmcicompiler.so
7f1d0ac00000-7f1d0b1c0000 rw-p 00000000 00:00 0 
7f1d0b1c0000-7f1d0b400000 ---p 00000000 00:00 0 
7f1d0bc00000-7f1d0bf80000 rw-p 00000000 00:00 0 
7f1d0bf80000-7f1d0bfd0000 rw-p 00000000 00:00 0 
7f1d0bfd0000-7f1d0c000000 ---p 00000000 00:00 0 
7f1d0c000000-7f1d0c1a0000 rw-p 00000000 00:00 0 
7f1d0c1a0000-7f1d0c400000 rw-p 00000000 00:00 0 
7f1d0d4b3000-7f1d17000000 r--s 00000000 00:f03 4611686019135192581       /nix/store/gpxl5qgg8kicmcvivwmybwjlpf7wh20l-graalvm17-ce-22.3.0/lib/modules
7f1d17000000-7f1d17500000 rw-p 00000000 00:00 0 
7f1d17500000-7f1d17600000 rw-p 00000000 00:00 0 
7f1d17600000-7f1d17800000 rw-p 00000000 00:00 0 
7f1d17800000-7f1d178c0000 rw-p 00000000 00:00 0 
7f1d178c0000-7f1d17900000 rw-p 00000000 00:00 0 
7f1d17900000-7f1d17b00000 rw-p 00000000 00:00 0 
7f1d17b00000-7f1d17be0000 rw-p 00000000 00:00 0 
7f1d17be0000-7f1d17c00000 rw-p 00000000 00:00 0 
7f1d17c00000-7f1d17d00000 rw-p 00000000 00:00 0 
7f1d17d00000-7f1d17e00000 rw-p 00000000 00:00 0 
7f1d17e00000-7f1d18000000 rw-p 00000000 00:00 0 
7f1d18000000-7f1d18046000 rw-p 00000000 00:00 0 
7f1d18046000-7f1d1c000000 ---p 00000000 00:00 0 
7f1d1c000000-7f1d1c4f0000 rw-p 00000000 00:00 0 
7f1d1c4f0000-7f1d20000000 ---p 00000000 00:00 0 
7f1d20000000-7f1d20021000 rw-p 00000000 00:00 0 
7f1d20021000-7f1d24000000 ---p 00000000 00:00 0 
7f1d24000000-7f1d2417f000 rw-p 00000000 00:00 0 
7f1d2417f000-7f1d28000000 ---p 00000000 00:00 0 
7f1d28000000-7f1d2806b000 rw-p 00000000 00:00 0 
7f1d2806b000-7f1d2c000000 ---p 00000000 00:00 0 
7f1d2c000000-7f1d2c021000 rw-p 00000000 00:00 0 
7f1d2c021000-7f1d30000000 ---p 00000000 00:00 0 
7f1d30000000-7f1d30310000 rw-p 00000000 00:00 0 
7f1d30310000-7f1d34000000 ---p 00000000 00:00 0 
7f1d34000000-7f1d3402c000 rw-p 00000000 00:00 0 
7f1d3402c000-7f1d38000000 ---p 00000000 00:00 0 
7f1d38000000-7f1d38021000 rw-p 00000000 00:00 0 
7f1d38021000-7f1d3c000000 ---p 00000000 00:00 0 
7f1d3c000000-7f1d3c142000 rw-p 00000000 00:00 0 
7f1d3c142000-7f1d40000000 ---p 00000000 00:00 0 
7f1d40000000-7f1d40021000 rw-p 00000000 00:00 0 
7f1d40021000-7f1d44000000 ---p 00000000 00:00 0 
7f1d44000000-7f1d4405d000 rw-p 00000000 00:00 0 
7f1d4405d000-7f1d48000000 ---p 00000000 00:00 0 
7f1d48000000-7f1d488bb000 rw-p 00000000 00:00 0 
7f1d488bb000-7f1d4c000000 ---p 00000000 00:00 0 
7f1d4c000000-7f1d4c025000 rw-p 00000000 00:00 0 
7f1d4c025000-7f1d50000000 ---p 00000000 00:00 0 
7f1d50000000-7f1d50021000 rw-p 00000000 00:00 0 
7f1d50021000-7f1d54000000 ---p 00000000 00:00 0 
7f1d54000000-7f1d54021000 rw-p 00000000 00:00 0 
7f1d54021000-7f1d58000000 ---p 00000000 00:00 0 
7f1d58000000-7f1d58021000 rw-p 00000000 00:00 0 
7f1d58021000-7f1d5c000000 ---p 00000000 00:00 0 
7f1d5c400000-7f1d5c500000 rw-p 00000000 00:00 0 
7f1d5c500000-7f1d5c600000 rw-p 00000000 00:00 0 
7f1d5c600000-7f1d5cb00000 rw-p 00000000 00:00 0 
7f1d5cb00000-7f1d5cc00000 rw-p 00000000 00:00 0 
7f1d5cc00000-7f1d5cd00000 rw-p 00000000 00:00 0 
7f1d5cd00000-7f1d5ce00000 rw-p 00000000 00:00 0 
7f1d5ce00000-7f1d5d100000 rw-p 00000000 00:00 0 
7f1d5d100000-7f1d5d200000 rw-p 00000000 00:00 0 
7f1d5d200000-7f1d5d400000 rw-p 00000000 00:00 0 
7f1d5e200000-7f1d5e210000 r-xp 00000000 00:ea5 358                       /home/runner/.cache/jdt-language-server/config/org.eclipse.equinox.launcher/org.eclipse.equinox.launcher.gtk.linux.x86_64_1.2.400.v20211117-0650/eclipse_11600.so
7f1d5e210000-7f1d5e40f000 ---p 00010000 00:ea5 358                       /home/runner/.cache/jdt-language-server/config/org.eclipse.equinox.launcher/org.eclipse.equinox.launcher.gtk.linux.x86_64_1.2.400.v20211117-0650/eclipse_11600.so
7f1d5e40f000-7f1d5e410000 r--p 0000f000 00:ea5 358                       /home/runner/.cache/jdt-language-server/config/org.eclipse.equinox.launcher/org.eclipse.equinox.launcher.gtk.linux.x86_64_1.2.400.v20211117-0650/eclipse_11600.so
7f1d5e410000-7f1d5e411000 rw-p 00010000 00:ea5 358                       /home/runner/.cache/jdt-language-server/config/org.eclipse.equinox.launcher/org.eclipse.equinox.launcher.gtk.linux.x86_64_1.2.400.v20211117-0650/eclipse_11600.so
7f1d5f100000-7f1d5f104000 ---p 00000000 00:00 0 
7f1d5f104000-7f1d5f200000 rw-p 00000000 00:00 0 
7f1d5f300000-7f1d5f304000 ---p 00000000 00:00 0 
7f1d5f304000-7f1d5f400000 rw-p 00000000 00:00 0 
7f1d5f500000-7f1d5f504000 ---p 00000000 00:00 0 
7f1d5f504000-7f1d5f600000 rw-p 00000000 00:00 0 
7f1d5f700000-7f1d5f704000 ---p 00000000 00:00 0 
7f1d5f704000-7f1d5f800000 rw-p 00000000 00:00 0 
7f1d5f900000-7f1d5f904000 ---p 00000000 00:00 0 
7f1d5f904000-7f1d5fa00000 rw-p 00000000 00:00 0 
7f1d5fb00000-7f1d5fb04000 ---p 00000000 00:00 0 
7f1d5fb04000-7f1d5fc00000 rw-p 00000000 00:00 0 
7f1d5fd00000-7f1d5fd04000 ---p 00000000 00:00 0 
7f1d5fd04000-7f1d5fe00000 rw-p 00000000 00:00 0 
7f1d5ff00000-7f1d5ff04000 ---p 00000000 00:00 0 
7f1d5ff04000-7f1d60000000 rw-p 00000000 00:00 0 
7f1d60100000-7f1d60104000 ---p 00000000 00:00 0 
7f1d60104000-7f1d60200000 rw-p 00000000 00:00 0 
7f1d60300000-7f1d60304000 ---p 00000000 00:00 0 
7f1d60304000-7f1d60400000 rw-p 00000000 00:00 0 
7f1d60500000-7f1d60504000 ---p 00000000 00:00 0 
7f1d60504000-7f1d60600000 rw-p 00000000 00:00 0 
7f1d60700000-7f1d60704000 ---p 00000000 00:00 0 
7f1d60704000-7f1d60800000 rw-p 00000000 00:00 0 
7f1d60900000-7f1d60904000 ---p 00000000 00:00 0 
7f1d60904000-7f1d60a00000 rw-p 00000000 00:00 0 
7f1d61668000-7f1d61b00000 rw-p 00000000 00:00 0 
7f1d61c00000-7f1d63d6a000 r-xp 00000000 00:f03 4611686019135190040       /nix/store/gpxl5qgg8kicmcvivwmybwjlpf7wh20l-graalvm17-ce-22.3.0/lib/libjvmcicompiler.so
7f1d63d6a000-7f1d63f69000 ---p 0216a000 00:f03 4611686019135190040       /nix/store/gpxl5qgg8kicmcvivwmybwjlpf7wh20l-graalvm17-ce-22.3.0/lib/libjvmcicompiler.so
7f1d63f69000-7f1d63f6a000 r--p 02169000 00:f03 4611686019135190040       /nix/store/gpxl5qgg8kicmcvivwmybwjlpf7wh20l-graalvm17-ce-22.3.0/lib/libjvmcicompiler.so
7f1d63f6a000-7f1d63f6c000 rw-p 0216a000 00:f03 4611686019135190040       /nix/store/gpxl5qgg8kicmcvivwmybwjlpf7wh20l-graalvm17-ce-22.3.0/lib/libjvmcicompiler.so
7f1d63f6c000-7f1d63f6d000 rw-p 00000000 00:00 0 
7f1d63f6d000-7f1d63f72000 rw-p 023c3000 00:f03 4611686019135190040       /nix/store/gpxl5qgg8kicmcvivwmybwjlpf7wh20l-graalvm17-ce-22.3.0/lib/libjvmcicompiler.so
7f1d64000000-7f1d64021000 rw-p 00000000 00:00 0 
7f1d64021000-7f1d68000000 ---p 00000000 00:00 0 
7f1d68000000-7f1d68021000 rw-p 00000000 00:00 0 
7f1d68021000-7f1d6c000000 ---p 00000000 00:00 0 
7f1d6c000000-7f1d6c021000 rw-p 00000000 00:00 0 
7f1d6c021000-7f1d70000000 ---p 00000000 00:00 0 
7f1d70000000-7f1d70021000 rw-p 00000000 00:00 0 
7f1d70021000-7f1d74000000 ---p 00000000 00:00 0 
7f1d74000000-7f1d74118000 rw-p 00000000 00:00 0 
7f1d74118000-7f1d78000000 ---p 00000000 00:00 0 
7f1d78000000-7f1d78af4000 rw-p 00000000 00:00 0 
7f1d78af4000-7f1d7c000000 ---p 00000000 00:00 0 
7f1d7c000000-7f1d7c021000 rw-p 00000000 00:00 0 
7f1d7c021000-7f1d80000000 ---p 00000000 00:00 0 
7f1d80000000-7f1d80021000 rw-p 00000000 00:00 0 
7f1d80021000-7f1d84000000 ---p 00000000 00:00 0 
7f1d84000000-7f1d84021000 rw-p 00000000 00:00 0 
7f1d84021000-7f1d88000000 ---p 00000000 00:00 0 
7f1d88000000-7f1d88021000 rw-p 00000000 00:00 0 
7f1d88021000-7f1d8c000000 ---p 00000000 00:00 0 
7f1d8c000000-7f1d8c021000 rw-p 00000000 00:00 0 
7f1d8c021000-7f1d90000000 ---p 00000000 00:00 0 
7f1d90000000-7f1d90021000 rw-p 00000000 00:00 0 
7f1d90021000-7f1d94000000 ---p 00000000 00:00 0 
7f1d94000000-7f1d94069000 rw-p 00000000 00:00 0 
7f1d94069000-7f1d98000000 ---p 00000000 00:00 0 
7f1d98000000-7f1d98004000 ---p 00000000 00:00 0 
7f1d98004000-7f1d98100000 rw-p 00000000 00:00 0 
7f1d98100000-7f1d98104000 ---p 00000000 00:00 0 
7f1d98104000-7f1d98200000 rw-p 00000000 00:00 0 
7f1d98200000-7f1d98204000 ---p 00000000 00:00 0 
7f1d98204000-7f1d98300000 rw-p 00000000 00:00 0 
7f1d98400000-7f1d98404000 ---p 00000000 00:00 0 
7f1d98404000-7f1d98500000 rw-p 00000000 00:00 0 
7f1d98500000-7f1d98504000 ---p 00000000 00:00 0 
7f1d98504000-7f1d98600000 rw-p 00000000 00:00 0 
7f1d98600000-7f1d98604000 ---p 00000000 00:00 0 
7f1d98604000-7f1d98700000 rw-p 00000000 00:00 0 
7f1d98800000-7f1d98804000 ---p 00000000 00:00 0 
7f1d98804000-7f1d98900000 rw-p 00000000 00:00 0 
7f1d98a00000-7f1d98a04000 ---p 00000000 00:00 0 
7f1d98a04000-7f1d98b00000 rw-p 00000000 00:00 0 
7f1d98b00000-7f1d98b04000 ---p 00000000 00:00 0 
7f1d98b04000-7f1d98c00000 rw-p 00000000 00:00 0 
7f1d98c00000-7f1d98c04000 ---p 00000000 00:00 0 
7f1d98c04000-7f1d98d00000 rw-p 00000000 00:00 0 
7f1d98e00000-7f1d98e04000 ---p 00000000 00:00 0 
7f1d98e04000-7f1d98f00000 rw-p 00000000 00:00 0 
7f1d99018000-7f1d99019000 ---p 00000000 00:00 0 
7f1d99019000-7f1d9911a000 rw-p 00000000 00:00 0 
7f1d9911a000-7f1d9911e000 ---p 00000000 00:00 0 
7f1d9911e000-7f1d9921a000 rw-p 00000000 00:00 0 
7f1d9921a000-7f1d9921e000 ---p 00000000 00:00 0 
7f1d9921e000-7f1d9931a000 rw-p 00000000 00:00 0 
7f1d9931a000-7f1d9931e000 ---p 00000000 00:00 0 
7f1d9931e000-7f1d9941a000 rw-p 00000000 00:00 0 
7f1d9941a000-7f1d9941e000 ---p 00000000 00:00 0 
7f1d9941e000-7f1d9961a000 rw-p 00000000 00:00 0 
7f1d9961a000-7f1d9961e000 ---p 00000000 00:00 0 
7f1d9961e000-7f1d9981a000 rw-p 00000000 00:00 0 
7f1d9981a000-7f1d9981e000 ---p 00000000 00:00 0 
7f1d9981e000-7f1d9991a000 rw-p 00000000 00:00 0 
7f1d9991a000-7f1d99c00000 r--p 00000000 00:e59 28444448                  /usr/lib/locale/locale-archive
7f1d99c00000-7f1d9a000000 rw-p 00000000 00:00 0 
7f1d9a000000-7f1d9a300000 rw-p 00000000 00:00 0 
7f1d9a300000-7f1d9a400000 rw-p 00000000 00:00 0 
7f1d9a4b3000-7f1d9b4b3000 rw-p 00000000 00:00 0 
7f1d9b4b3000-7f1d9b723000 rwxp 00000000 00:00 0 
7f1d9b723000-7f1d9ba42000 ---p 00000000 00:00 0 
7f1d9ba42000-7f1d9c992000 rwxp 00000000 00:00 0 
7f1d9c992000-7f1da2f7a000 ---p 00000000 00:00 0 
7f1da2f7a000-7f1da321a000 rwxp 00000000 00:00 0 
7f1da321a000-7f1daa4b3000 ---p 00000000 00:00 0 
7f1daa4b3000-7f1db4000000 r--s 00000000 00:f03 4611686019135192581       /nix/store/gpxl5qgg8kicmcvivwmybwjlpf7wh20l-graalvm17-ce-22.3.0/lib/modules
7f1db4000000-7f1db4633000 rw-p 00000000 00:00 0 
7f1db4633000-7f1db8000000 ---p 00000000 00:00 0 
7f1db802b000-7f1db802d000 r-xp 00000000 00:f03 4611686019135190017       /nix/store/gpxl5qgg8kicmcvivwmybwjlpf7wh20l-graalvm17-ce-22.3.0/lib/libextnet.so
7f1db802d000-7f1db802e000 r--p 00001000 00:f03 4611686019135190017       /nix/store/gpxl5qgg8kicmcvivwmybwjlpf7wh20l-graalvm17-ce-22.3.0/lib/libextnet.so
7f1db802e000-7f1db802f000 rw-p 00002000 00:f03 4611686019135190017       /nix/store/gpxl5qgg8kicmcvivwmybwjlpf7wh20l-graalvm17-ce-22.3.0/lib/libextnet.so
7f1db802f000-7f1db8030000 rw-p 00004000 00:f03 4611686019135190017       /nix/store/gpxl5qgg8kicmcvivwmybwjlpf7wh20l-graalvm17-ce-22.3.0/lib/libextnet.so
7f1db8030000-7f1db8034000 ---p 00000000 00:00 0 
7f1db8034000-7f1db8052000 rw-p 00000000 00:00 0 
7f1db8052000-7f1db8059000 r-xp 00000000 00:f03 4611686019135192580       /nix/store/gpxl5qgg8kicmcvivwmybwjlpf7wh20l-graalvm17-ce-22.3.0/lib/libzip.so
7f1db8059000-7f1db805a000 ---p 00007000 00:f03 4611686019135192580       /nix/store/gpxl5qgg8kicmcvivwmybwjlpf7wh20l-graalvm17-ce-22.3.0/lib/libzip.so
7f1db805a000-7f1db805b000 r--p 00007000 00:f03 4611686019135192580       /nix/store/gpxl5qgg8kicmcvivwmybwjlpf7wh20l-graalvm17-ce-22.3.0/lib/libzip.so
7f1db805b000-7f1db805c000 rw-p 00008000 00:f03 4611686019135192580       /nix/store/gpxl5qgg8kicmcvivwmybwjlpf7wh20l-graalvm17-ce-22.3.0/lib/libzip.so
7f1db805c000-7f1db805e000 rw-p 0000b000 00:f03 4611686019135192580       /nix/store/gpxl5qgg8kicmcvivwmybwjlpf7wh20l-graalvm17-ce-22.3.0/lib/libzip.so
7f1db805e000-7f1db8073000 r-xp 00000000 00:f03 4611686019135192570       /nix/store/gpxl5qgg8kicmcvivwmybwjlpf7wh20l-graalvm17-ce-22.3.0/lib/libnet.so
7f1db8073000-7f1db8074000 ---p 00015000 00:f03 4611686019135192570       /nix/store/gpxl5qgg8kicmcvivwmybwjlpf7wh20l-graalvm17-ce-22.3.0/lib/libnet.so
7f1db8074000-7f1db8075000 r--p 00015000 00:f03 4611686019135192570       /nix/store/gpxl5qgg8kicmcvivwmybwjlpf7wh20l-graalvm17-ce-22.3.0/lib/libnet.so
7f1db8075000-7f1db8076000 rw-p 00016000 00:f03 4611686019135192570       /nix/store/gpxl5qgg8kicmcvivwmybwjlpf7wh20l-graalvm17-ce-22.3.0/lib/libnet.so
7f1db8076000-7f1db8079000 rw-p 0001b000 00:f03 4611686019135192570       /nix/store/gpxl5qgg8kicmcvivwmybwjlpf7wh20l-graalvm17-ce-22.3.0/lib/libnet.so
7f1db8079000-7f1db808c000 r-xp 00000000 00:f03 4611686019135192571       /nix/store/gpxl5qgg8kicmcvivwmybwjlpf7wh20l-graalvm17-ce-22.3.0/lib/libnio.so
7f1db808c000-7f1db808d000 r--p 00012000 00:f03 4611686019135192571       /nix/store/gpxl5qgg8kicmcvivwmybwjlpf7wh20l-graalvm17-ce-22.3.0/lib/libnio.so
7f1db808d000-7f1db808e000 rw-p 00013000 00:f03 4611686019135192571       /nix/store/gpxl5qgg8kicmcvivwmybwjlpf7wh20l-graalvm17-ce-22.3.0/lib/libnio.so
7f1db808e000-7f1db8093000 rw-p 00019000 00:f03 4611686019135192571       /nix/store/gpxl5qgg8kicmcvivwmybwjlpf7wh20l-graalvm17-ce-22.3.0/lib/libnio.so
7f1db8093000-7f1db8097000 ---p 00000000 00:00 0 
7f1db8097000-7f1db8193000 rw-p 00000000 00:00 0 
7f1db8193000-7f1db8197000 ---p 00000000 00:00 0 
7f1db8197000-7f1db8293000 rw-p 00000000 00:00 0 
7f1db8293000-7f1db8297000 ---p 00000000 00:00 0 
7f1db8297000-7f1db8393000 rw-p 00000000 00:00 0 
7f1db8393000-7f1db8397000 ---p 00000000 00:00 0 
7f1db8397000-7f1db8493000 rw-p 00000000 00:00 0 
7f1db8493000-7f1db8494000 ---p 00000000 00:00 0 
7f1db8494000-7f1db8595000 rw-p 00000000 00:00 0 
7f1db8595000-7f1db8663000 r-xp 00000000 00:f03 4611686019135190036       /nix/store/gpxl5qgg8kicmcvivwmybwjlpf7wh20l-graalvm17-ce-22.3.0/lib/libjsvml.so
7f1db8663000-7f1db8664000 r--p 000cd000 00:f03 4611686019135190036       /nix/store/gpxl5qgg8kicmcvivwmybwjlpf7wh20l-graalvm17-ce-22.3.0/lib/libjsvml.so
7f1db8664000-7f1db8665000 rw-p 000ce000 00:f03 4611686019135190036       /nix/store/gpxl5qgg8kicmcvivwmybwjlpf7wh20l-graalvm17-ce-22.3.0/lib/libjsvml.so
7f1db8665000-7f1db8f3d000 rw-p 00000000 00:00 0 
7f1db8f3d000-7f1db8f3e000 ---p 00000000 00:00 0 
7f1db8f3e000-7f1db90e9000 rw-p 00000000 00:00 0 
7f1db90e9000-7f1db9118000 rw-p 00000000 00:00 0 
7f1db9118000-7f1db913f000 ---p 00000000 00:00 0 
7f1db913f000-7f1db9146000 rw-p 00000000 00:00 0 
7f1db9146000-7f1db922b000 ---p 00000000 00:00 0 
7f1db922b000-7f1db924a000 rw-p 00000000 00:00 0 
7f1db924a000-7f1db9316000 ---p 00000000 00:00 0 
7f1db9316000-7f1db931b000 rw-p 00000000 00:00 0 
7f1db931b000-7f1db9322000 ---p 00000000 00:00 0 
7f1db9322000-7f1db9346000 r-xp 00000000 00:f03 4611686019135190028       /nix/store/gpxl5qgg8kicmcvivwmybwjlpf7wh20l-graalvm17-ce-22.3.0/lib/libjava.so
7f1db9346000-7f1db9347000 ---p 00024000 00:f03 4611686019135190028       /nix/store/gpxl5qgg8kicmcvivwmybwjlpf7wh20l-graalvm17-ce-22.3.0/lib/libjava.so
7f1db9347000-7f1db9348000 r--p 00024000 00:f03 4611686019135190028       /nix/store/gpxl5qgg8kicmcvivwmybwjlpf7wh20l-graalvm17-ce-22.3.0/lib/libjava.so
7f1db9348000-7f1db9349000 rw-p 00025000 00:f03 4611686019135190028       /nix/store/gpxl5qgg8kicmcvivwmybwjlpf7wh20l-graalvm17-ce-22.3.0/lib/libjava.so
7f1db9349000-7f1db934a000 rw-p 00000000 00:00 0 
7f1db934a000-7f1db9351000 rw-p 0002f000 00:f03 4611686019135190028       /nix/store/gpxl5qgg8kicmcvivwmybwjlpf7wh20l-graalvm17-ce-22.3.0/lib/libjava.so
7f1db9351000-7f1db9359000 rw-s 00000000 00:e52 355                       /tmp/hsperfdata_runner/21
7f1db9359000-7f1db935a000 ---p 00000000 00:00 0 
7f1db935a000-7f1db935b000 r--p 00000000 00:00 0 
7f1db935b000-7f1db935c000 rwxp 00000000 00:00 0 
7f1db935c000-7f1db9377000 r-xp 00000000 00:f03 4611686019135190032       /nix/store/gpxl5qgg8kicmcvivwmybwjlpf7wh20l-graalvm17-ce-22.3.0/lib/libjimage.so
7f1db9377000-7f1db9378000 ---p 0001b000 00:f03 4611686019135190032       /nix/store/gpxl5qgg8kicmcvivwmybwjlpf7wh20l-graalvm17-ce-22.3.0/lib/libjimage.so
7f1db9378000-7f1db937a000 r--p 0001b000 00:f03 4611686019135190032       /nix/store/gpxl5qgg8kicmcvivwmybwjlpf7wh20l-graalvm17-ce-22.3.0/lib/libjimage.so
7f1db937a000-7f1db937b000 rw-p 0001d000 00:f03 4611686019135190032       /nix/store/gpxl5qgg8kicmcvivwmybwjlpf7wh20l-graalvm17-ce-22.3.0/lib/libjimage.so
7f1db937b000-7f1db937c000 rw-p 00024000 00:f03 4611686019135190032       /nix/store/gpxl5qgg8kicmcvivwmybwjlpf7wh20l-graalvm17-ce-22.3.0/lib/libjimage.so
7f1db937c000-7f1db9380000 ---p 00000000 00:00 0 
7f1db9380000-7f1db947c000 rw-p 00000000 00:00 0 
7f1db947c000-7f1db948a000 r--p 00000000 00:f03 4611686019027979927       /nix/store/4nlgxhb09sdr51nc9hdm8az5b08vzkgx-glibc-2.35-163/lib/libm.so.6
7f1db948a000-7f1db94fd000 r-xp 0000e000 00:f03 4611686019027979927       /nix/store/4nlgxhb09sdr51nc9hdm8az5b08vzkgx-glibc-2.35-163/lib/libm.so.6
7f1db94fd000-7f1db955a000 r--p 00081000 00:f03 4611686019027979927       /nix/store/4nlgxhb09sdr51nc9hdm8az5b08vzkgx-glibc-2.35-163/lib/libm.so.6
7f1db955a000-7f1db955b000 r--p 000dd000 00:f03 4611686019027979927       /nix/store/4nlgxhb09sdr51nc9hdm8az5b08vzkgx-glibc-2.35-163/lib/libm.so.6
7f1db955b000-7f1db955c000 rw-p 000de000 00:f03 4611686019027979927       /nix/store/4nlgxhb09sdr51nc9hdm8az5b08vzkgx-glibc-2.35-163/lib/libm.so.6
7f1db955c000-7f1db955d000 r--p 00000000 00:f03 4611686019027979946       /nix/store/4nlgxhb09sdr51nc9hdm8az5b08vzkgx-glibc-2.35-163/lib/librt.so.1
7f1db955d000-7f1db955e000 r-xp 00001000 00:f03 4611686019027979946       /nix/store/4nlgxhb09sdr51nc9hdm8az5b08vzkgx-glibc-2.35-163/lib/librt.so.1
7f1db955e000-7f1db955f000 r--p 00002000 00:f03 4611686019027979946       /nix/store/4nlgxhb09sdr51nc9hdm8az5b08vzkgx-glibc-2.35-163/lib/librt.so.1
7f1db955f000-7f1db9560000 r--p 00002000 00:f03 4611686019027979946       /nix/store/4nlgxhb09sdr51nc9hdm8az5b08vzkgx-glibc-2.35-163/lib/librt.so.1
7f1db9560000-7f1db9561000 rw-p 00003000 00:f03 4611686019027979946       /nix/store/4nlgxhb09sdr51nc9hdm8az5b08vzkgx-glibc-2.35-163/lib/librt.so.1
7f1db9561000-7f1dba674000 r-xp 00000000 00:f03 4611686019135360866       /nix/store/gpxl5qgg8kicmcvivwmybwjlpf7wh20l-graalvm17-ce-22.3.0/lib/server/libjvm.so
7f1dba674000-7f1dba675000 ---p 01113000 00:f03 4611686019135360866       /nix/store/gpxl5qgg8kicmcvivwmybwjlpf7wh20l-graalvm17-ce-22.3.0/lib/server/libjvm.so
7f1dba675000-7f1dba72a000 r--p 01113000 00:f03 4611686019135360866       /nix/store/gpxl5qgg8kicmcvivwmybwjlpf7wh20l-graalvm17-ce-22.3.0/lib/server/libjvm.so
7f1dba72a000-7f1dba75e000 rw-p 011c8000 00:f03 4611686019135360866       /nix/store/gpxl5qgg8kicmcvivwmybwjlpf7wh20l-graalvm17-ce-22.3.0/lib/server/libjvm.so
7f1dba75e000-7f1dba7ba000 rw-p 00000000 00:00 0 
7f1dba7ba000-7f1dba7e2000 r--p 00000000 00:f03 4611686019027979918       /nix/store/4nlgxhb09sdr51nc9hdm8az5b08vzkgx-glibc-2.35-163/lib/libc.so.6
7f1dba7e2000-7f1dba958000 r-xp 00028000 00:f03 4611686019027979918       /nix/store/4nlgxhb09sdr51nc9hdm8az5b08vzkgx-glibc-2.35-163/lib/libc.so.6
7f1dba958000-7f1dba9b0000 r--p 0019e000 00:f03 4611686019027979918       /nix/store/4nlgxhb09sdr51nc9hdm8az5b08vzkgx-glibc-2.35-163/lib/libc.so.6
7f1dba9b0000-7f1dba9b4000 r--p 001f6000 00:f03 4611686019027979918       /nix/store/4nlgxhb09sdr51nc9hdm8az5b08vzkgx-glibc-2.35-163/lib/libc.so.6
7f1dba9b4000-7f1dba9b6000 rw-p 001fa000 00:f03 4611686019027979918       /nix/store/4nlgxhb09sdr51nc9hdm8az5b08vzkgx-glibc-2.35-163/lib/libc.so.6
7f1dba9b6000-7f1dba9c5000 rw-p 00000000 00:00 0 
7f1dba9c5000-7f1dba9c6000 r--p 00000000 00:f03 4611686019027979923       /nix/store/4nlgxhb09sdr51nc9hdm8az5b08vzkgx-glibc-2.35-163/lib/libdl.so.2
7f1dba9c6000-7f1dba9c7000 r-xp 00001000 00:f03 4611686019027979923       /nix/store/4nlgxhb09sdr51nc9hdm8az5b08vzkgx-glibc-2.35-163/lib/libdl.so.2
7f1dba9c7000-7f1dba9c8000 r--p 00002000 00:f03 4611686019027979923       /nix/store/4nlgxhb09sdr51nc9hdm8az5b08vzkgx-glibc-2.35-163/lib/libdl.so.2
7f1dba9c8000-7f1dba9c9000 r--p 00002000 00:f03 4611686019027979923       /nix/store/4nlgxhb09sdr51nc9hdm8az5b08vzkgx-glibc-2.35-163/lib/libdl.so.2
7f1dba9c9000-7f1dba9ca000 rw-p 00003000 00:f03 4611686019027979923       /nix/store/4nlgxhb09sdr51nc9hdm8az5b08vzkgx-glibc-2.35-163/lib/libdl.so.2
7f1dba9ca000-7f1dba9cb000 r--p 00000000 00:f03 4611686019027979942       /nix/store/4nlgxhb09sdr51nc9hdm8az5b08vzkgx-glibc-2.35-163/lib/libpthread.so.0
7f1dba9cb000-7f1dba9cc000 r-xp 00001000 00:f03 4611686019027979942       /nix/store/4nlgxhb09sdr51nc9hdm8az5b08vzkgx-glibc-2.35-163/lib/libpthread.so.0
7f1dba9cc000-7f1dba9cd000 r--p 00002000 00:f03 4611686019027979942       /nix/store/4nlgxhb09sdr51nc9hdm8az5b08vzkgx-glibc-2.35-163/lib/libpthread.so.0
7f1dba9cd000-7f1dba9ce000 r--p 00002000 00:f03 4611686019027979942       /nix/store/4nlgxhb09sdr51nc9hdm8az5b08vzkgx-glibc-2.35-163/lib/libpthread.so.0
7f1dba9ce000-7f1dba9cf000 rw-p 00003000 00:f03 4611686019027979942       /nix/store/4nlgxhb09sdr51nc9hdm8az5b08vzkgx-glibc-2.35-163/lib/libpthread.so.0
7f1dba9cf000-7f1dba9dd000 r-xp 00000000 00:f03 4611686019135190033       /nix/store/gpxl5qgg8kicmcvivwmybwjlpf7wh20l-graalvm17-ce-22.3.0/lib/libjli.so
7f1dba9dd000-7f1dba9de000 ---p 0000e000 00:f03 4611686019135190033       /nix/store/gpxl5qgg8kicmcvivwmybwjlpf7wh20l-graalvm17-ce-22.3.0/lib/libjli.so
7f1dba9de000-7f1dba9df000 r--p 0000e000 00:f03 4611686019135190033       /nix/store/gpxl5qgg8kicmcvivwmybwjlpf7wh20l-graalvm17-ce-22.3.0/lib/libjli.so
7f1dba9df000-7f1dba9e0000 rw-p 0000f000 00:f03 4611686019135190033       /nix/store/gpxl5qgg8kicmcvivwmybwjlpf7wh20l-graalvm17-ce-22.3.0/lib/libjli.so
7f1dba9e0000-7f1dba9e1000 rw-p 00012000 00:f03 4611686019135190033       /nix/store/gpxl5qgg8kicmcvivwmybwjlpf7wh20l-graalvm17-ce-22.3.0/lib/libjli.so
7f1dba9e1000-7f1dba9e4000 r--p 00000000 00:f03 4611686019106210071       /nix/store/026hln0aq1hyshaxsdvhg0kmcm6yf45r-zlib-1.2.13/lib/libz.so.1.2.13
7f1dba9e4000-7f1dba9f6000 r-xp 00003000 00:f03 4611686019106210071       /nix/store/026hln0aq1hyshaxsdvhg0kmcm6yf45r-zlib-1.2.13/lib/libz.so.1.2.13
7f1dba9f6000-7f1dba9fd000 r--p 00015000 00:f03 4611686019106210071       /nix/store/026hln0aq1hyshaxsdvhg0kmcm6yf45r-zlib-1.2.13/lib/libz.so.1.2.13
7f1dba9fd000-7f1dba9fe000 r--p 0001b000 00:f03 4611686019106210071       /nix/store/026hln0aq1hyshaxsdvhg0kmcm6yf45r-zlib-1.2.13/lib/libz.so.1.2.13
7f1dba9fe000-7f1dba9ff000 rw-p 0001c000 00:f03 4611686019106210071       /nix/store/026hln0aq1hyshaxsdvhg0kmcm6yf45r-zlib-1.2.13/lib/libz.so.1.2.13
7f1dba9ff000-7f1dbaa01000 rw-p 00000000 00:00 0 
7f1dbaa01000-7f1dbaa03000 r--p 00000000 00:f03 4611686019027979912       /nix/store/4nlgxhb09sdr51nc9hdm8az5b08vzkgx-glibc-2.35-163/lib/ld-linux-x86-64.so.2
7f1dbaa03000-7f1dbaa2a000 r-xp 00002000 00:f03 4611686019027979912       /nix/store/4nlgxhb09sdr51nc9hdm8az5b08vzkgx-glibc-2.35-163/lib/ld-linux-x86-64.so.2
7f1dbaa2a000-7f1dbaa36000 r--p 00029000 00:f03 4611686019027979912       /nix/store/4nlgxhb09sdr51nc9hdm8az5b08vzkgx-glibc-2.35-163/lib/ld-linux-x86-64.so.2
7f1dbaa36000-7f1dbaa38000 r--p 00034000 00:f03 4611686019027979912       /nix/store/4nlgxhb09sdr51nc9hdm8az5b08vzkgx-glibc-2.35-163/lib/ld-linux-x86-64.so.2
7f1dbaa38000-7f1dbaa3a000 rw-p 00036000 00:f03 4611686019027979912       /nix/store/4nlgxhb09sdr51nc9hdm8az5b08vzkgx-glibc-2.35-163/lib/ld-linux-x86-64.so.2
7fff6a563000-7fff6a587000 rw-p 00000000 00:00 0                          [stack]
7fff6a5a1000-7fff6a5a5000 r--p 00000000 00:00 0                          [vvar]
7fff6a5a5000-7fff6a5a7000 r-xp 00000000 00:00 0                          [vdso]
ffffffffff600000-ffffffffff601000 --xp 00000000 00:00 0                  [vsyscall]


VM Arguments:
jvm_args: -XX:ThreadPriorityPolicy=1 -XX:+UnlockExperimentalVMOptions -XX:+EnableJVMCIProduct -XX:JVMCIThreadsPerNativeLibraryRuntime=1 -XX:-UnlockExperimentalVMOptions -Declipse.application=org.eclipse.jdt.ls.core.id1 -Dosgi.bundles.defaultStartLevel=4 -Declipse.product=org.eclipse.jdt.ls.core.product -Dlog.level=ALL -Xverify:none -XX:+UseParallelGC -XX:GCTimeRatio=4 -XX:AdaptiveSizePolicyWeight=90 -Dsun.zip.disableMemoryMapping=true -Xmx512m -Xms100m 
java_command: /nix/store/m6gcpi1ii6rghy04cjwjddcavv7i90df-jdt-language-server-1.9.0/share/java/plugins/org.eclipse.equinox.launcher_1.6.400.v20210924-0641.jar --add-modules=ALL-SYSTEM --add-opens java.base/java.util=ALL-UNNAMED --add-opens java.base/java.lang=ALL-UNNAMED -configuration /home/runner/.cache/jdt-language-server/config -data /home/runner/.cache/jdt-language-server/data/home/runner/tictactoe
java_class_path (initial): /nix/store/m6gcpi1ii6rghy04cjwjddcavv7i90df-jdt-language-server-1.9.0/share/java/plugins/org.eclipse.equinox.launcher_1.6.400.v20210924-0641.jar
Launcher Type: SUN_STANDARD

[Global flags]
    uintx AdaptiveSizePolicyWeight                 = 90                                        {product} {command line}
     intx CICompilerCount                          = 2                                         {product} {ergonomic}
     bool EnableJVMCIProduct                       = true                                {JVMCI product} {jimage}
    uintx GCTimeRatio                              = 4                                         {product} {command line}
   size_t InitialHeapSize                          = 104857600                                 {product} {command line}
     uint JVMCIThreadsPerNativeLibraryRuntime      = 1                                   {JVMCI product} {jimage}
   size_t MaxHeapSize                              = 536870912                                 {product} {command line}
   size_t MaxNewSize                               = 178782208                                 {product} {ergonomic}
   size_t MinHeapDeltaBytes                        = 524288                                    {product} {ergonomic}
   size_t MinHeapSize                              = 104857600                                 {product} {command line}
   size_t NewSize                                  = 34603008                                  {product} {ergonomic}
    uintx NonNMethodCodeHeapSize                   = 5826188                                {pd product} {ergonomic}
    uintx NonProfiledCodeHeapSize                  = 122916026                              {pd product} {ergonomic}
   size_t OldSize                                  = 70254592                                  {product} {ergonomic}
    uintx ProfiledCodeHeapSize                     = 122916026                              {pd product} {ergonomic}
    uintx ReservedCodeCacheSize                    = 251658240                              {pd product} {ergonomic}
     bool SegmentedCodeCache                       = true                                      {product} {ergonomic}
   size_t SoftMaxHeapSize                          = 536870912                              {manageable} {ergonomic}
     intx ThreadPriorityPolicy                     = 1                                         {product} {jimage}
     bool UseCompressedClassPointers               = true                           {product lp64_product} {ergonomic}
     bool UseCompressedOops                        = true                           {product lp64_product} {ergonomic}
     bool UseParallelGC                            = true                                      {product} {command line}

Logging:
Log output configuration:
 #0: stdout all=warning uptime,level,tags
 #1: stderr all=off uptime,level,tags

Environment Variables:
JAVA_HOME=/nix/store/gpxl5qgg8kicmcvivwmybwjlpf7wh20l-graalvm17-ce-22.3.0
PATH=/nix/store/1d6ian3r8kdzspw8hacjhl3xkp40g1lj-binutils-wrapper-2.39/bin:/nix/store/dq0xwmsk1g0i2ayg6pb7y87na2knzylh-gcc-wrapper-11.3.0/bin:/nix/store/bap4d0lpcrhpwmpb8ayjcgkmvfj62lnq-bash-interactive-5.1-p16/bin:/nix/store/pr5n59mb4jzmfx6kanwxly0l07p861fg-patchelf-0.15.0/bin:/nix/store/1gf2flfqnpqbr1b4p4qz2f72y42bs56r-gcc-11.3.0/bin:/nix/store/57xv61c5zi8pphjbcwxxjlgc34p61ic9-glibc-2.35-163-bin/bin:/nix/store/a7gvj343m05j2s32xcnwr35v31ynlypr-coreutils-9.1/bin:/nix/store/039g378vc3pc3dvi9dzdlrd0i4q93qwf-binutils-2.39/bin:/nix/store/gpxl5qgg8kicmcvivwmybwjlpf7wh20l-graalvm17-ce-22.3.0/bin:/nix/store/6z9ag3ihc8mq2hzsw48lhbznvzny65nz-apache-maven-3.8.6/bin:/nix/store/m6gcpi1ii6rghy04cjwjddcavv7i90df-jdt-language-server-1.9.0/bin:/nix/store/84xs5alhs01zrbr4ywm05kxbjbp5590l-java-debug/bin:/nix/store/mydc6f4k2z73xlcz7ilif3v2lcaiqvza-findutils-4.9.0/bin:/nix/store/j9p3g8472iijd50vhdprx0nmk2fqn5gv-diffutils-3.8/bin:/nix/store/89zs7rms6x00xfq4dq6m7mjnhkr8a6r4-gnused-4.8/bin:/nix/store/86bp03jkmsl6f92w0yzg4s59g5mhxwmy-gnugrep-3.7/bin:/nix/store/hwcdqw4jrjnd37wxqgsd47hd0j8bnj09-gawk-5.1.1/bin:/nix/store/cfbhw8r8ags41vwqaz47r583d0p4h4a1-gnutar-1.34/bin:/nix/store/p3m1ndl1lapwrlh698bnb5lvvxh67378-gzip-1.12/bin:/nix/store/a8mhcagrsly7c7mpjrpsnaahk4aax056-bzip2-1.0.8-bin/bin:/nix/store/mblgz65m3zv9x548a3d5m96fj2pbwr09-gnumake-4.3/bin:/nix/store/dsd5gz46hdbdk2rfdimqddhq6m8m8fqs-bash-5.1-p16/bin:/nix/store/v7ljksji50mg3w61dykaa3n3y79n6nil-patch-2.7.6/bin:/nix/store/zlcnmqq14jz5x9439jf937mvayyl63da-xz-5.2.7-bin/bin:/nix/store/y6aj732zm9m87c82fpvf103a1xb22blp-file-5.43/bin:/nix/store/i4kzir3m7mrisxmf5xvlnkw01x4qaqr4-prybar-elisp-0.0.0-e0d9a52/bin:/nix/store/lwwivxf6h7x3cvxp9zv8sj0mv7dak99r-prybar-lua-0.0.0-e0d9a52/bin:/nix/store/gxj28g1cg4hq3qanmjv07156h800qr58-prybar-python3-0.0.0-e0d9a52/bin:/nix/store/hshkjnxrgidigf8x75vg6lqng2xlx9i3-prybar-sqlite-0.0.0-e0d9a52/bin:/nix/store/c4w01bpjgyy5ixmwdk8m1pw87zq4sl26-prybar-tcl-0.0.0-e0d9a52/bin:/nix/store/hpbvrlwd5viqmvcaisb3x0118i913a9n-st
LD_LIBRARY_PATH=/nix/store/a4pff549sk2idnkpzk5nsfps3mdkdnvm-cups-2.4.2-lib/lib:/nix/store/72mqxxhh3cy5yifh92wh2yb8cl2hikyy-cairo-1.16.0/lib:/nix/store/2k366jrbsra97gjfxwvrhvixjfxdach5-glib-2.74.1/lib:/nix/store/2j2znigd8ak37rlwh9khz0ry3clqlw1l-gtk+3-3.24.34/lib:/nix/store/hisqvx32cd57apbpcsnkpx6k3549wql1-libglvnd-1.4.0/lib:/nix/store/p36pgcv991mq5srvg765b78yqpxvk3qs-mesa-21.3.3-drivers/lib:/nix/store/mav4251if1ahjq5vkpwycyyvnmy459c4-pulseaudio-14.2/lib
DISPLAY=:0
LANG=en_US.UTF-8

Signal Handlers:
   SIGSEGV: crash_handler in libjvm.so, mask=11100100010111111101111111111110, flags=SA_RESTART|SA_SIGINFO
    SIGBUS: crash_handler in libjvm.so, mask=11100100010111111101111111111110, flags=SA_RESTART|SA_SIGINFO
    SIGFPE: crash_handler in libjvm.so, mask=11100100010111111101111111111110, flags=SA_RESTART|SA_SIGINFO
   SIGPIPE: IsolateEnterStub_IgnoreSIGPIPEStartupHook_noopSignalHandler_8f19bff2f35b5f630d83b364d6b2339320d4ec70_216e8361c6bc87a8f89f58cc10d3b2fd4415bf87 in libjvmcicompiler.so, mask=00000000000000000000000000000000, flags=SA_RESTART
  *** Handler was modified!
  *** Expected: javaSignalHandler in libjvm.so, mask=11100100110111111111111111111110, flags=SA_RESTART|SA_SIGINFO
   SIGXFSZ: javaSignalHandler in libjvm.so, mask=11100100010111111101111111111110, flags=SA_RESTART|SA_SIGINFO
    SIGILL: crash_handler in libjvm.so, mask=11100100010111111101111111111110, flags=SA_RESTART|SA_SIGINFO
   SIGUSR2: SR_handler in libjvm.so, mask=00000000000000000000000000000000, flags=SA_RESTART|SA_SIGINFO
    SIGHUP: UserHandler in libjvm.so, mask=11100100010111111101111111111110, flags=SA_RESTART|SA_SIGINFO
    SIGINT: UserHandler in libjvm.so, mask=11100100010111111101111111111110, flags=SA_RESTART|SA_SIGINFO
   SIGTERM: UserHandler in libjvm.so, mask=11100100010111111101111111111110, flags=SA_RESTART|SA_SIGINFO
   SIGQUIT: UserHandler in libjvm.so, mask=11100100010111111101111111111110, flags=SA_RESTART|SA_SIGINFO
  *** Handler was modified!
  *** Expected: javaSignalHandler in libjvm.so, mask=11100100110111111111111111111110, flags=SA_RESTART|SA_SIGINFO
   SIGTRAP: crash_handler in libjvm.so, mask=11100100010111111101111111111110, flags=SA_RESTART|SA_SIGINFO


---------------  S Y S T E M  ---------------

OS:
DISTRIB_ID=Ubuntu
DISTRIB_RELEASE=20.04
DISTRIB_CODENAME=focal
DISTRIB_DESCRIPTION="Ubuntu 20.04.2 LTS"
uname: Linux 5.19.0-1027-gcp #29~22.04.1-Ubuntu SMP Thu Jun 22 05:13:17 UTC 2023 x86_64
OS uptime: 0 days 1:50 hours
libc: glibc 2.35 NPTL 2.35 
rlimit (soft/hard): STACK 8192k/infinity , CORE infinity/infinity , NPROC infinity/infinity , NOFILE 5242/5242 , AS infinity/infinity , CPU infinity/infinity , DATA infinity/infinity , FSIZE infinity/infinity , MEMLOCK 8192k/8192k
load average: 6.69 6.88 6.22

/proc/meminfo:
MemTotal:       65839956 kB
MemFree:        21446540 kB
MemAvailable:   45037668 kB
Buffers:         1923936 kB
Cached:         20920716 kB
SwapCached:            0 kB
Active:          8221132 kB
Inactive:       33606740 kB
Active(anon):       9864 kB
Inactive(anon): 18763056 kB
Active(file):    8211268 kB
Inactive(file): 14843684 kB
Unevictable:       28160 kB
Mlocked:           28160 kB
SwapTotal:             0 kB
SwapFree:              0 kB
Zswap:                 0 kB
Zswapped:              0 kB
Dirty:              4308 kB
Writeback:             0 kB
AnonPages:      18657572 kB
Mapped:          1695872 kB
Shmem:             16544 kB
KReclaimable:    1262664 kB
Slab:            1841148 kB
SReclaimable:    1262664 kB
SUnreclaim:       578484 kB
KernelStack:      164764 kB
PageTables:       178284 kB
NFS_Unstable:          0 kB
Bounce:                0 kB
WritebackTmp:          0 kB
CommitLimit:    32919976 kB
Committed_AS:   68980072 kB
VmallocTotal:   34359738367 kB
VmallocUsed:      199544 kB
VmallocChunk:          0 kB
Percpu:            31744 kB
HardwareCorrupted:     0 kB
AnonHugePages:   2977792 kB
ShmemHugePages:        0 kB
ShmemPmdMapped:        0 kB
FileHugePages:         0 kB
FilePmdMapped:         0 kB
HugePages_Total:       0
HugePages_Free:        0
HugePages_Rsvd:        0
HugePages_Surp:        0
Hugepagesize:       2048 kB
Hugetlb:               0 kB
DirectMap4k:     2812728 kB
DirectMap2M:    41224192 kB
DirectMap1G:    25165824 kB

/sys/kernel/mm/transparent_hugepage/enabled: always [madvise] never
/sys/kernel/mm/transparent_hugepage/defrag (defrag/compaction efforts parameter): always defer defer+madvise [madvise] never

Process Memory:
Virtual Size: 4921980K (peak: 5193532K)
Resident Set Size: 767924K (peak: 1008016K) (anon: 570708K, file: 197216K, shmem: 0K)
Swapped out: 0K
C-Heap outstanding allocations: 44131K, retained: 15332K
glibc malloc tunables: (default)

/proc/sys/kernel/threads-max (system-wide limit on the number of threads): 514310
/proc/sys/vm/max_map_count (maximum number of memory map areas a process may have): 65530
/proc/sys/kernel/pid_max (system-wide limit on number of process identifiers): 4194304

container (cgroup) information:
container_type: cgroupv1
cpu_cpuset_cpus: 2-7
cpu_memory_nodes: 0
active_processor_count: 1
cpu_quota: 50000
cpu_period: 100000
cpu_shares: 512
memory_limit_in_bytes: 1048576 k
memory_and_swap_limit_in_bytes: 1048576 k
memory_soft_limit_in_bytes: 524288 k
memory_usage_in_bytes: 615096 k
memory_max_usage_in_bytes: 844032 k
maximum number of tasks: 1000
current number of tasks: 49

KVM virtualization detected
Steal ticks since vm start: 0
Steal ticks percentage since vm start:  0.000

CPU: total 8 (initial active 1) (8 cores per cpu, 2 threads per core) family 23 model 49 stepping 0 microcode 0xffffffff, cx8, cmov, fxsr, ht, mmx, 3dnowpref, sse, sse2, sse3, ssse3, sse4a, sse4.1, sse4.2, popcnt, lzcnt, tsc, tscinvbit, avx, avx2, aes, clmul, bmi1, bmi2, adx, sha, fma, vzeroupper, clflush, clflushopt, hv
CPU Model and flags from /proc/cpuinfo:
model name	: AMD EPYC 7B12
flags		: fpu vme de pse tsc msr pae mce cx8 apic sep mtrr pge mca cmov pat pse36 clflush mmx fxsr sse sse2 ht syscall nx mmxext fxsr_opt pdpe1gb rdtscp lm constant_tsc rep_good nopl nonstop_tsc cpuid extd_apicid tsc_known_freq pni pclmulqdq ssse3 fma cx16 sse4_1 sse4_2 movbe popcnt aes xsave avx f16c rdrand hypervisor lahf_lm cmp_legacy cr8_legacy abm sse4a misalignsse 3dnowprefetch osvw topoext ssbd ibrs ibpb stibp vmmcall fsgsbase tsc_adjust bmi1 avx2 smep bmi2 rdseed adx smap clflushopt clwb sha_ni xsaveopt xsavec xgetbv1 clzero xsaveerptr arat npt nrip_save umip rdpid

Online cpus: 0-7
Offline cpus: 
BIOS frequency limitation: <Not Available>
Frequency switch latency (ns): <Not Available>
Available cpu frequencies: <Not Available>
Current governor: <Not Available>
Core performance/turbo boost: <Not Available>

Memory: 4k page, physical 1048576k(433472k free), swap 0k(0k free)
Page Sizes: 4k

vm_info: OpenJDK 64-Bit Server VM (17.0.5+8-jvmci-22.3-b08) for linux-amd64 JRE (17.0.5+8-jvmci-22.3-b08), built on Oct 19 2022 09:01:27 by "buildslave" with gcc 10.3.0

END.
